#
# There is insufficient memory for the Java Runtime Environment to continue.
# Native memory allocation (malloc) failed to allocate 1099136 bytes for Chunk::new
# Possible reasons:
#   The system is out of physical RAM or swap space
#   The process is running with CompressedOops enabled, and the Java Heap may be blocking the growth of the native heap
# Possible solutions:
#   Reduce memory load on the system
#   Increase physical memory or swap space
#   Check if swap backing store is full
#   Decrease Java heap size (-Xmx/-Xms)
#   Decrease number of Java threads
#   Decrease Java thread stack sizes (-Xss)
#   Set larger code cache with -XX:ReservedCodeCacheSize=
#   JVM is running with Unscaled Compressed Oops mode in which the Java heap is
#     placed in the first 4GB address space. The Java Heap base address is the
#     maximum limit for the native heap growth. Please use -XX:HeapBaseMinAddress
#     to set the Java Heap base and to place the Java Heap above 4GB virtual address.
# This output file may be truncated or incomplete.
#
#  Out of Memory Error (./src/hotspot/share/memory/arena.cpp:197), pid=13820, tid=27216
#
# JRE version: OpenJDK Runtime Environment (11.0.12+7) (build 11.0.12+7-b1504.28-7817840)
# Java VM: OpenJDK 64-Bit Server VM (11.0.12+7-b1504.28-7817840, mixed mode, tiered, compressed oops, g1 gc, windows-amd64)
# No core dump will be written. Minidumps are not enabled by default on client versions of Windows
#

---------------  S U M M A R Y ------------

Command Line: --add-opens=java.base/java.util=ALL-UNNAMED --add-opens=java.base/java.lang=ALL-UNNAMED --add-opens=java.base/java.lang.invoke=ALL-UNNAMED --add-opens=java.base/java.util=ALL-UNNAMED --add-opens=java.prefs/java.util.prefs=ALL-UNNAMED --add-opens=java.prefs/java.util.prefs=ALL-UNNAMED --add-opens=java.base/java.nio.charset=ALL-UNNAMED --add-opens=java.base/java.net=ALL-UNNAMED --add-opens=java.base/java.util.concurrent.atomic=ALL-UNNAMED -Xmx2048m -Dfile.encoding=UTF-8 -Duser.country=US -Duser.language=en -Duser.variant org.gradle.launcher.daemon.bootstrap.GradleDaemon 7.3.3

Host: Intel(R) Core(TM) i7-6820HQ CPU @ 2.70GHz, 8 cores, 15G,  Windows 10 , 64 bit Build 22000 (10.0.22000.1516)
Time: Sun Apr 16 19:45:13 2023 Egypt Standard Time elapsed time: 7.090081 seconds (0d 0h 0m 7s)

---------------  T H R E A D  ---------------

Current thread (0x000001f97e553000):  JavaThread "C2 CompilerThread0" daemon [_thread_in_native, id=27216, stack(0x000000dfe9b00000,0x000000dfe9c00000)]


Current CompileTask:
C2:   7090 5593       4       org.objectweb.asm.SymbolTable::addConstantMemberReference (147 bytes)

Stack: [0x000000dfe9b00000,0x000000dfe9c00000]
Native frames: (J=compiled Java code, j=interpreted, Vv=VM code, C=native code)
V  [jvm.dll+0x5fbcea]
V  [jvm.dll+0x731905]
V  [jvm.dll+0x732f1d]
V  [jvm.dll+0x7335d3]
V  [jvm.dll+0x247bf8]
V  [jvm.dll+0xc018c]
V  [jvm.dll+0xc06cc]
V  [jvm.dll+0x2bcc04]
V  [jvm.dll+0x5113a8]
V  [jvm.dll+0x208303]
V  [jvm.dll+0x201fe0]
V  [jvm.dll+0x1ff71f]
V  [jvm.dll+0x18868c]
V  [jvm.dll+0x20e0d7]
V  [jvm.dll+0x20c901]
V  [jvm.dll+0x6f9b7f]
V  [jvm.dll+0x6f26a5]
V  [jvm.dll+0x5fabf6]
C  [ucrtbase.dll+0x26c0c]
C  [KERNEL32.DLL+0x155a0]
C  [ntdll.dll+0x485b]


---------------  P R O C E S S  ---------------

Threads class SMR info:
_java_thread_list=0x000001f903e5e760, length=123, elements={
0x000001f9637df800, 0x000001f97e4e8800, 0x000001f97e4f4800, 0x000001f97e54d800,
0x000001f97e54e800, 0x000001f97e551800, 0x000001f97e553000, 0x000001f97e554800,
0x000001f97e558800, 0x000001f97e6b1800, 0x000001f9008bd800, 0x000001f900f76000,
0x000001f901624000, 0x000001f90106e800, 0x000001f97e78b000, 0x000001f900bd9800,
0x000001f9027ac800, 0x000001f901c38000, 0x000001f90183c800, 0x000001f902022800,
0x000001f902023000, 0x000001f902020800, 0x000001f902024000, 0x000001f90201f000,
0x000001f902025800, 0x000001f902024800, 0x000001f902020000, 0x000001f902bee000,
0x000001f902bea000, 0x000001f902bef800, 0x000001f902bf1000, 0x000001f902bf2000,
0x000001f902bec000, 0x000001f902bf7800, 0x000001f902bf3800, 0x000001f902bf8800,
0x000001f902bf4800, 0x000001f902bf5000, 0x000001f902bf6000, 0x000001f902bf7000,
0x000001f900ce2800, 0x000001f900ce6800, 0x000001f900ce1800, 0x000001f900ce7800,
0x000001f900ce8000, 0x000001f900ce9000, 0x000001f900ce5000, 0x000001f900ce3000,
0x000001f900ce9800, 0x000001f900ce4000, 0x000001f900cea800, 0x000001f900ceb800,
0x000001f900ce5800, 0x000001f900cec000, 0x000001f900ced000, 0x000001f900cef800,
0x000001f900cee000, 0x000001f900cf0000, 0x000001f900cee800, 0x000001f9011e9000,
0x000001f9011e7800, 0x000001f9011eb000, 0x000001f9011ec800, 0x000001f9011eb800,
0x000001f9011ee000, 0x000001f9011ed800, 0x000001f9011ea000, 0x000001f9011e8800,
0x000001f9011f2000, 0x000001f9011ef800, 0x000001f9011f3000, 0x000001f9011ef000,
0x000001f9011f5800, 0x000001f9011f0800, 0x000001f9011f4800, 0x000001f9011f1800,
0x000001f9011f6800, 0x000001f9011f4000, 0x000001f902ce5000, 0x000001f902ce6000,
0x000001f902ce7000, 0x000001f902ce7800, 0x000001f902ce4800, 0x000001f902ce8800,
0x000001f902ce3000, 0x000001f902ce9800, 0x000001f902ce3800, 0x000001f902cee000,
0x000001f902cef000, 0x000001f902ced800, 0x000001f902cf0000, 0x000001f902cea000,
0x000001f902cec800, 0x000001f902ceb000, 0x000001f902ceb800, 0x000001f902cf0800,
0x000001f902cf1800, 0x000001f903e48800, 0x000001f903e4a000, 0x000001f903e49000,
0x000001f903e4f800, 0x000001f903e4b000, 0x000001f903e4d000, 0x000001f903e4c800,
0x000001f903e4b800, 0x000001f903e50800, 0x000001f903e53000, 0x000001f903e51800,
0x000001f903e54000, 0x000001f903e4f000, 0x000001f903e52000, 0x000001f903e4e000,
0x000001f903e56000, 0x000001f903e54800, 0x000001f903e55800, 0x000001f903e57000,
0x000001f906279000, 0x000001f906274000, 0x000001f906279800, 0x000001f906275800,
0x000001f906276800, 0x000001f906277000, 0x000001f906278000
}

Java Threads: ( => current thread )
  0x000001f9637df800 JavaThread "main" [_thread_blocked, id=28328, stack(0x000000dfe8f00000,0x000000dfe9000000)]
  0x000001f97e4e8800 JavaThread "Reference Handler" daemon [_thread_blocked, id=31344, stack(0x000000dfe9600000,0x000000dfe9700000)]
  0x000001f97e4f4800 JavaThread "Finalizer" daemon [_thread_blocked, id=1768, stack(0x000000dfe9700000,0x000000dfe9800000)]
  0x000001f97e54d800 JavaThread "Signal Dispatcher" daemon [_thread_blocked, id=18744, stack(0x000000dfe9800000,0x000000dfe9900000)]
  0x000001f97e54e800 JavaThread "Attach Listener" daemon [_thread_blocked, id=11964, stack(0x000000dfe9900000,0x000000dfe9a00000)]
  0x000001f97e551800 JavaThread "Service Thread" daemon [_thread_blocked, id=17260, stack(0x000000dfe9a00000,0x000000dfe9b00000)]
=>0x000001f97e553000 JavaThread "C2 CompilerThread0" daemon [_thread_in_native, id=27216, stack(0x000000dfe9b00000,0x000000dfe9c00000)]
  0x000001f97e554800 JavaThread "C1 CompilerThread0" daemon [_thread_blocked, id=12144, stack(0x000000dfe9c00000,0x000000dfe9d00000)]
  0x000001f97e558800 JavaThread "Sweeper thread" daemon [_thread_blocked, id=29424, stack(0x000000dfe9d00000,0x000000dfe9e00000)]
  0x000001f97e6b1800 JavaThread "Common-Cleaner" daemon [_thread_blocked, id=29924, stack(0x000000dfe9e00000,0x000000dfe9f00000)]
  0x000001f9008bd800 JavaThread "Daemon health stats" [_thread_blocked, id=22076, stack(0x000000dfea700000,0x000000dfea800000)]
  0x000001f900f76000 JavaThread "Incoming local TCP Connector on port 62223" [_thread_in_native, id=30208, stack(0x000000dfea000000,0x000000dfea100000)]
  0x000001f901624000 JavaThread "Daemon periodic checks" [_thread_blocked, id=18544, stack(0x000000dfea600000,0x000000dfea700000)]
  0x000001f90106e800 JavaThread "Daemon" [_thread_blocked, id=32408, stack(0x000000dfea800000,0x000000dfea900000)]
  0x000001f97e78b000 JavaThread "Handler for socket connection from /127.0.0.1:62223 to /127.0.0.1:62224" [_thread_in_native, id=33664, stack(0x000000dfea900000,0x000000dfeaa00000)]
  0x000001f900bd9800 JavaThread "Cancel handler" [_thread_blocked, id=1188, stack(0x000000dfeaa00000,0x000000dfeab00000)]
  0x000001f9027ac800 JavaThread "Daemon worker" [_thread_in_Java, id=16480, stack(0x000000dfeab00000,0x000000dfeac00000)]
  0x000001f901c38000 JavaThread "Asynchronous log dispatcher for DefaultDaemonConnection: socket connection from /127.0.0.1:62223 to /127.0.0.1:62224" [_thread_blocked, id=4064, stack(0x000000dfeac00000,0x000000dfead00000)]
  0x000001f90183c800 JavaThread "Stdin handler" [_thread_blocked, id=8928, stack(0x000000dfead00000,0x000000dfeae00000)]
  0x000001f902022800 JavaThread "Daemon client event forwarder" [_thread_blocked, id=31652, stack(0x000000dfeae00000,0x000000dfeaf00000)]
  0x000001f902023000 JavaThread "Cache worker for journal cache (C:\Users\Omaraldin\.gradle\caches\journal-1)" [_thread_blocked, id=25968, stack(0x000000dfeb000000,0x000000dfeb100000)]
  0x000001f902020800 JavaThread "File lock request listener" [_thread_in_native, id=24452, stack(0x000000dfeb100000,0x000000dfeb200000)]
  0x000001f902024000 JavaThread "Cache worker for file hash cache (C:\Users\Omaraldin\.gradle\caches\7.3.3\fileHashes)" [_thread_blocked, id=30028, stack(0x000000dfeb200000,0x000000dfeb300000)]
  0x000001f90201f000 JavaThread "Cache worker for file hash cache (D:\Projects\Android\Mindsoft\.gradle\7.3.3\fileHashes)" [_thread_blocked, id=29312, stack(0x000000dfeb600000,0x000000dfeb700000)]
  0x000001f902025800 JavaThread "File watcher server" daemon [_thread_in_native, id=29496, stack(0x000000dfeb700000,0x000000dfeb800000)]
  0x000001f902024800 JavaThread "File watcher consumer" daemon [_thread_blocked, id=12848, stack(0x000000dfeb800000,0x000000dfeb900000)]
  0x000001f902020000 JavaThread "Cache worker for checksums cache (D:\Projects\Android\Mindsoft\.gradle\7.3.3\checksums)" [_thread_blocked, id=30624, stack(0x000000dfeb900000,0x000000dfeba00000)]
  0x000001f902bee000 JavaThread "Cache worker for cache directory md-supplier (C:\Users\Omaraldin\.gradle\caches\7.3.3\md-supplier)" [_thread_blocked, id=25236, stack(0x000000dfeba00000,0x000000dfebb00000)]
  0x000001f902bea000 JavaThread "Cache worker for cache directory md-rule (C:\Users\Omaraldin\.gradle\caches\7.3.3\md-rule)" [_thread_blocked, id=30548, stack(0x000000dfebb00000,0x000000dfebc00000)]
  0x000001f902bef800 JavaThread "Cache worker for execution history cache (C:\Users\Omaraldin\.gradle\caches\7.3.3\executionHistory)" [_thread_blocked, id=26832, stack(0x000000dfebc00000,0x000000dfebd00000)]
  0x000001f902bf1000 JavaThread "jar transforms" [_thread_blocked, id=31404, stack(0x000000dfebe00000,0x000000dfebf00000)]
  0x000001f902bf2000 JavaThread "jar transforms Thread 2" [_thread_blocked, id=412, stack(0x000000dfebf00000,0x000000dfec000000)]
  0x000001f902bec000 JavaThread "Cache worker for file content cache (C:\Users\Omaraldin\.gradle\caches\7.3.3\fileContent)" [_thread_blocked, id=26900, stack(0x000000dfec000000,0x000000dfec100000)]
  0x000001f902bf7800 JavaThread "Cache worker for dependencies-accessors (D:\Projects\Android\Mindsoft\.gradle\7.3.3\dependencies-accessors)" [_thread_blocked, id=17572, stack(0x000000dfec100000,0x000000dfec200000)]
  0x000001f902bf3800 JavaThread "jar transforms Thread 3" [_thread_blocked, id=31460, stack(0x000000dfec200000,0x000000dfec300000)]
  0x000001f902bf8800 JavaThread "Cache worker for Build Output Cleanup Cache (D:\Projects\Android\Mindsoft\.gradle\buildOutputCleanup)" [_thread_blocked, id=32388, stack(0x000000dfec300000,0x000000dfec400000)]
  0x000001f902bf4800 JavaThread "Unconstrained build operations" [_thread_blocked, id=23092, stack(0x000000dfec400000,0x000000dfec500000)]
  0x000001f902bf5000 JavaThread "Unconstrained build operations Thread 2" [_thread_blocked, id=14748, stack(0x000000dfec500000,0x000000dfec600000)]
  0x000001f902bf6000 JavaThread "Unconstrained build operations Thread 3" [_thread_blocked, id=30724, stack(0x000000dfec600000,0x000000dfec700000)]
  0x000001f902bf7000 JavaThread "Unconstrained build operations Thread 4" [_thread_blocked, id=23060, stack(0x000000dfec700000,0x000000dfec800000)]
  0x000001f900ce2800 JavaThread "Unconstrained build operations Thread 5" [_thread_blocked, id=30520, stack(0x000000dfec800000,0x000000dfec900000)]
  0x000001f900ce6800 JavaThread "Unconstrained build operations Thread 6" [_thread_blocked, id=4608, stack(0x000000dfec900000,0x000000dfeca00000)]
  0x000001f900ce1800 JavaThread "Unconstrained build operations Thread 7" [_thread_blocked, id=27976, stack(0x000000dfeca00000,0x000000dfecb00000)]
  0x000001f900ce7800 JavaThread "Unconstrained build operations Thread 8" [_thread_blocked, id=22756, stack(0x000000dfecb00000,0x000000dfecc00000)]
  0x000001f900ce8000 JavaThread "Unconstrained build operations Thread 9" [_thread_blocked, id=32016, stack(0x000000dfecc00000,0x000000dfecd00000)]
  0x000001f900ce9000 JavaThread "Unconstrained build operations Thread 10" [_thread_blocked, id=24196, stack(0x000000dfecd00000,0x000000dfece00000)]
  0x000001f900ce5000 JavaThread "Unconstrained build operations Thread 11" [_thread_blocked, id=10188, stack(0x000000dfece00000,0x000000dfecf00000)]
  0x000001f900ce3000 JavaThread "Unconstrained build operations Thread 12" [_thread_blocked, id=27644, stack(0x000000dfecf00000,0x000000dfed000000)]
  0x000001f900ce9800 JavaThread "Unconstrained build operations Thread 13" [_thread_blocked, id=17592, stack(0x000000dfed000000,0x000000dfed100000)]
  0x000001f900ce4000 JavaThread "Unconstrained build operations Thread 14" [_thread_blocked, id=19892, stack(0x000000dfed100000,0x000000dfed200000)]
  0x000001f900cea800 JavaThread "Unconstrained build operations Thread 15" [_thread_blocked, id=29300, stack(0x000000dfed200000,0x000000dfed300000)]
  0x000001f900ceb800 JavaThread "Unconstrained build operations Thread 16" [_thread_blocked, id=34192, stack(0x000000dfed300000,0x000000dfed400000)]
  0x000001f900ce5800 JavaThread "Unconstrained build operations Thread 17" [_thread_blocked, id=20016, stack(0x000000dfed400000,0x000000dfed500000)]
  0x000001f900cec000 JavaThread "Unconstrained build operations Thread 18" [_thread_blocked, id=24440, stack(0x000000dfed500000,0x000000dfed600000)]
  0x000001f900ced000 JavaThread "Unconstrained build operations Thread 19" [_thread_blocked, id=30728, stack(0x000000dfed600000,0x000000dfed700000)]
  0x000001f900cef800 JavaThread "Unconstrained build operations Thread 20" [_thread_blocked, id=11844, stack(0x000000dfed700000,0x000000dfed800000)]
  0x000001f900cee000 JavaThread "Unconstrained build operations Thread 21" [_thread_blocked, id=21604, stack(0x000000dfed800000,0x000000dfed900000)]
  0x000001f900cf0000 JavaThread "Unconstrained build operations Thread 22" [_thread_blocked, id=2948, stack(0x000000dfed900000,0x000000dfeda00000)]
  0x000001f900cee800 JavaThread "Unconstrained build operations Thread 23" [_thread_blocked, id=27236, stack(0x000000dfeda00000,0x000000dfedb00000)]
  0x000001f9011e9000 JavaThread "Unconstrained build operations Thread 24" [_thread_blocked, id=11420, stack(0x000000dfedb00000,0x000000dfedc00000)]
  0x000001f9011e7800 JavaThread "Unconstrained build operations Thread 25" [_thread_blocked, id=29056, stack(0x000000dfedc00000,0x000000dfedd00000)]
  0x000001f9011eb000 JavaThread "Unconstrained build operations Thread 26" [_thread_blocked, id=33112, stack(0x000000dfedd00000,0x000000dfede00000)]
  0x000001f9011ec800 JavaThread "Unconstrained build operations Thread 27" [_thread_blocked, id=29504, stack(0x000000dfede00000,0x000000dfedf00000)]
  0x000001f9011eb800 JavaThread "Unconstrained build operations Thread 28" [_thread_blocked, id=28204, stack(0x000000dfedf00000,0x000000dfee000000)]
  0x000001f9011ee000 JavaThread "Unconstrained build operations Thread 29" [_thread_blocked, id=10768, stack(0x000000dfee000000,0x000000dfee100000)]
  0x000001f9011ed800 JavaThread "Unconstrained build operations Thread 30" [_thread_blocked, id=33948, stack(0x000000dfee100000,0x000000dfee200000)]
  0x000001f9011ea000 JavaThread "Unconstrained build operations Thread 31" [_thread_blocked, id=24052, stack(0x000000dfee200000,0x000000dfee300000)]
  0x000001f9011e8800 JavaThread "Unconstrained build operations Thread 32" [_thread_blocked, id=10472, stack(0x000000dfee300000,0x000000dfee400000)]
  0x000001f9011f2000 JavaThread "Unconstrained build operations Thread 33" [_thread_blocked, id=400, stack(0x000000dfee400000,0x000000dfee500000)]
  0x000001f9011ef800 JavaThread "Unconstrained build operations Thread 34" [_thread_blocked, id=26176, stack(0x000000dfee500000,0x000000dfee600000)]
  0x000001f9011f3000 JavaThread "Unconstrained build operations Thread 35" [_thread_blocked, id=31480, stack(0x000000dfee600000,0x000000dfee700000)]
  0x000001f9011ef000 JavaThread "Unconstrained build operations Thread 36" [_thread_blocked, id=20880, stack(0x000000dfee700000,0x000000dfee800000)]
  0x000001f9011f5800 JavaThread "Unconstrained build operations Thread 37" [_thread_blocked, id=29660, stack(0x000000dfee800000,0x000000dfee900000)]
  0x000001f9011f0800 JavaThread "Unconstrained build operations Thread 38" [_thread_blocked, id=28004, stack(0x000000dfee900000,0x000000dfeea00000)]
  0x000001f9011f4800 JavaThread "Unconstrained build operations Thread 39" [_thread_blocked, id=22216, stack(0x000000dfeea00000,0x000000dfeeb00000)]
  0x000001f9011f1800 JavaThread "Unconstrained build operations Thread 40" [_thread_blocked, id=7200, stack(0x000000dfeeb00000,0x000000dfeec00000)]
  0x000001f9011f6800 JavaThread "Unconstrained build operations Thread 41" [_thread_blocked, id=11476, stack(0x000000dfeec00000,0x000000dfeed00000)]
  0x000001f9011f4000 JavaThread "Unconstrained build operations Thread 42" [_thread_blocked, id=23708, stack(0x000000dfeed00000,0x000000dfeee00000)]
  0x000001f902ce5000 JavaThread "Unconstrained build operations Thread 43" [_thread_blocked, id=34468, stack(0x000000dfeee00000,0x000000dfeef00000)]
  0x000001f902ce6000 JavaThread "Unconstrained build operations Thread 44" [_thread_blocked, id=30808, stack(0x000000dfeef00000,0x000000dfef000000)]
  0x000001f902ce7000 JavaThread "Unconstrained build operations Thread 45" [_thread_blocked, id=13744, stack(0x000000dfef000000,0x000000dfef100000)]
  0x000001f902ce7800 JavaThread "Unconstrained build operations Thread 46" [_thread_blocked, id=2588, stack(0x000000dfef100000,0x000000dfef200000)]
  0x000001f902ce4800 JavaThread "Unconstrained build operations Thread 47" [_thread_blocked, id=14516, stack(0x000000dfef200000,0x000000dfef300000)]
  0x000001f902ce8800 JavaThread "Unconstrained build operations Thread 48" [_thread_blocked, id=23752, stack(0x000000dfef300000,0x000000dfef400000)]
  0x000001f902ce3000 JavaThread "Unconstrained build operations Thread 49" [_thread_blocked, id=32468, stack(0x000000dfef400000,0x000000dfef500000)]
  0x000001f902ce9800 JavaThread "Unconstrained build operations Thread 50" [_thread_blocked, id=6428, stack(0x000000dfef500000,0x000000dfef600000)]
  0x000001f902ce3800 JavaThread "Unconstrained build operations Thread 51" [_thread_blocked, id=1392, stack(0x000000dfef600000,0x000000dfef700000)]
  0x000001f902cee000 JavaThread "Unconstrained build operations Thread 52" [_thread_blocked, id=17704, stack(0x000000dfef700000,0x000000dfef800000)]
  0x000001f902cef000 JavaThread "Unconstrained build operations Thread 53" [_thread_blocked, id=8064, stack(0x000000dfef800000,0x000000dfef900000)]
  0x000001f902ced800 JavaThread "Unconstrained build operations Thread 54" [_thread_blocked, id=14468, stack(0x000000dfef900000,0x000000dfefa00000)]
  0x000001f902cf0000 JavaThread "Unconstrained build operations Thread 55" [_thread_blocked, id=28852, stack(0x000000dfefa00000,0x000000dfefb00000)]
  0x000001f902cea000 JavaThread "Unconstrained build operations Thread 56" [_thread_blocked, id=19792, stack(0x000000dfefb00000,0x000000dfefc00000)]
  0x000001f902cec800 JavaThread "Unconstrained build operations Thread 57" [_thread_blocked, id=31208, stack(0x000000dfefc00000,0x000000dfefd00000)]
  0x000001f902ceb000 JavaThread "Unconstrained build operations Thread 58" [_thread_blocked, id=27484, stack(0x000000dfefd00000,0x000000dfefe00000)]
  0x000001f902ceb800 JavaThread "Unconstrained build operations Thread 59" [_thread_blocked, id=23564, stack(0x000000dfefe00000,0x000000dfeff00000)]
  0x000001f902cf0800 JavaThread "Unconstrained build operations Thread 60" [_thread_blocked, id=22220, stack(0x000000dfeff00000,0x000000dff0000000)]
  0x000001f902cf1800 JavaThread "Unconstrained build operations Thread 61" [_thread_blocked, id=33048, stack(0x000000dff0000000,0x000000dff0100000)]
  0x000001f903e48800 JavaThread "Unconstrained build operations Thread 62" [_thread_blocked, id=5532, stack(0x000000dff0100000,0x000000dff0200000)]
  0x000001f903e4a000 JavaThread "Unconstrained build operations Thread 63" [_thread_blocked, id=22184, stack(0x000000dff0200000,0x000000dff0300000)]
  0x000001f903e49000 JavaThread "Unconstrained build operations Thread 64" [_thread_blocked, id=22128, stack(0x000000dff0300000,0x000000dff0400000)]
  0x000001f903e4f800 JavaThread "Unconstrained build operations Thread 65" [_thread_blocked, id=11592, stack(0x000000dff0400000,0x000000dff0500000)]
  0x000001f903e4b000 JavaThread "Unconstrained build operations Thread 66" [_thread_blocked, id=17848, stack(0x000000dff0500000,0x000000dff0600000)]
  0x000001f903e4d000 JavaThread "Unconstrained build operations Thread 67" [_thread_blocked, id=21872, stack(0x000000dff0600000,0x000000dff0700000)]
  0x000001f903e4c800 JavaThread "Unconstrained build operations Thread 68" [_thread_blocked, id=29040, stack(0x000000dff0700000,0x000000dff0800000)]
  0x000001f903e4b800 JavaThread "Unconstrained build operations Thread 69" [_thread_blocked, id=15112, stack(0x000000dff0800000,0x000000dff0900000)]
  0x000001f903e50800 JavaThread "Unconstrained build operations Thread 70" [_thread_blocked, id=29608, stack(0x000000dff0900000,0x000000dff0a00000)]
  0x000001f903e53000 JavaThread "Unconstrained build operations Thread 71" [_thread_blocked, id=34744, stack(0x000000dff0a00000,0x000000dff0b00000)]
  0x000001f903e51800 JavaThread "Unconstrained build operations Thread 72" [_thread_blocked, id=7920, stack(0x000000dff0b00000,0x000000dff0c00000)]
  0x000001f903e54000 JavaThread "Unconstrained build operations Thread 73" [_thread_blocked, id=11788, stack(0x000000dff0c00000,0x000000dff0d00000)]
  0x000001f903e4f000 JavaThread "Unconstrained build operations Thread 74" [_thread_blocked, id=16468, stack(0x000000dff0d00000,0x000000dff0e00000)]
  0x000001f903e52000 JavaThread "Unconstrained build operations Thread 75" [_thread_blocked, id=12508, stack(0x000000dff0e00000,0x000000dff0f00000)]
  0x000001f903e4e000 JavaThread "Unconstrained build operations Thread 76" [_thread_blocked, id=29016, stack(0x000000dff0f00000,0x000000dff1000000)]
  0x000001f903e56000 JavaThread "Unconstrained build operations Thread 77" [_thread_blocked, id=28964, stack(0x000000dff1000000,0x000000dff1100000)]
  0x000001f903e54800 JavaThread "Unconstrained build operations Thread 78" [_thread_blocked, id=27592, stack(0x000000dff1100000,0x000000dff1200000)]
  0x000001f903e55800 JavaThread "Unconstrained build operations Thread 79" [_thread_blocked, id=10920, stack(0x000000dff1200000,0x000000dff1300000)]
  0x000001f903e57000 JavaThread "Unconstrained build operations Thread 80" [_thread_blocked, id=16572, stack(0x000000dff1300000,0x000000dff1400000)]
  0x000001f906279000 JavaThread "jar transforms Thread 4" [_thread_blocked, id=19280, stack(0x000000dff1400000,0x000000dff1500000)]
  0x000001f906274000 JavaThread "jar transforms Thread 5" [_thread_blocked, id=34180, stack(0x000000dff1500000,0x000000dff1600000)]
  0x000001f906279800 JavaThread "jar transforms Thread 6" [_thread_blocked, id=1052, stack(0x000000dff1600000,0x000000dff1700000)]
  0x000001f906275800 JavaThread "jar transforms Thread 7" [_thread_blocked, id=9440, stack(0x000000dff1700000,0x000000dff1800000)]
  0x000001f906276800 JavaThread "jar transforms Thread 8" [_thread_blocked, id=8628, stack(0x000000dff1800000,0x000000dff1900000)]
  0x000001f906277000 JavaThread "C2 CompilerThread1" daemon [_thread_blocked, id=15592, stack(0x000000dfeaf00000,0x000000dfeb000000)]
  0x000001f906278000 JavaThread "C2 CompilerThread2" daemon [_thread_in_native, id=28276, stack(0x000000dfebd00000,0x000000dfebe00000)]

Other Threads:
  0x000001f97e4e6800 VMThread "VM Thread" [stack: 0x000000dfe9500000,0x000000dfe9600000] [id=6844]
  0x000001f97e6bf000 WatcherThread [stack: 0x000000dfe9f00000,0x000000dfea000000] [id=31420]
  0x000001f9637f7800 GCTaskThread "GC Thread#0" [stack: 0x000000dfe9000000,0x000000dfe9100000] [id=34796]
  0x000001f900322000 GCTaskThread "GC Thread#1" [stack: 0x000000dfea100000,0x000000dfea200000] [id=32392]
  0x000001f97f1ae000 GCTaskThread "GC Thread#2" [stack: 0x000000dfea200000,0x000000dfea300000] [id=15580]
  0x000001f97f1ae800 GCTaskThread "GC Thread#3" [stack: 0x000000dfea300000,0x000000dfea400000] [id=26192]
  0x000001f97e789800 GCTaskThread "GC Thread#4" [stack: 0x000000dfea400000,0x000000dfea500000] [id=16792]
  0x000001f97e78a000 GCTaskThread "GC Thread#5" [stack: 0x000000dfea500000,0x000000dfea600000] [id=27356]
  0x000001f900dbe000 GCTaskThread "GC Thread#6" [stack: 0x000000dfeb300000,0x000000dfeb400000] [id=14120]
  0x000001f902756800 GCTaskThread "GC Thread#7" [stack: 0x000000dfeb400000,0x000000dfeb500000] [id=2276]
  0x000001f96382c000 ConcurrentGCThread "G1 Main Marker" [stack: 0x000000dfe9100000,0x000000dfe9200000] [id=25956]
  0x000001f96382f000 ConcurrentGCThread "G1 Conc#0" [stack: 0x000000dfe9200000,0x000000dfe9300000] [id=26352]
  0x000001f97ed41800 ConcurrentGCThread "G1 Conc#1" [stack: 0x000000dfeb500000,0x000000dfeb600000] [id=23828]
  0x000001f9638be000 ConcurrentGCThread "G1 Refine#0" [stack: 0x000000dfe9300000,0x000000dfe9400000] [id=17708]
  0x000001f97db33800 ConcurrentGCThread "G1 Young RemSet Sampling" [stack: 0x000000dfe9400000,0x000000dfe9500000] [id=32068]

Threads with active compile tasks:
C2 CompilerThread0   7121 5593       4       org.objectweb.asm.SymbolTable::addConstantMemberReference (147 bytes)
C2 CompilerThread2   7121 5610       4       org.objectweb.asm.SymbolTable::addConstantUtf8Reference (101 bytes)

VM state:not at safepoint (normal execution)

VM Mutex/Monitor currently owned by a thread: None

Heap address: 0x0000000080000000, size: 2048 MB, Compressed Oops mode: 32-bit
Narrow klass base: 0x0000000000000000, Narrow klass shift: 3
Compressed class space size: 1073741824 Address: 0x0000000100000000

Heap:
 garbage-first heap   total 260096K, used 46605K [0x0000000080000000, 0x0000000100000000)
  region size 1024K, 21 young (21504K), 18 survivors (18432K)
 Metaspace       used 55063K, capacity 56533K, committed 56784K, reserved 1097728K
  class space    used 7033K, capacity 7530K, committed 7632K, reserved 1048576K
Heap Regions: E=young(eden), S=young(survivor), O=old, HS=humongous(starts), HC=humongous(continues), CS=collection set, F=free, A=archive, TAMS=top-at-mark-start (previous, next)
|   0|0x0000000080000000, 0x0000000080100000, 0x0000000080100000|100%| O|  |TAMS 0x0000000080100000, 0x0000000080000000| Untracked 
|   1|0x0000000080100000, 0x0000000080200000, 0x0000000080200000|100%| O|  |TAMS 0x0000000080200000, 0x0000000080100000| Untracked 
|   2|0x0000000080200000, 0x0000000080300000, 0x0000000080300000|100%| O|  |TAMS 0x0000000080300000, 0x0000000080200000| Untracked 
|   3|0x0000000080300000, 0x0000000080400000, 0x0000000080400000|100%|HS|  |TAMS 0x0000000080400000, 0x0000000080300000| Complete 
|   4|0x0000000080400000, 0x0000000080500000, 0x0000000080500000|100%|HC|  |TAMS 0x0000000080500000, 0x0000000080400000| Complete 
|   5|0x0000000080500000, 0x0000000080600000, 0x0000000080600000|100%|HC|  |TAMS 0x0000000080600000, 0x0000000080500000| Complete 
|   6|0x0000000080600000, 0x0000000080700000, 0x0000000080700000|100%| O|  |TAMS 0x0000000080700000, 0x0000000080600000| Untracked 
|   7|0x0000000080700000, 0x0000000080800000, 0x0000000080800000|100%| O|  |TAMS 0x0000000080800000, 0x0000000080700000| Untracked 
|   8|0x0000000080800000, 0x0000000080900000, 0x0000000080900000|100%| O|  |TAMS 0x0000000080900000, 0x0000000080800000| Untracked 
|   9|0x0000000080900000, 0x0000000080a00000, 0x0000000080a00000|100%| O|  |TAMS 0x0000000080a00000, 0x0000000080900000| Untracked 
|  10|0x0000000080a00000, 0x0000000080b00000, 0x0000000080b00000|100%| O|  |TAMS 0x0000000080b00000, 0x0000000080a00000| Untracked 
|  11|0x0000000080b00000, 0x0000000080c00000, 0x0000000080c00000|100%| O|  |TAMS 0x0000000080c00000, 0x0000000080b00000| Untracked 
|  12|0x0000000080c00000, 0x0000000080d00000, 0x0000000080d00000|100%| O|  |TAMS 0x0000000080d00000, 0x0000000080c00000| Untracked 
|  13|0x0000000080d00000, 0x0000000080e00000, 0x0000000080e00000|100%| O|  |TAMS 0x0000000080e00000, 0x0000000080d00000| Untracked 
|  14|0x0000000080e00000, 0x0000000080f00000, 0x0000000080f00000|100%| O|  |TAMS 0x0000000080f00000, 0x0000000080e00000| Untracked 
|  15|0x0000000080f00000, 0x0000000081000000, 0x0000000081000000|100%| O|  |TAMS 0x0000000081000000, 0x0000000080f00000| Untracked 
|  16|0x0000000081000000, 0x0000000081100000, 0x0000000081100000|100%| O|  |TAMS 0x0000000081023800, 0x0000000081000000| Untracked 
|  17|0x0000000081100000, 0x0000000081200000, 0x0000000081200000|100%|HS|  |TAMS 0x0000000081100000, 0x0000000081100000| Complete 
|  18|0x0000000081200000, 0x0000000081300000, 0x0000000081300000|100%|HS|  |TAMS 0x0000000081200000, 0x0000000081200000| Complete 
|  19|0x0000000081300000, 0x0000000081400000, 0x0000000081400000|100%|HS|  |TAMS 0x0000000081300000, 0x0000000081300000| Complete 
|  20|0x0000000081400000, 0x0000000081500000, 0x0000000081500000|100%|HC|  |TAMS 0x0000000081400000, 0x0000000081400000| Complete 
|  21|0x0000000081500000, 0x0000000081600000, 0x0000000081600000|100%| O|  |TAMS 0x0000000081500000, 0x0000000081500000| Untracked 
|  22|0x0000000081600000, 0x0000000081700000, 0x0000000081700000|100%| O|  |TAMS 0x0000000081600000, 0x0000000081600000| Untracked 
|  23|0x0000000081700000, 0x0000000081800000, 0x0000000081800000|100%| O|  |TAMS 0x0000000081700000, 0x0000000081700000| Untracked 
|  24|0x0000000081800000, 0x0000000081900000, 0x0000000081900000|100%| O|  |TAMS 0x0000000081800000, 0x0000000081800000| Untracked 
|  25|0x0000000081900000, 0x0000000081983600, 0x0000000081a00000| 51%| O|  |TAMS 0x0000000081900000, 0x0000000081900000| Untracked 
|  26|0x0000000081a00000, 0x0000000081a00000, 0x0000000081b00000|  0%| F|  |TAMS 0x0000000081a00000, 0x0000000081a00000| Untracked 
|  27|0x0000000081b00000, 0x0000000081b00000, 0x0000000081c00000|  0%| F|  |TAMS 0x0000000081b00000, 0x0000000081b00000| Untracked 
|  28|0x0000000081c00000, 0x0000000081c00000, 0x0000000081d00000|  0%| F|  |TAMS 0x0000000081c00000, 0x0000000081c00000| Untracked 
|  29|0x0000000081d00000, 0x0000000081d00000, 0x0000000081e00000|  0%| F|  |TAMS 0x0000000081d00000, 0x0000000081d00000| Untracked 
|  30|0x0000000081e00000, 0x0000000081e00000, 0x0000000081f00000|  0%| F|  |TAMS 0x0000000081e00000, 0x0000000081e00000| Untracked 
|  31|0x0000000081f00000, 0x0000000081f00000, 0x0000000082000000|  0%| F|  |TAMS 0x0000000081f00000, 0x0000000081f00000| Untracked 
|  32|0x0000000082000000, 0x0000000082000000, 0x0000000082100000|  0%| F|  |TAMS 0x0000000082000000, 0x0000000082000000| Untracked 
|  33|0x0000000082100000, 0x0000000082100000, 0x0000000082200000|  0%| F|  |TAMS 0x0000000082100000, 0x0000000082100000| Untracked 
|  34|0x0000000082200000, 0x0000000082200000, 0x0000000082300000|  0%| F|  |TAMS 0x0000000082200000, 0x0000000082200000| Untracked 
|  35|0x0000000082300000, 0x0000000082300000, 0x0000000082400000|  0%| F|  |TAMS 0x0000000082300000, 0x0000000082300000| Untracked 
|  36|0x0000000082400000, 0x0000000082400000, 0x0000000082500000|  0%| F|  |TAMS 0x0000000082400000, 0x0000000082400000| Untracked 
|  37|0x0000000082500000, 0x0000000082500000, 0x0000000082600000|  0%| F|  |TAMS 0x0000000082500000, 0x0000000082500000| Untracked 
|  38|0x0000000082600000, 0x0000000082600000, 0x0000000082700000|  0%| F|  |TAMS 0x0000000082600000, 0x0000000082600000| Untracked 
|  39|0x0000000082700000, 0x0000000082700000, 0x0000000082800000|  0%| F|  |TAMS 0x0000000082700000, 0x0000000082700000| Untracked 
|  40|0x0000000082800000, 0x0000000082800000, 0x0000000082900000|  0%| F|  |TAMS 0x0000000082800000, 0x0000000082800000| Untracked 
|  41|0x0000000082900000, 0x0000000082900000, 0x0000000082a00000|  0%| F|  |TAMS 0x0000000082900000, 0x0000000082900000| Untracked 
|  42|0x0000000082a00000, 0x0000000082a00000, 0x0000000082b00000|  0%| F|  |TAMS 0x0000000082a00000, 0x0000000082a00000| Untracked 
|  43|0x0000000082b00000, 0x0000000082b00000, 0x0000000082c00000|  0%| F|  |TAMS 0x0000000082b00000, 0x0000000082b00000| Untracked 
|  44|0x0000000082c00000, 0x0000000082c00000, 0x0000000082d00000|  0%| F|  |TAMS 0x0000000082c00000, 0x0000000082c00000| Untracked 
|  45|0x0000000082d00000, 0x0000000082d00000, 0x0000000082e00000|  0%| F|  |TAMS 0x0000000082d00000, 0x0000000082d00000| Untracked 
|  46|0x0000000082e00000, 0x0000000082e00000, 0x0000000082f00000|  0%| F|  |TAMS 0x0000000082e00000, 0x0000000082e00000| Untracked 
|  47|0x0000000082f00000, 0x0000000082f00000, 0x0000000083000000|  0%| F|  |TAMS 0x0000000082f00000, 0x0000000082f00000| Untracked 
|  48|0x0000000083000000, 0x0000000083000000, 0x0000000083100000|  0%| F|  |TAMS 0x0000000083000000, 0x0000000083000000| Untracked 
|  49|0x0000000083100000, 0x0000000083100000, 0x0000000083200000|  0%| F|  |TAMS 0x0000000083100000, 0x0000000083100000| Untracked 
|  50|0x0000000083200000, 0x0000000083200000, 0x0000000083300000|  0%| F|  |TAMS 0x0000000083200000, 0x0000000083200000| Untracked 
|  51|0x0000000083300000, 0x0000000083300000, 0x0000000083400000|  0%| F|  |TAMS 0x0000000083300000, 0x0000000083300000| Untracked 
|  52|0x0000000083400000, 0x0000000083400000, 0x0000000083500000|  0%| F|  |TAMS 0x0000000083400000, 0x0000000083400000| Untracked 
|  53|0x0000000083500000, 0x0000000083500000, 0x0000000083600000|  0%| F|  |TAMS 0x0000000083500000, 0x0000000083500000| Untracked 
|  54|0x0000000083600000, 0x0000000083600000, 0x0000000083700000|  0%| F|  |TAMS 0x0000000083600000, 0x0000000083600000| Untracked 
|  55|0x0000000083700000, 0x0000000083700000, 0x0000000083800000|  0%| F|  |TAMS 0x0000000083700000, 0x0000000083700000| Untracked 
|  56|0x0000000083800000, 0x0000000083800000, 0x0000000083900000|  0%| F|  |TAMS 0x0000000083800000, 0x0000000083800000| Untracked 
|  57|0x0000000083900000, 0x0000000083900000, 0x0000000083a00000|  0%| F|  |TAMS 0x0000000083900000, 0x0000000083900000| Untracked 
|  58|0x0000000083a00000, 0x0000000083a00000, 0x0000000083b00000|  0%| F|  |TAMS 0x0000000083a00000, 0x0000000083a00000| Untracked 
|  59|0x0000000083b00000, 0x0000000083b00000, 0x0000000083c00000|  0%| F|  |TAMS 0x0000000083b00000, 0x0000000083b00000| Untracked 
|  60|0x0000000083c00000, 0x0000000083c00000, 0x0000000083d00000|  0%| F|  |TAMS 0x0000000083c00000, 0x0000000083c00000| Untracked 
|  61|0x0000000083d00000, 0x0000000083d00000, 0x0000000083e00000|  0%| F|  |TAMS 0x0000000083d00000, 0x0000000083d00000| Untracked 
|  62|0x0000000083e00000, 0x0000000083e00000, 0x0000000083f00000|  0%| F|  |TAMS 0x0000000083e00000, 0x0000000083e00000| Untracked 
|  63|0x0000000083f00000, 0x0000000083f00000, 0x0000000084000000|  0%| F|  |TAMS 0x0000000083f00000, 0x0000000083f00000| Untracked 
|  64|0x0000000084000000, 0x0000000084000000, 0x0000000084100000|  0%| F|  |TAMS 0x0000000084000000, 0x0000000084000000| Untracked 
|  65|0x0000000084100000, 0x0000000084100000, 0x0000000084200000|  0%| F|  |TAMS 0x0000000084100000, 0x0000000084100000| Untracked 
|  66|0x0000000084200000, 0x0000000084200000, 0x0000000084300000|  0%| F|  |TAMS 0x0000000084200000, 0x0000000084200000| Untracked 
|  67|0x0000000084300000, 0x0000000084300000, 0x0000000084400000|  0%| F|  |TAMS 0x0000000084300000, 0x0000000084300000| Untracked 
|  68|0x0000000084400000, 0x0000000084400000, 0x0000000084500000|  0%| F|  |TAMS 0x0000000084400000, 0x0000000084400000| Untracked 
|  69|0x0000000084500000, 0x0000000084500000, 0x0000000084600000|  0%| F|  |TAMS 0x0000000084500000, 0x0000000084500000| Untracked 
|  70|0x0000000084600000, 0x0000000084600000, 0x0000000084700000|  0%| F|  |TAMS 0x0000000084600000, 0x0000000084600000| Untracked 
|  71|0x0000000084700000, 0x0000000084700000, 0x0000000084800000|  0%| F|  |TAMS 0x0000000084700000, 0x0000000084700000| Untracked 
|  72|0x0000000084800000, 0x0000000084800000, 0x0000000084900000|  0%| F|  |TAMS 0x0000000084800000, 0x0000000084800000| Untracked 
|  73|0x0000000084900000, 0x0000000084900000, 0x0000000084a00000|  0%| F|  |TAMS 0x0000000084900000, 0x0000000084900000| Untracked 
|  74|0x0000000084a00000, 0x0000000084a00000, 0x0000000084b00000|  0%| F|  |TAMS 0x0000000084a00000, 0x0000000084a00000| Untracked 
|  75|0x0000000084b00000, 0x0000000084b00000, 0x0000000084c00000|  0%| F|  |TAMS 0x0000000084b00000, 0x0000000084b00000| Untracked 
|  76|0x0000000084c00000, 0x0000000084c00000, 0x0000000084d00000|  0%| F|  |TAMS 0x0000000084c00000, 0x0000000084c00000| Untracked 
|  77|0x0000000084d00000, 0x0000000084d00000, 0x0000000084e00000|  0%| F|  |TAMS 0x0000000084d00000, 0x0000000084d00000| Untracked 
|  78|0x0000000084e00000, 0x0000000084e00000, 0x0000000084f00000|  0%| F|  |TAMS 0x0000000084e00000, 0x0000000084e00000| Untracked 
|  79|0x0000000084f00000, 0x0000000084f00000, 0x0000000085000000|  0%| F|  |TAMS 0x0000000084f00000, 0x0000000084f00000| Untracked 
|  80|0x0000000085000000, 0x0000000085000000, 0x0000000085100000|  0%| F|  |TAMS 0x0000000085000000, 0x0000000085000000| Untracked 
|  81|0x0000000085100000, 0x0000000085100000, 0x0000000085200000|  0%| F|  |TAMS 0x0000000085100000, 0x0000000085100000| Untracked 
|  82|0x0000000085200000, 0x0000000085200000, 0x0000000085300000|  0%| F|  |TAMS 0x0000000085200000, 0x0000000085200000| Untracked 
|  83|0x0000000085300000, 0x0000000085300000, 0x0000000085400000|  0%| F|  |TAMS 0x0000000085300000, 0x0000000085300000| Untracked 
|  84|0x0000000085400000, 0x0000000085400000, 0x0000000085500000|  0%| F|  |TAMS 0x0000000085400000, 0x0000000085400000| Untracked 
|  85|0x0000000085500000, 0x0000000085500000, 0x0000000085600000|  0%| F|  |TAMS 0x0000000085500000, 0x0000000085500000| Untracked 
|  86|0x0000000085600000, 0x0000000085600000, 0x0000000085700000|  0%| F|  |TAMS 0x0000000085600000, 0x0000000085600000| Untracked 
|  87|0x0000000085700000, 0x0000000085700000, 0x0000000085800000|  0%| F|  |TAMS 0x0000000085700000, 0x0000000085700000| Untracked 
|  88|0x0000000085800000, 0x0000000085800000, 0x0000000085900000|  0%| F|  |TAMS 0x0000000085800000, 0x0000000085800000| Untracked 
|  89|0x0000000085900000, 0x0000000085900000, 0x0000000085a00000|  0%| F|  |TAMS 0x0000000085900000, 0x0000000085900000| Untracked 
|  90|0x0000000085a00000, 0x0000000085a00000, 0x0000000085b00000|  0%| F|  |TAMS 0x0000000085a00000, 0x0000000085a00000| Untracked 
|  91|0x0000000085b00000, 0x0000000085b00000, 0x0000000085c00000|  0%| F|  |TAMS 0x0000000085b00000, 0x0000000085b00000| Untracked 
|  92|0x0000000085c00000, 0x0000000085c00000, 0x0000000085d00000|  0%| F|  |TAMS 0x0000000085c00000, 0x0000000085c00000| Untracked 
|  93|0x0000000085d00000, 0x0000000085e00000, 0x0000000085e00000|100%| S|CS|TAMS 0x0000000085d00000, 0x0000000085d00000| Complete 
|  94|0x0000000085e00000, 0x0000000085f00000, 0x0000000085f00000|100%| S|CS|TAMS 0x0000000085e00000, 0x0000000085e00000| Complete 
|  95|0x0000000085f00000, 0x0000000086000000, 0x0000000086000000|100%| S|CS|TAMS 0x0000000085f00000, 0x0000000085f00000| Complete 
|  96|0x0000000086000000, 0x0000000086100000, 0x0000000086100000|100%| S|CS|TAMS 0x0000000086000000, 0x0000000086000000| Complete 
|  97|0x0000000086100000, 0x0000000086200000, 0x0000000086200000|100%| S|CS|TAMS 0x0000000086100000, 0x0000000086100000| Complete 
|  98|0x0000000086200000, 0x0000000086300000, 0x0000000086300000|100%| S|CS|TAMS 0x0000000086200000, 0x0000000086200000| Complete 
|  99|0x0000000086300000, 0x0000000086400000, 0x0000000086400000|100%| S|CS|TAMS 0x0000000086300000, 0x0000000086300000| Complete 
| 100|0x0000000086400000, 0x0000000086500000, 0x0000000086500000|100%| S|CS|TAMS 0x0000000086400000, 0x0000000086400000| Complete 
| 101|0x0000000086500000, 0x0000000086600000, 0x0000000086600000|100%| S|CS|TAMS 0x0000000086500000, 0x0000000086500000| Complete 
| 102|0x0000000086600000, 0x0000000086700000, 0x0000000086700000|100%| S|CS|TAMS 0x0000000086600000, 0x0000000086600000| Complete 
| 103|0x0000000086700000, 0x0000000086800000, 0x0000000086800000|100%| S|CS|TAMS 0x0000000086700000, 0x0000000086700000| Complete 
| 104|0x0000000086800000, 0x0000000086900000, 0x0000000086900000|100%| S|CS|TAMS 0x0000000086800000, 0x0000000086800000| Complete 
| 105|0x0000000086900000, 0x0000000086a00000, 0x0000000086a00000|100%| S|CS|TAMS 0x0000000086900000, 0x0000000086900000| Complete 
| 106|0x0000000086a00000, 0x0000000086b00000, 0x0000000086b00000|100%| S|CS|TAMS 0x0000000086a00000, 0x0000000086a00000| Complete 
| 107|0x0000000086b00000, 0x0000000086c00000, 0x0000000086c00000|100%| S|CS|TAMS 0x0000000086b00000, 0x0000000086b00000| Complete 
| 108|0x0000000086c00000, 0x0000000086d00000, 0x0000000086d00000|100%| S|CS|TAMS 0x0000000086c00000, 0x0000000086c00000| Complete 
| 109|0x0000000086d00000, 0x0000000086e00000, 0x0000000086e00000|100%| S|CS|TAMS 0x0000000086d00000, 0x0000000086d00000| Complete 
| 110|0x0000000086e00000, 0x0000000086f00000, 0x0000000086f00000|100%| S|CS|TAMS 0x0000000086e00000, 0x0000000086e00000| Complete 
| 111|0x0000000086f00000, 0x0000000086f00000, 0x0000000087000000|  0%| F|  |TAMS 0x0000000086f00000, 0x0000000086f00000| Untracked 
| 112|0x0000000087000000, 0x0000000087000000, 0x0000000087100000|  0%| F|  |TAMS 0x0000000087000000, 0x0000000087000000| Untracked 
| 113|0x0000000087100000, 0x0000000087100000, 0x0000000087200000|  0%| F|  |TAMS 0x0000000087100000, 0x0000000087100000| Untracked 
| 114|0x0000000087200000, 0x0000000087200000, 0x0000000087300000|  0%| F|  |TAMS 0x0000000087200000, 0x0000000087200000| Untracked 
| 115|0x0000000087300000, 0x0000000087300000, 0x0000000087400000|  0%| F|  |TAMS 0x0000000087300000, 0x0000000087300000| Untracked 
| 116|0x0000000087400000, 0x0000000087400000, 0x0000000087500000|  0%| F|  |TAMS 0x0000000087400000, 0x0000000087400000| Untracked 
| 117|0x0000000087500000, 0x0000000087500000, 0x0000000087600000|  0%| F|  |TAMS 0x0000000087500000, 0x0000000087500000| Untracked 
| 118|0x0000000087600000, 0x0000000087600000, 0x0000000087700000|  0%| F|  |TAMS 0x0000000087600000, 0x0000000087600000| Untracked 
| 119|0x0000000087700000, 0x0000000087700000, 0x0000000087800000|  0%| F|  |TAMS 0x0000000087700000, 0x0000000087700000| Untracked 
| 120|0x0000000087800000, 0x0000000087800000, 0x0000000087900000|  0%| F|  |TAMS 0x0000000087800000, 0x0000000087800000| Untracked 
| 121|0x0000000087900000, 0x0000000087900000, 0x0000000087a00000|  0%| F|  |TAMS 0x0000000087900000, 0x0000000087900000| Untracked 
| 122|0x0000000087a00000, 0x0000000087a00000, 0x0000000087b00000|  0%| F|  |TAMS 0x0000000087a00000, 0x0000000087a00000| Untracked 
| 123|0x0000000087b00000, 0x0000000087b00000, 0x0000000087c00000|  0%| F|  |TAMS 0x0000000087b00000, 0x0000000087b00000| Untracked 
| 124|0x0000000087c00000, 0x0000000087c00000, 0x0000000087d00000|  0%| F|  |TAMS 0x0000000087c00000, 0x0000000087c00000| Untracked 
| 125|0x0000000087d00000, 0x0000000087d00000, 0x0000000087e00000|  0%| F|  |TAMS 0x0000000087d00000, 0x0000000087d00000| Untracked 
| 126|0x0000000087e00000, 0x0000000087e00000, 0x0000000087f00000|  0%| F|  |TAMS 0x0000000087e00000, 0x0000000087e00000| Untracked 
| 127|0x0000000087f00000, 0x0000000087f00000, 0x0000000088000000|  0%| F|  |TAMS 0x0000000087f00000, 0x0000000087f00000| Untracked 
| 128|0x0000000088000000, 0x0000000088000000, 0x0000000088100000|  0%| F|  |TAMS 0x0000000088000000, 0x0000000088000000| Untracked 
| 129|0x0000000088100000, 0x0000000088100000, 0x0000000088200000|  0%| F|  |TAMS 0x0000000088100000, 0x0000000088100000| Untracked 
| 130|0x0000000088200000, 0x0000000088200000, 0x0000000088300000|  0%| F|  |TAMS 0x0000000088200000, 0x0000000088200000| Untracked 
| 131|0x0000000088300000, 0x0000000088300000, 0x0000000088400000|  0%| F|  |TAMS 0x0000000088300000, 0x0000000088300000| Untracked 
| 132|0x0000000088400000, 0x0000000088400000, 0x0000000088500000|  0%| F|  |TAMS 0x0000000088400000, 0x0000000088400000| Untracked 
| 133|0x0000000088500000, 0x0000000088500000, 0x0000000088600000|  0%| F|  |TAMS 0x0000000088500000, 0x0000000088500000| Untracked 
| 134|0x0000000088600000, 0x0000000088600000, 0x0000000088700000|  0%| F|  |TAMS 0x0000000088600000, 0x0000000088600000| Untracked 
| 135|0x0000000088700000, 0x0000000088700000, 0x0000000088800000|  0%| F|  |TAMS 0x0000000088700000, 0x0000000088700000| Untracked 
| 136|0x0000000088800000, 0x0000000088800000, 0x0000000088900000|  0%| F|  |TAMS 0x0000000088800000, 0x0000000088800000| Untracked 
| 137|0x0000000088900000, 0x0000000088900000, 0x0000000088a00000|  0%| F|  |TAMS 0x0000000088900000, 0x0000000088900000| Untracked 
| 138|0x0000000088a00000, 0x0000000088a00000, 0x0000000088b00000|  0%| F|  |TAMS 0x0000000088a00000, 0x0000000088a00000| Untracked 
| 139|0x0000000088b00000, 0x0000000088b00000, 0x0000000088c00000|  0%| F|  |TAMS 0x0000000088b00000, 0x0000000088b00000| Untracked 
| 140|0x0000000088c00000, 0x0000000088c00000, 0x0000000088d00000|  0%| F|  |TAMS 0x0000000088c00000, 0x0000000088c00000| Untracked 
| 141|0x0000000088d00000, 0x0000000088d00000, 0x0000000088e00000|  0%| F|  |TAMS 0x0000000088d00000, 0x0000000088d00000| Untracked 
| 142|0x0000000088e00000, 0x0000000088e00000, 0x0000000088f00000|  0%| F|  |TAMS 0x0000000088e00000, 0x0000000088e00000| Untracked 
| 143|0x0000000088f00000, 0x0000000088f00000, 0x0000000089000000|  0%| F|  |TAMS 0x0000000088f00000, 0x0000000088f00000| Untracked 
| 144|0x0000000089000000, 0x0000000089000000, 0x0000000089100000|  0%| F|  |TAMS 0x0000000089000000, 0x0000000089000000| Untracked 
| 145|0x0000000089100000, 0x0000000089100000, 0x0000000089200000|  0%| F|  |TAMS 0x0000000089100000, 0x0000000089100000| Untracked 
| 146|0x0000000089200000, 0x0000000089200000, 0x0000000089300000|  0%| F|  |TAMS 0x0000000089200000, 0x0000000089200000| Untracked 
| 147|0x0000000089300000, 0x0000000089300000, 0x0000000089400000|  0%| F|  |TAMS 0x0000000089300000, 0x0000000089300000| Untracked 
| 148|0x0000000089400000, 0x0000000089400000, 0x0000000089500000|  0%| F|  |TAMS 0x0000000089400000, 0x0000000089400000| Untracked 
| 149|0x0000000089500000, 0x0000000089500000, 0x0000000089600000|  0%| F|  |TAMS 0x0000000089500000, 0x0000000089500000| Untracked 
| 150|0x0000000089600000, 0x0000000089600000, 0x0000000089700000|  0%| F|  |TAMS 0x0000000089600000, 0x0000000089600000| Untracked 
| 151|0x0000000089700000, 0x0000000089700000, 0x0000000089800000|  0%| F|  |TAMS 0x0000000089700000, 0x0000000089700000| Untracked 
| 152|0x0000000089800000, 0x0000000089800000, 0x0000000089900000|  0%| F|  |TAMS 0x0000000089800000, 0x0000000089800000| Untracked 
| 153|0x0000000089900000, 0x0000000089900000, 0x0000000089a00000|  0%| F|  |TAMS 0x0000000089900000, 0x0000000089900000| Untracked 
| 154|0x0000000089a00000, 0x0000000089a00000, 0x0000000089b00000|  0%| F|  |TAMS 0x0000000089a00000, 0x0000000089a00000| Untracked 
| 155|0x0000000089b00000, 0x0000000089b00000, 0x0000000089c00000|  0%| F|  |TAMS 0x0000000089b00000, 0x0000000089b00000| Untracked 
| 156|0x0000000089c00000, 0x0000000089c00000, 0x0000000089d00000|  0%| F|  |TAMS 0x0000000089c00000, 0x0000000089c00000| Untracked 
| 157|0x0000000089d00000, 0x0000000089d00000, 0x0000000089e00000|  0%| F|  |TAMS 0x0000000089d00000, 0x0000000089d00000| Untracked 
| 158|0x0000000089e00000, 0x0000000089e00000, 0x0000000089f00000|  0%| F|  |TAMS 0x0000000089e00000, 0x0000000089e00000| Untracked 
| 159|0x0000000089f00000, 0x0000000089f00000, 0x000000008a000000|  0%| F|  |TAMS 0x0000000089f00000, 0x0000000089f00000| Untracked 
| 160|0x000000008a000000, 0x000000008a000000, 0x000000008a100000|  0%| F|  |TAMS 0x000000008a000000, 0x000000008a000000| Untracked 
| 161|0x000000008a100000, 0x000000008a100000, 0x000000008a200000|  0%| F|  |TAMS 0x000000008a100000, 0x000000008a100000| Untracked 
| 162|0x000000008a200000, 0x000000008a200000, 0x000000008a300000|  0%| F|  |TAMS 0x000000008a200000, 0x000000008a200000| Untracked 
| 163|0x000000008a300000, 0x000000008a300000, 0x000000008a400000|  0%| F|  |TAMS 0x000000008a300000, 0x000000008a300000| Untracked 
| 164|0x000000008a400000, 0x000000008a400000, 0x000000008a500000|  0%| F|  |TAMS 0x000000008a400000, 0x000000008a400000| Untracked 
| 165|0x000000008a500000, 0x000000008a500000, 0x000000008a600000|  0%| F|  |TAMS 0x000000008a500000, 0x000000008a500000| Untracked 
| 166|0x000000008a600000, 0x000000008a600000, 0x000000008a700000|  0%| F|  |TAMS 0x000000008a600000, 0x000000008a600000| Untracked 
| 167|0x000000008a700000, 0x000000008a700000, 0x000000008a800000|  0%| F|  |TAMS 0x000000008a700000, 0x000000008a700000| Untracked 
| 168|0x000000008a800000, 0x000000008a800000, 0x000000008a900000|  0%| F|  |TAMS 0x000000008a800000, 0x000000008a800000| Untracked 
| 169|0x000000008a900000, 0x000000008a900000, 0x000000008aa00000|  0%| F|  |TAMS 0x000000008a900000, 0x000000008a900000| Untracked 
| 170|0x000000008aa00000, 0x000000008aa00000, 0x000000008ab00000|  0%| F|  |TAMS 0x000000008aa00000, 0x000000008aa00000| Untracked 
| 171|0x000000008ab00000, 0x000000008ab00000, 0x000000008ac00000|  0%| F|  |TAMS 0x000000008ab00000, 0x000000008ab00000| Untracked 
| 172|0x000000008ac00000, 0x000000008ac00000, 0x000000008ad00000|  0%| F|  |TAMS 0x000000008ac00000, 0x000000008ac00000| Untracked 
| 173|0x000000008ad00000, 0x000000008ad00000, 0x000000008ae00000|  0%| F|  |TAMS 0x000000008ad00000, 0x000000008ad00000| Untracked 
| 174|0x000000008ae00000, 0x000000008ae00000, 0x000000008af00000|  0%| F|  |TAMS 0x000000008ae00000, 0x000000008ae00000| Untracked 
| 175|0x000000008af00000, 0x000000008af00000, 0x000000008b000000|  0%| F|  |TAMS 0x000000008af00000, 0x000000008af00000| Untracked 
| 176|0x000000008b000000, 0x000000008b000000, 0x000000008b100000|  0%| F|  |TAMS 0x000000008b000000, 0x000000008b000000| Untracked 
| 177|0x000000008b100000, 0x000000008b100000, 0x000000008b200000|  0%| F|  |TAMS 0x000000008b100000, 0x000000008b100000| Untracked 
| 178|0x000000008b200000, 0x000000008b200000, 0x000000008b300000|  0%| F|  |TAMS 0x000000008b200000, 0x000000008b200000| Untracked 
| 179|0x000000008b300000, 0x000000008b300000, 0x000000008b400000|  0%| F|  |TAMS 0x000000008b300000, 0x000000008b300000| Untracked 
| 180|0x000000008b400000, 0x000000008b400000, 0x000000008b500000|  0%| F|  |TAMS 0x000000008b400000, 0x000000008b400000| Untracked 
| 181|0x000000008b500000, 0x000000008b500000, 0x000000008b600000|  0%| F|  |TAMS 0x000000008b500000, 0x000000008b500000| Untracked 
| 182|0x000000008b600000, 0x000000008b600000, 0x000000008b700000|  0%| F|  |TAMS 0x000000008b600000, 0x000000008b600000| Untracked 
| 183|0x000000008b700000, 0x000000008b700000, 0x000000008b800000|  0%| F|  |TAMS 0x000000008b700000, 0x000000008b700000| Untracked 
| 184|0x000000008b800000, 0x000000008b800000, 0x000000008b900000|  0%| F|  |TAMS 0x000000008b800000, 0x000000008b800000| Untracked 
| 185|0x000000008b900000, 0x000000008b900000, 0x000000008ba00000|  0%| F|  |TAMS 0x000000008b900000, 0x000000008b900000| Untracked 
| 186|0x000000008ba00000, 0x000000008ba00000, 0x000000008bb00000|  0%| F|  |TAMS 0x000000008ba00000, 0x000000008ba00000| Untracked 
| 187|0x000000008bb00000, 0x000000008bb00000, 0x000000008bc00000|  0%| F|  |TAMS 0x000000008bb00000, 0x000000008bb00000| Untracked 
| 188|0x000000008bc00000, 0x000000008bc00000, 0x000000008bd00000|  0%| F|  |TAMS 0x000000008bc00000, 0x000000008bc00000| Untracked 
| 189|0x000000008bd00000, 0x000000008bd00000, 0x000000008be00000|  0%| F|  |TAMS 0x000000008bd00000, 0x000000008bd00000| Untracked 
| 190|0x000000008be00000, 0x000000008be00000, 0x000000008bf00000|  0%| F|  |TAMS 0x000000008be00000, 0x000000008be00000| Untracked 
| 191|0x000000008bf00000, 0x000000008bf00000, 0x000000008c000000|  0%| F|  |TAMS 0x000000008bf00000, 0x000000008bf00000| Untracked 
| 192|0x000000008c000000, 0x000000008c000000, 0x000000008c100000|  0%| F|  |TAMS 0x000000008c000000, 0x000000008c000000| Untracked 
| 193|0x000000008c100000, 0x000000008c100000, 0x000000008c200000|  0%| F|  |TAMS 0x000000008c100000, 0x000000008c100000| Untracked 
| 194|0x000000008c200000, 0x000000008c200000, 0x000000008c300000|  0%| F|  |TAMS 0x000000008c200000, 0x000000008c200000| Untracked 
| 195|0x000000008c300000, 0x000000008c300000, 0x000000008c400000|  0%| F|  |TAMS 0x000000008c300000, 0x000000008c300000| Untracked 
| 196|0x000000008c400000, 0x000000008c400000, 0x000000008c500000|  0%| F|  |TAMS 0x000000008c400000, 0x000000008c400000| Untracked 
| 197|0x000000008c500000, 0x000000008c500000, 0x000000008c600000|  0%| F|  |TAMS 0x000000008c500000, 0x000000008c500000| Untracked 
| 198|0x000000008c600000, 0x000000008c600000, 0x000000008c700000|  0%| F|  |TAMS 0x000000008c600000, 0x000000008c600000| Untracked 
| 199|0x000000008c700000, 0x000000008c700000, 0x000000008c800000|  0%| F|  |TAMS 0x000000008c700000, 0x000000008c700000| Untracked 
| 200|0x000000008c800000, 0x000000008c800000, 0x000000008c900000|  0%| F|  |TAMS 0x000000008c800000, 0x000000008c800000| Untracked 
| 201|0x000000008c900000, 0x000000008c900000, 0x000000008ca00000|  0%| F|  |TAMS 0x000000008c900000, 0x000000008c900000| Untracked 
| 202|0x000000008ca00000, 0x000000008ca00000, 0x000000008cb00000|  0%| F|  |TAMS 0x000000008ca00000, 0x000000008ca00000| Untracked 
| 203|0x000000008cb00000, 0x000000008cb00000, 0x000000008cc00000|  0%| F|  |TAMS 0x000000008cb00000, 0x000000008cb00000| Untracked 
| 204|0x000000008cc00000, 0x000000008cc00000, 0x000000008cd00000|  0%| F|  |TAMS 0x000000008cc00000, 0x000000008cc00000| Untracked 
| 205|0x000000008cd00000, 0x000000008cd00000, 0x000000008ce00000|  0%| F|  |TAMS 0x000000008cd00000, 0x000000008cd00000| Untracked 
| 206|0x000000008ce00000, 0x000000008ce00000, 0x000000008cf00000|  0%| F|  |TAMS 0x000000008ce00000, 0x000000008ce00000| Untracked 
| 207|0x000000008cf00000, 0x000000008cf00000, 0x000000008d000000|  0%| F|  |TAMS 0x000000008cf00000, 0x000000008cf00000| Untracked 
| 208|0x000000008d000000, 0x000000008d000000, 0x000000008d100000|  0%| F|  |TAMS 0x000000008d000000, 0x000000008d000000| Untracked 
| 209|0x000000008d100000, 0x000000008d100000, 0x000000008d200000|  0%| F|  |TAMS 0x000000008d100000, 0x000000008d100000| Untracked 
| 210|0x000000008d200000, 0x000000008d200000, 0x000000008d300000|  0%| F|  |TAMS 0x000000008d200000, 0x000000008d200000| Untracked 
| 211|0x000000008d300000, 0x000000008d300000, 0x000000008d400000|  0%| F|  |TAMS 0x000000008d300000, 0x000000008d300000| Untracked 
| 212|0x000000008d400000, 0x000000008d400000, 0x000000008d500000|  0%| F|  |TAMS 0x000000008d400000, 0x000000008d400000| Untracked 
| 213|0x000000008d500000, 0x000000008d500000, 0x000000008d600000|  0%| F|  |TAMS 0x000000008d500000, 0x000000008d500000| Untracked 
| 214|0x000000008d600000, 0x000000008d600000, 0x000000008d700000|  0%| F|  |TAMS 0x000000008d600000, 0x000000008d600000| Untracked 
| 215|0x000000008d700000, 0x000000008d700000, 0x000000008d800000|  0%| F|  |TAMS 0x000000008d700000, 0x000000008d700000| Untracked 
| 216|0x000000008d800000, 0x000000008d800000, 0x000000008d900000|  0%| F|  |TAMS 0x000000008d800000, 0x000000008d800000| Untracked 
| 217|0x000000008d900000, 0x000000008d900000, 0x000000008da00000|  0%| F|  |TAMS 0x000000008d900000, 0x000000008d900000| Untracked 
| 218|0x000000008da00000, 0x000000008da00000, 0x000000008db00000|  0%| F|  |TAMS 0x000000008da00000, 0x000000008da00000| Untracked 
| 219|0x000000008db00000, 0x000000008db00000, 0x000000008dc00000|  0%| F|  |TAMS 0x000000008db00000, 0x000000008db00000| Untracked 
| 220|0x000000008dc00000, 0x000000008dc00000, 0x000000008dd00000|  0%| F|  |TAMS 0x000000008dc00000, 0x000000008dc00000| Untracked 
| 221|0x000000008dd00000, 0x000000008dd00000, 0x000000008de00000|  0%| F|  |TAMS 0x000000008dd00000, 0x000000008dd00000| Untracked 
| 222|0x000000008de00000, 0x000000008de00000, 0x000000008df00000|  0%| F|  |TAMS 0x000000008de00000, 0x000000008de00000| Untracked 
| 223|0x000000008df00000, 0x000000008df00000, 0x000000008e000000|  0%| F|  |TAMS 0x000000008df00000, 0x000000008df00000| Untracked 
| 224|0x000000008e000000, 0x000000008e000000, 0x000000008e100000|  0%| F|  |TAMS 0x000000008e000000, 0x000000008e000000| Untracked 
| 225|0x000000008e100000, 0x000000008e100000, 0x000000008e200000|  0%| F|  |TAMS 0x000000008e100000, 0x000000008e100000| Untracked 
| 226|0x000000008e200000, 0x000000008e200000, 0x000000008e300000|  0%| F|  |TAMS 0x000000008e200000, 0x000000008e200000| Untracked 
| 227|0x000000008e300000, 0x000000008e300000, 0x000000008e400000|  0%| F|  |TAMS 0x000000008e300000, 0x000000008e300000| Untracked 
| 228|0x000000008e400000, 0x000000008e400000, 0x000000008e500000|  0%| F|  |TAMS 0x000000008e400000, 0x000000008e400000| Untracked 
| 229|0x000000008e500000, 0x000000008e500000, 0x000000008e600000|  0%| F|  |TAMS 0x000000008e500000, 0x000000008e500000| Untracked 
| 230|0x000000008e600000, 0x000000008e600000, 0x000000008e700000|  0%| F|  |TAMS 0x000000008e600000, 0x000000008e600000| Untracked 
| 231|0x000000008e700000, 0x000000008e700000, 0x000000008e800000|  0%| F|  |TAMS 0x000000008e700000, 0x000000008e700000| Untracked 
| 232|0x000000008e800000, 0x000000008e800000, 0x000000008e900000|  0%| F|  |TAMS 0x000000008e800000, 0x000000008e800000| Untracked 
| 233|0x000000008e900000, 0x000000008e900000, 0x000000008ea00000|  0%| F|  |TAMS 0x000000008e900000, 0x000000008e900000| Untracked 
| 234|0x000000008ea00000, 0x000000008ea00000, 0x000000008eb00000|  0%| F|  |TAMS 0x000000008ea00000, 0x000000008ea00000| Untracked 
| 235|0x000000008eb00000, 0x000000008eb00000, 0x000000008ec00000|  0%| F|  |TAMS 0x000000008eb00000, 0x000000008eb00000| Untracked 
| 236|0x000000008ec00000, 0x000000008ec00000, 0x000000008ed00000|  0%| F|  |TAMS 0x000000008ec00000, 0x000000008ec00000| Untracked 
| 237|0x000000008ed00000, 0x000000008ed00000, 0x000000008ee00000|  0%| F|  |TAMS 0x000000008ed00000, 0x000000008ed00000| Untracked 
| 238|0x000000008ee00000, 0x000000008ee00000, 0x000000008ef00000|  0%| F|  |TAMS 0x000000008ee00000, 0x000000008ee00000| Untracked 
| 239|0x000000008ef00000, 0x000000008ef00000, 0x000000008f000000|  0%| F|  |TAMS 0x000000008ef00000, 0x000000008ef00000| Untracked 
| 240|0x000000008f000000, 0x000000008f000000, 0x000000008f100000|  0%| F|  |TAMS 0x000000008f000000, 0x000000008f000000| Untracked 
| 241|0x000000008f100000, 0x000000008f100000, 0x000000008f200000|  0%| F|  |TAMS 0x000000008f100000, 0x000000008f100000| Untracked 
| 242|0x000000008f200000, 0x000000008f200000, 0x000000008f300000|  0%| F|  |TAMS 0x000000008f200000, 0x000000008f200000| Untracked 
| 243|0x000000008f300000, 0x000000008f300000, 0x000000008f400000|  0%| F|  |TAMS 0x000000008f300000, 0x000000008f300000| Untracked 
| 244|0x000000008f400000, 0x000000008f400000, 0x000000008f500000|  0%| F|  |TAMS 0x000000008f400000, 0x000000008f400000| Untracked 
| 245|0x000000008f500000, 0x000000008f500000, 0x000000008f600000|  0%| F|  |TAMS 0x000000008f500000, 0x000000008f500000| Untracked 
| 246|0x000000008f600000, 0x000000008f600000, 0x000000008f700000|  0%| F|  |TAMS 0x000000008f600000, 0x000000008f600000| Untracked 
| 247|0x000000008f700000, 0x000000008f700000, 0x000000008f800000|  0%| F|  |TAMS 0x000000008f700000, 0x000000008f700000| Untracked 
| 248|0x000000008f800000, 0x000000008f800000, 0x000000008f900000|  0%| F|  |TAMS 0x000000008f800000, 0x000000008f800000| Untracked 
| 249|0x000000008f900000, 0x000000008f900000, 0x000000008fa00000|  0%| F|  |TAMS 0x000000008f900000, 0x000000008f900000| Untracked 
| 250|0x000000008fa00000, 0x000000008fa00000, 0x000000008fb00000|  0%| F|  |TAMS 0x000000008fa00000, 0x000000008fa00000| Untracked 
| 251|0x000000008fb00000, 0x000000008fc00000, 0x000000008fc00000|100%| E|  |TAMS 0x000000008fb00000, 0x000000008fb00000| Complete 
| 252|0x000000008fc00000, 0x000000008fd00000, 0x000000008fd00000|100%| E|CS|TAMS 0x000000008fc00000, 0x000000008fc00000| Complete 
| 253|0x000000008fd00000, 0x000000008fe00000, 0x000000008fe00000|100%| E|CS|TAMS 0x000000008fd00000, 0x000000008fd00000| Complete 

Card table byte_map: [0x000001f976a20000,0x000001f976e20000] _byte_map_base: 0x000001f976620000

Marking Bits (Prev, Next): (CMBitMap*) 0x000001f963823128, (CMBitMap*) 0x000001f963823160
 Prev Bits: [0x000001f977220000, 0x000001f979220000)
 Next Bits: [0x000001f979220000, 0x000001f97b220000)

Polling page: 0x000001f961770000

Metaspace:

Usage:
  Non-class:     47.92 MB capacity,    46.93 MB ( 98%) used,   863.39 KB (  2%) free+waste,   143.94 KB ( <1%) overhead. 
      Class:      7.35 MB capacity,     6.87 MB ( 93%) used,   424.91 KB (  6%) free+waste,    68.31 KB ( <1%) overhead. 
       Both:     55.27 MB capacity,    53.81 MB ( 97%) used,     1.26 MB (  2%) free+waste,   212.25 KB ( <1%) overhead. 

Virtual space:
  Non-class space:       48.00 MB reserved,      48.00 MB (100%) committed 
      Class space:        1.00 GB reserved,       7.45 MB ( <1%) committed 
             Both:        1.05 GB reserved,      55.45 MB (  5%) committed 

Chunk freelists:
   Non-Class:  21.00 KB
       Class:  22.00 KB
        Both:  43.00 KB

MaxMetaspaceSize: 17179869184.00 GB
CompressedClassSpaceSize: 1.00 GB
Initial GC threshold: 20.80 MB
Current GC threshold: 58.88 MB
CDS: off

CodeHeap 'non-profiled nmethods': size=120000Kb used=3236Kb max_used=3236Kb free=116763Kb
 bounds [0x000001f96edc0000, 0x000001f96f0f0000, 0x000001f9762f0000]
CodeHeap 'profiled nmethods': size=120000Kb used=11472Kb max_used=11472Kb free=108527Kb
 bounds [0x000001f967890000, 0x000001f9683d0000, 0x000001f96edc0000]
CodeHeap 'non-nmethods': size=5760Kb used=2313Kb max_used=2343Kb free=3446Kb
 bounds [0x000001f9672f0000, 0x000001f967560000, 0x000001f967890000]
 total_blobs=6410 nmethods=5593 adapters=727
 compilation: enabled
              stopped_count=0, restarted_count=0
 full_count=0

Compilation events (20 events):
Event: 7.053 Thread 0x000001f97e554800 5600       3       java.util.HashMap$EntrySet::iterator (12 bytes)
Event: 7.053 Thread 0x000001f97e554800 nmethod 5600 0x000001f9683c2810 code [0x000001f9683c29e0, 0x000001f9683c2c48]
Event: 7.053 Thread 0x000001f97e554800 5601       3       java.util.HashMap$EntryIterator::<init> (11 bytes)
Event: 7.053 Thread 0x000001f97e554800 nmethod 5601 0x000001f9683c2d10 code [0x000001f9683c2ec0, 0x000001f9683c3048]
Event: 7.059 Thread 0x000001f97e554800 5602       3       java.util.HashMap::entrySet (27 bytes)
Event: 7.059 Thread 0x000001f97e554800 nmethod 5602 0x000001f9683c3110 code [0x000001f9683c32e0, 0x000001f9683c36b8]
Event: 7.060 Thread 0x000001f906278000 5603       4       jdk.internal.reflect.ClassFileAssembler::emitShort (24 bytes)
Event: 7.062 Thread 0x000001f906277000 nmethod 5589 0x000001f96f0e3210 code [0x000001f96f0e3480, 0x000001f96f0e50c0]
Event: 7.062 Thread 0x000001f906278000 nmethod 5603 0x000001f96f0e5d90 code [0x000001f96f0e5f60, 0x000001f96f0e6198]
Event: 7.062 Thread 0x000001f906278000 5604       4       java.util.HashSet::iterator (13 bytes)
Event: 7.065 Thread 0x000001f97e554800 5605       3       org.gradle.internal.event.DefaultListenerManager$EventBroadcast$ListenerDispatch::dispatch (9 bytes)
Event: 7.065 Thread 0x000001f97e554800 nmethod 5605 0x000001f9683c3810 code [0x000001f9683c39e0, 0x000001f9683c3c08]
Event: 7.067 Thread 0x000001f97e554800 5606       3       com.google.common.reflect.TypeResolver::<init> (10 bytes)
Event: 7.067 Thread 0x000001f97e554800 nmethod 5606 0x000001f9683c3d10 code [0x000001f9683c3ec0, 0x000001f9683c4078]
Event: 7.069 Thread 0x000001f906277000 5607       4       org.objectweb.asm.SymbolTable::addType (81 bytes)
Event: 7.069 Thread 0x000001f97e554800 5608       1       org.gradle.internal.instantiation.generator.AbstractClassGenerator$MethodMetadata::getGenericReturnType (5 bytes)
Event: 7.069 Thread 0x000001f97e554800 nmethod 5608 0x000001f96f0e6410 code [0x000001f96f0e65c0, 0x000001f96f0e6678]
Event: 7.072 Thread 0x000001f906278000 nmethod 5604 0x000001f96f0e6710 code [0x000001f96f0e6900, 0x000001f96f0e7018]
Event: 7.072 Thread 0x000001f906278000 5609       4       java.lang.reflect.Array::newInstance (6 bytes)
Event: 7.088 Thread 0x000001f906278000 nmethod 5609 0x000001f96f0e7390 code [0x000001f96f0e7520, 0x000001f96f0e7678]

GC Heap History (12 events):
Event: 0.609 GC heap before
{Heap before GC invocations=0 (full 0):
 garbage-first heap   total 260096K, used 30720K [0x0000000080000000, 0x0000000100000000)
  region size 1024K, 24 young (24576K), 0 survivors (0K)
 Metaspace       used 9848K, capacity 10050K, committed 10112K, reserved 1058816K
  class space    used 1027K, capacity 1102K, committed 1152K, reserved 1048576K
}
Event: 0.612 GC heap after
{Heap after GC invocations=1 (full 0):
 garbage-first heap   total 260096K, used 9199K [0x0000000080000000, 0x0000000100000000)
  region size 1024K, 3 young (3072K), 3 survivors (3072K)
 Metaspace       used 9848K, capacity 10050K, committed 10112K, reserved 1058816K
  class space    used 1027K, capacity 1102K, committed 1152K, reserved 1048576K
}
Event: 2.572 GC heap before
{Heap before GC invocations=1 (full 0):
 garbage-first heap   total 260096K, used 112623K [0x0000000080000000, 0x0000000100000000)
  region size 1024K, 105 young (107520K), 3 survivors (3072K)
 Metaspace       used 20768K, capacity 21149K, committed 21296K, reserved 1069056K
  class space    used 2560K, capacity 2716K, committed 2816K, reserved 1048576K
}
Event: 2.582 GC heap after
{Heap after GC invocations=2 (full 0):
 garbage-first heap   total 260096K, used 16768K [0x0000000080000000, 0x0000000100000000)
  region size 1024K, 11 young (11264K), 11 survivors (11264K)
 Metaspace       used 20768K, capacity 21149K, committed 21296K, reserved 1069056K
  class space    used 2560K, capacity 2716K, committed 2816K, reserved 1048576K
}
Event: 3.312 GC heap before
{Heap before GC invocations=3 (full 0):
 garbage-first heap   total 260096K, used 84352K [0x0000000080000000, 0x0000000100000000)
  region size 1024K, 77 young (78848K), 11 survivors (11264K)
 Metaspace       used 27474K, capacity 28106K, committed 28288K, reserved 1073152K
  class space    used 3615K, capacity 3856K, committed 3968K, reserved 1048576K
}
Event: 3.319 GC heap after
{Heap after GC invocations=4 (full 0):
 garbage-first heap   total 260096K, used 19512K [0x0000000080000000, 0x0000000100000000)
  region size 1024K, 3 young (3072K), 3 survivors (3072K)
 Metaspace       used 27474K, capacity 28106K, committed 28288K, reserved 1073152K
  class space    used 3615K, capacity 3856K, committed 3968K, reserved 1048576K
}
Event: 3.921 GC heap before
{Heap before GC invocations=4 (full 0):
 garbage-first heap   total 260096K, used 64568K [0x0000000080000000, 0x0000000100000000)
  region size 1024K, 48 young (49152K), 3 survivors (3072K)
 Metaspace       used 35057K, capacity 35836K, committed 35920K, reserved 1081344K
  class space    used 4558K, capacity 4879K, committed 4944K, reserved 1048576K
}
Event: 3.931 GC heap after
{Heap after GC invocations=5 (full 0):
 garbage-first heap   total 260096K, used 22164K [0x0000000080000000, 0x0000000100000000)
  region size 1024K, 6 young (6144K), 6 survivors (6144K)
 Metaspace       used 35057K, capacity 35836K, committed 35920K, reserved 1081344K
  class space    used 4558K, capacity 4879K, committed 4944K, reserved 1048576K
}
Event: 5.225 GC heap before
{Heap before GC invocations=6 (full 0):
 garbage-first heap   total 260096K, used 141972K [0x0000000080000000, 0x0000000100000000)
  region size 1024K, 120 young (122880K), 6 survivors (6144K)
 Metaspace       used 45357K, capacity 46500K, committed 46800K, reserved 1089536K
  class space    used 5835K, capacity 6228K, committed 6352K, reserved 1048576K
}
Event: 5.237 GC heap after
{Heap after GC invocations=7 (full 0):
 garbage-first heap   total 260096K, used 29285K [0x0000000080000000, 0x0000000100000000)
  region size 1024K, 13 young (13312K), 13 survivors (13312K)
 Metaspace       used 45357K, capacity 46500K, committed 46800K, reserved 1089536K
  class space    used 5835K, capacity 6228K, committed 6352K, reserved 1048576K
}
Event: 7.072 GC heap before
{Heap before GC invocations=7 (full 0):
 garbage-first heap   total 260096K, used 165477K [0x0000000080000000, 0x0000000100000000)
  region size 1024K, 143 young (146432K), 13 survivors (13312K)
 Metaspace       used 54530K, capacity 55989K, committed 56272K, reserved 1097728K
  class space    used 7000K, capacity 7498K, committed 7632K, reserved 1048576K
}
Event: 7.087 GC heap after
{Heap after GC invocations=8 (full 0):
 garbage-first heap   total 260096K, used 44557K [0x0000000080000000, 0x0000000100000000)
  region size 1024K, 18 young (18432K), 18 survivors (18432K)
 Metaspace       used 54530K, capacity 55989K, committed 56272K, reserved 1097728K
  class space    used 7000K, capacity 7498K, committed 7632K, reserved 1048576K
}

Deoptimization events (20 events):
Event: 6.961 Thread 0x000001f9027ac800 DEOPT PACKING pc=0x000001f967ae5e17 sp=0x000000dfeabf6930
Event: 6.961 Thread 0x000001f9027ac800 DEOPT UNPACKING pc=0x000001f96733a95e sp=0x000000dfeabf5eb8 mode 0
Event: 6.962 Thread 0x000001f9027ac800 DEOPT PACKING pc=0x000001f967ae5e17 sp=0x000000dfeabf6930
Event: 6.962 Thread 0x000001f9027ac800 DEOPT UNPACKING pc=0x000001f96733a95e sp=0x000000dfeabf5eb8 mode 0
Event: 6.964 Thread 0x000001f9027ac800 DEOPT PACKING pc=0x000001f967ae5e17 sp=0x000000dfeabf6840
Event: 6.964 Thread 0x000001f9027ac800 DEOPT UNPACKING pc=0x000001f96733a95e sp=0x000000dfeabf5dc8 mode 0
Event: 6.966 Thread 0x000001f9027ac800 DEOPT PACKING pc=0x000001f967ae5e17 sp=0x000000dfeabf6a90
Event: 6.966 Thread 0x000001f9027ac800 DEOPT UNPACKING pc=0x000001f96733a95e sp=0x000000dfeabf6018 mode 0
Event: 6.967 Thread 0x000001f9027ac800 DEOPT PACKING pc=0x000001f967ae5e17 sp=0x000000dfeabf6840
Event: 6.967 Thread 0x000001f9027ac800 DEOPT UNPACKING pc=0x000001f96733a95e sp=0x000000dfeabf5dc8 mode 0
Event: 6.968 Thread 0x000001f9027ac800 DEOPT PACKING pc=0x000001f967ae5e17 sp=0x000000dfeabf6840
Event: 6.968 Thread 0x000001f9027ac800 DEOPT UNPACKING pc=0x000001f96733a95e sp=0x000000dfeabf5dc8 mode 0
Event: 7.052 Thread 0x000001f9027ac800 Uncommon trap: trap_request=0xffffff4d fr.pc=0x000001f96f0c1784 relative=0x0000000000000324
Event: 7.052 Thread 0x000001f9027ac800 Uncommon trap: reason=unstable_if action=reinterpret pc=0x000001f96f0c1784 method=org.gradle.internal.instantiation.generator.AbstractClassGenerator$InjectionAnnotationValidator.validateMethod(Ljava/lang/reflect/Method;Lorg/gradle/internal/reflect/Propert
Event: 7.052 Thread 0x000001f9027ac800 DEOPT PACKING pc=0x000001f96f0c1784 sp=0x000000dfeabf7e20
Event: 7.052 Thread 0x000001f9027ac800 DEOPT UNPACKING pc=0x000001f96733a1af sp=0x000000dfeabf7de8 mode 2
Event: 7.088 Thread 0x000001f97e6b1800 Uncommon trap: trap_request=0xffffffde fr.pc=0x000001f96ef140ec relative=0x000000000000052c
Event: 7.088 Thread 0x000001f97e6b1800 Uncommon trap: reason=class_check action=maybe_recompile pc=0x000001f96ef140ec method=jdk.internal.ref.PhantomCleanable.clean()V @ 12 c2
Event: 7.088 Thread 0x000001f97e6b1800 DEOPT PACKING pc=0x000001f96ef140ec sp=0x000000dfe9eff330
Event: 7.088 Thread 0x000001f97e6b1800 DEOPT UNPACKING pc=0x000001f96733a1af sp=0x000000dfe9eff310 mode 2

Classes redefined (0 events):
No events

Internal exceptions (20 events):
Event: 6.425 Thread 0x000001f9027ac800 Exception <a 'java/lang/ClassNotFoundException'{0x000000008a73bd40}: org/gradle/api/tasks/Delete_DecoratedCustomizer> (0x000000008a73bd40) thrown at [./src/hotspot/share/classfile/systemDictionary.cpp, line 231]
Event: 6.439 Thread 0x000001f9027ac800 Exception <a 'java/lang/NoSuchMethodError'{0x000000008a651578}: 'long java.lang.invoke.DirectMethodHandle$Holder.invokeVirtual(java.lang.Object, java.lang.Object)'> (0x000000008a651578) thrown at [./src/hotspot/share/interpreter/linkResolver.cpp, line 773]
Event: 6.443 Thread 0x000001f902022800 Exception <a 'java/lang/NoSuchMethodError'{0x000000008fd88ee8}: <clinit>> (0x000000008fd88ee8) thrown at [./src/hotspot/share/prims/jni.cpp, line 1365]
Event: 6.446 Thread 0x000001f902022800 Exception <a 'java/lang/NoSuchMethodError'{0x000000008a50e318}: <clinit>> (0x000000008a50e318) thrown at [./src/hotspot/share/prims/jni.cpp, line 1365]
Event: 6.446 Thread 0x000001f902022800 Exception <a 'java/lang/NoSuchMethodError'{0x000000008a50f428}: <clinit>> (0x000000008a50f428) thrown at [./src/hotspot/share/prims/jni.cpp, line 1365]
Event: 6.446 Thread 0x000001f902022800 Exception <a 'java/lang/NoSuchMethodError'{0x000000008a510730}: <clinit>> (0x000000008a510730) thrown at [./src/hotspot/share/prims/jni.cpp, line 1365]
Event: 6.446 Thread 0x000001f902022800 Exception <a 'java/lang/NoSuchMethodError'{0x000000008a511750}: <clinit>> (0x000000008a511750) thrown at [./src/hotspot/share/prims/jni.cpp, line 1365]
Event: 6.447 Thread 0x000001f902022800 Exception <a 'java/lang/NoSuchMethodError'{0x000000008a523b48}: <clinit>> (0x000000008a523b48) thrown at [./src/hotspot/share/prims/jni.cpp, line 1365]
Event: 6.448 Thread 0x000001f902022800 Exception <a 'java/lang/NoSuchMethodError'{0x000000008a52de50}: <clinit>> (0x000000008a52de50) thrown at [./src/hotspot/share/prims/jni.cpp, line 1365]
Event: 6.450 Thread 0x000001f902022800 Exception <a 'java/lang/NoSuchMethodError'{0x000000008a5417b8}: <clinit>> (0x000000008a5417b8) thrown at [./src/hotspot/share/prims/jni.cpp, line 1365]
Event: 6.477 Thread 0x000001f9027ac800 Exception <a 'java/lang/ClassNotFoundException'{0x000000008a59e900}: build_93prkuufqxol60g14yx7j7n9cBeanInfo> (0x000000008a59e900) thrown at [./src/hotspot/share/classfile/systemDictionary.cpp, line 231]
Event: 6.477 Thread 0x000001f9027ac800 Exception <a 'java/lang/ClassNotFoundException'{0x000000008a5a9e08}: build_93prkuufqxol60g14yx7j7n9cCustomizer> (0x000000008a5a9e08) thrown at [./src/hotspot/share/classfile/systemDictionary.cpp, line 231]
Event: 6.482 Thread 0x000001f9027ac800 Exception <a 'java/lang/ClassNotFoundException'{0x000000008a40e2c0}: org/gradle/api/internal/plugins/DefaultObjectConfigurationActionBeanInfo> (0x000000008a40e2c0) thrown at [./src/hotspot/share/classfile/systemDictionary.cpp, line 231]
Event: 6.482 Thread 0x000001f9027ac800 Exception <a 'java/lang/ClassNotFoundException'{0x000000008a441658}: org/gradle/api/internal/plugins/DefaultObjectConfigurationActionCustomizer> (0x000000008a441658) thrown at [./src/hotspot/share/classfile/systemDictionary.cpp, line 231]
Event: 6.639 Thread 0x000001f9027ac800 Exception <a 'java/lang/NoSuchMethodError'{0x000000008999b7b0}: 'java.lang.Object java.lang.invoke.DirectMethodHandle$Holder.invokeStatic(java.lang.Object, java.lang.Object, java.lang.Object, java.lang.Object, int)'> (0x000000008999b7b0) thrown at [./src/hotspot/share/interpreter/linkResolver.cpp, line 773]
Event: 6.639 Thread 0x000001f9027ac800 Exception <a 'java/lang/NoSuchMethodError'{0x00000000899a01a8}: 'java.lang.Object java.lang.invoke.DirectMethodHandle$Holder.invokeSpecial(java.lang.Object, java.lang.Object, java.lang.Object, java.lang.Object, java.lang.Object, int)'> (0x00000000899a01a8) thrown at [./src/hotspot/share/interpreter/linkResolver.cpp, line 773]
Event: 6.640 Thread 0x000001f9027ac800 Exception <a 'java/lang/NoSuchMethodError'{0x00000000899a47e8}: 'java.lang.Object java.lang.invoke.Invokers$Holder.linkToTargetMethod(java.lang.Object, java.lang.Object, java.lang.Object, int, java.lang.Object)'> (0x00000000899a47e8) thrown at [./src/hotspot/share/interpreter/linkResolver.cpp, line 773]
Event: 6.837 Thread 0x000001f9027ac800 Exception <a 'java/lang/NoSuchMethodError'{0x0000000088bf6338}: 'java.lang.Object java.lang.invoke.DirectMethodHandle$Holder.invokeSpecial(java.lang.Object, java.lang.Object, int, int, java.lang.Object, java.lang.Object, java.lang.Object)'> (0x0000000088bf6338) thrown at [./src/hotspot/share/interpreter/linkResolver.cpp, line 773]
Event: 6.837 Thread 0x000001f9027ac800 Exception <a 'java/lang/NoSuchMethodError'{0x0000000088bfa8b8}: 'java.lang.Object java.lang.invoke.DelegatingMethodHandle$Holder.reinvoke_L(java.lang.Object, int, int, java.lang.Object, java.lang.Object, java.lang.Object)'> (0x0000000088bfa8b8) thrown at [./src/hotspot/share/interpreter/linkResolver.cpp, line 773]
Event: 7.039 Thread 0x000001f9027ac800 Exception <a 'java/lang/NoSuchMethodError'{0x0000000087197f08}: 'int java.lang.invoke.DirectMethodHandle$Holder.invokeInterface(java.lang.Object, java.lang.Object, java.lang.Object, java.lang.Object)'> (0x0000000087197f08) thrown at [./src/hotspot/share/interpreter/linkResolver.cpp, line 773]

Events (20 events):
Event: 7.066 loading class org/gradle/api/Action
Event: 7.066 loading class org/gradle/api/Action done
Event: 7.067 loading class com/android/build/gradle/internal/profile/AnalyticsService$Params
Event: 7.067 loading class com/android/build/gradle/internal/profile/AnalyticsService$Params done
Event: 7.067 loading class com/android/build/gradle/internal/profile/ProjectData
Event: 7.067 loading class com/android/build/gradle/internal/profile/ProjectData done
Event: 7.068 loading class com/android/build/gradle/internal/profile/TaskMetadata
Event: 7.068 loading class com/android/build/gradle/internal/profile/TaskMetadata done
Event: 7.070 loading class com/android/build/gradle/internal/profile/NoOpAnalyticsConfiguratorService
Event: 7.070 loading class com/android/build/gradle/internal/profile/NoOpAnalyticsConfiguratorService done
Event: 7.070 loading class org/gradle/api/services/BuildServiceSpec
Event: 7.070 loading class org/gradle/api/services/BuildServiceSpec done
Event: 7.070 loading class org/gradle/api/Action
Event: 7.070 loading class org/gradle/api/Action done
Event: 7.071 loading class org/gradle/internal/snapshot/impl/NullValueSnapshot
Event: 7.071 loading class org/gradle/internal/snapshot/impl/NullValueSnapshot done
Event: 7.071 loading class com/google/wireless/android/sdk/stats/GradleBuildProject$Builder
Event: 7.071 loading class com/google/wireless/android/sdk/stats/GradleBuildProject$Builder done
Event: 7.072 Executing VM operation: G1CollectForAllocation
Event: 7.087 Executing VM operation: G1CollectForAllocation done


Dynamic libraries:
0x00007ff7e00d0000 - 0x00007ff7e00da000 	D:\Program Files\Android\Android Studio\jre\bin\java.exe
0x00007ff8ba480000 - 0x00007ff8ba689000 	C:\Windows\SYSTEM32\ntdll.dll
0x00007ff8b9a90000 - 0x00007ff8b9b4e000 	C:\Windows\System32\KERNEL32.DLL
0x00007ff8b79c0000 - 0x00007ff8b7d3c000 	C:\Windows\System32\KERNELBASE.dll
0x00007ff8b81b0000 - 0x00007ff8b82c1000 	C:\Windows\System32\ucrtbase.dll
0x00007ff8b39d0000 - 0x00007ff8b39e9000 	D:\Program Files\Android\Android Studio\jre\bin\jli.dll
0x00007ff8a8a10000 - 0x00007ff8a8a27000 	D:\Program Files\Android\Android Studio\jre\bin\VCRUNTIME140.dll
0x00007ff8ba1e0000 - 0x00007ff8ba38d000 	C:\Windows\System32\USER32.dll
0x00007ff8b82d0000 - 0x00007ff8b82f6000 	C:\Windows\System32\win32u.dll
0x00007ff8a3390000 - 0x00007ff8a3635000 	C:\Windows\WinSxS\amd64_microsoft.windows.common-controls_6595b64144ccf1df_6.0.22000.120_none_9d947278b86cc467\COMCTL32.dll
0x00007ff8b9260000 - 0x00007ff8b9289000 	C:\Windows\System32\GDI32.dll
0x00007ff8b9f70000 - 0x00007ff8ba013000 	C:\Windows\System32\msvcrt.dll
0x00007ff8b7e00000 - 0x00007ff8b7f18000 	C:\Windows\System32\gdi32full.dll
0x00007ff8b8090000 - 0x00007ff8b812d000 	C:\Windows\System32\msvcp_win.dll
0x00007ff8b8300000 - 0x00007ff8b8331000 	C:\Windows\System32\IMM32.DLL
0x00007ff897e00000 - 0x00007ff897e9d000 	D:\Program Files\Android\Android Studio\jre\bin\msvcp140.dll
0x00007ff872fa0000 - 0x00007ff873a85000 	D:\Program Files\Android\Android Studio\jre\bin\server\jvm.dll
0x00007ff8ba390000 - 0x00007ff8ba43e000 	C:\Windows\System32\ADVAPI32.dll
0x00007ff8b8340000 - 0x00007ff8b83de000 	C:\Windows\System32\sechost.dll
0x00007ff8b9c00000 - 0x00007ff8b9d20000 	C:\Windows\System32\RPCRT4.dll
0x00007ff8ba030000 - 0x00007ff8ba038000 	C:\Windows\System32\PSAPI.DLL
0x00007ff8b15d0000 - 0x00007ff8b1603000 	C:\Windows\SYSTEM32\WINMM.dll
0x00007ff89fae0000 - 0x00007ff89fae9000 	C:\Windows\SYSTEM32\WSOCK32.dll
0x00007ff8b8460000 - 0x00007ff8b84cf000 	C:\Windows\System32\WS2_32.dll
0x00007ff8b1640000 - 0x00007ff8b164a000 	C:\Windows\SYSTEM32\VERSION.dll
0x00007ff8b6a80000 - 0x00007ff8b6a98000 	C:\Windows\SYSTEM32\kernel.appcore.dll
0x00007ff8ab8b0000 - 0x00007ff8ab8c1000 	D:\Program Files\Android\Android Studio\jre\bin\verify.dll
0x00007ff8b5320000 - 0x00007ff8b5541000 	C:\Windows\SYSTEM32\DBGHELP.DLL
0x00007ff89e7e0000 - 0x00007ff89e811000 	C:\Windows\SYSTEM32\dbgcore.DLL
0x00007ff8b8130000 - 0x00007ff8b81af000 	C:\Windows\System32\bcryptPrimitives.dll
0x00007ff8ab790000 - 0x00007ff8ab7b9000 	D:\Program Files\Android\Android Studio\jre\bin\java.dll
0x00007ff8b39c0000 - 0x00007ff8b39cb000 	D:\Program Files\Android\Android Studio\jre\bin\jimage.dll
0x00007ff8ab700000 - 0x00007ff8ab718000 	D:\Program Files\Android\Android Studio\jre\bin\zip.dll
0x00007ff8b84d0000 - 0x00007ff8b8c95000 	C:\Windows\System32\SHELL32.dll
0x00007ff8b5a00000 - 0x00007ff8b6265000 	C:\Windows\SYSTEM32\windows.storage.dll
0x00007ff8b8e10000 - 0x00007ff8b9186000 	C:\Windows\System32\combase.dll
0x00007ff8b5890000 - 0x00007ff8b59f6000 	C:\Windows\SYSTEM32\wintypes.dll
0x00007ff8b9290000 - 0x00007ff8b937a000 	C:\Windows\System32\SHCORE.dll
0x00007ff8b9f00000 - 0x00007ff8b9f5d000 	C:\Windows\System32\shlwapi.dll
0x00007ff8b7880000 - 0x00007ff8b78a1000 	C:\Windows\SYSTEM32\profapi.dll
0x00007ff8ab6d0000 - 0x00007ff8ab6ea000 	D:\Program Files\Android\Android Studio\jre\bin\net.dll
0x00007ff8b1270000 - 0x00007ff8b1382000 	C:\Windows\SYSTEM32\WINHTTP.dll
0x00007ff8b6f10000 - 0x00007ff8b6f77000 	C:\Windows\system32\mswsock.dll
0x00007ff8ab590000 - 0x00007ff8ab5a4000 	D:\Program Files\Android\Android Studio\jre\bin\nio.dll
0x00007ff8a1fb0000 - 0x00007ff8a1fd7000 	C:\Users\Omaraldin\.gradle\native\e1d6ef7f7dcc3fd88c89a11ec53ec762bb8ba0a96d01ffa2cd45eb1d1d8dd5c5\windows-amd64\native-platform.dll
0x00007ff88f450000 - 0x00007ff88f594000 	C:\Users\Omaraldin\.gradle\native\5664cfc778a61ccfe75a443a1ab52a65af34e5dc3c78e0209fed803814484fcb\windows-amd64\native-platform-file-events.dll
0x00007ff8b20a0000 - 0x00007ff8b20aa000 	D:\Program Files\Android\Android Studio\jre\bin\management.dll
0x00007ff8b1700000 - 0x00007ff8b170d000 	D:\Program Files\Android\Android Studio\jre\bin\management_ext.dll
0x00007ff8b71f0000 - 0x00007ff8b7208000 	C:\Windows\SYSTEM32\CRYPTSP.dll
0x00007ff8b69e0000 - 0x00007ff8b6a15000 	C:\Windows\system32\rsaenh.dll
0x00007ff8b6fb0000 - 0x00007ff8b6fd9000 	C:\Windows\SYSTEM32\USERENV.dll
0x00007ff8b7330000 - 0x00007ff8b7357000 	C:\Windows\SYSTEM32\bcrypt.dll
0x00007ff8b7100000 - 0x00007ff8b710c000 	C:\Windows\SYSTEM32\CRYPTBASE.dll
0x00007ff8b65b0000 - 0x00007ff8b65dd000 	C:\Windows\SYSTEM32\IPHLPAPI.DLL
0x00007ff8b9520000 - 0x00007ff8b9529000 	C:\Windows\System32\NSI.dll
0x00007ff8b1110000 - 0x00007ff8b1129000 	C:\Windows\SYSTEM32\dhcpcsvc6.DLL
0x00007ff8b1a10000 - 0x00007ff8b1a2e000 	C:\Windows\SYSTEM32\dhcpcsvc.DLL
0x00007ff8b65e0000 - 0x00007ff8b66c8000 	C:\Windows\SYSTEM32\DNSAPI.dll

dbghelp: loaded successfully - version: 4.0.5 - missing functions: none
symbol engine: initialized successfully - sym options: 0x614 - pdb path: .;D:\Program Files\Android\Android Studio\jre\bin;C:\Windows\SYSTEM32;C:\Windows\WinSxS\amd64_microsoft.windows.common-controls_6595b64144ccf1df_6.0.22000.120_none_9d947278b86cc467;D:\Program Files\Android\Android Studio\jre\bin\server;C:\Users\Omaraldin\.gradle\native\e1d6ef7f7dcc3fd88c89a11ec53ec762bb8ba0a96d01ffa2cd45eb1d1d8dd5c5\windows-amd64;C:\Users\Omaraldin\.gradle\native\5664cfc778a61ccfe75a443a1ab52a65af34e5dc3c78e0209fed803814484fcb\windows-amd64

VM Arguments:
jvm_args: --add-opens=java.base/java.util=ALL-UNNAMED --add-opens=java.base/java.lang=ALL-UNNAMED --add-opens=java.base/java.lang.invoke=ALL-UNNAMED --add-opens=java.base/java.util=ALL-UNNAMED --add-opens=java.prefs/java.util.prefs=ALL-UNNAMED --add-opens=java.prefs/java.util.prefs=ALL-UNNAMED --add-opens=java.base/java.nio.charset=ALL-UNNAMED --add-opens=java.base/java.net=ALL-UNNAMED --add-opens=java.base/java.util.concurrent.atomic=ALL-UNNAMED -Xmx2048m -Dfile.encoding=UTF-8 -Duser.country=US -Duser.language=en -Duser.variant 
java_command: org.gradle.launcher.daemon.bootstrap.GradleDaemon 7.3.3
java_class_path (initial): C:\Users\Omaraldin\.gradle\wrapper\dists\gradle-7.3.3-bin\6a41zxkdtcxs8rphpq6y0069z\gradle-7.3.3\lib\gradle-launcher-7.3.3.jar
Launcher Type: SUN_STANDARD

[Global flags]
     intx CICompilerCount                          = 4                                         {product} {ergonomic}
     uint ConcGCThreads                            = 2                                         {product} {ergonomic}
     uint G1ConcRefinementThreads                  = 8                                         {product} {ergonomic}
   size_t G1HeapRegionSize                         = 1048576                                   {product} {ergonomic}
    uintx GCDrainStackTargetSize                   = 64                                        {product} {ergonomic}
   size_t InitialHeapSize                          = 266338304                                 {product} {ergonomic}
   size_t MarkStackSize                            = 4194304                                   {product} {ergonomic}
   size_t MaxHeapSize                              = 2147483648                                {product} {command line}
   size_t MaxNewSize                               = 1287651328                                {product} {ergonomic}
   size_t MinHeapDeltaBytes                        = 1048576                                   {product} {ergonomic}
    uintx NonNMethodCodeHeapSize                   = 5836300                                {pd product} {ergonomic}
    uintx NonProfiledCodeHeapSize                  = 122910970                              {pd product} {ergonomic}
    uintx ProfiledCodeHeapSize                     = 122910970                              {pd product} {ergonomic}
    uintx ReservedCodeCacheSize                    = 251658240                              {pd product} {ergonomic}
     bool SegmentedCodeCache                       = true                                      {product} {ergonomic}
     bool UseCompressedClassPointers               = true                                 {lp64_product} {ergonomic}
     bool UseCompressedOops                        = true                                 {lp64_product} {ergonomic}
     bool UseG1GC                                  = true                                      {product} {ergonomic}
     bool UseLargePagesIndividualAllocation        = false                                  {pd product} {ergonomic}

Logging:
Log output configuration:
 #0: stdout all=warning uptime,level,tags
 #1: stderr all=off uptime,level,tags

Environment Variables:
PATH=C:\Program Files\Common Files\Oracle\Java\javapath;C:\Program Files\Python310\Scripts\;C:\Program Files\Python310\;C:\Windows\system32;C:\Windows;C:\Windows\System32\Wbem;C:\Windows\System32\WindowsPowerShell\v1.0\;C:\Windows\System32\OpenSSH\;C:\Program Files\dotnet\;C:\Program Files (x86)\Intel\Intel(R) Management Engine Components\DAL;C:\Program Files\Intel\Intel(R) Management Engine Components\DAL;C:\Program Files\nodejs\;C:\ProgramData\chocolatey\bin;D:\Program Files\flutter\bin;C:\Program Files\Git\cmd;D:\Program Data\Android\Sdk\platform-tools;D:\Program Files\Java\jdk-18.0.2.1\bin;;C:\Program Files\Docker\Docker\resources\bin;C:\ProgramData\DockerDesktop\version-bin;D:\Program Files\CMake\bin;C:\Users\Omaraldin\AppData\Local\Microsoft\WindowsApps;C:\Users\Omaraldin\AppData\Roaming\npm;C:\Users\Omaraldin\AppData\Local\Programs\Microsoft VS Code\bin;C:\Users\Omaraldin\AppData\Local\JetBrains\Toolbox\scripts;D:\Program Data\tools\dart-sdk\bin;C:\Users\Omaraldin\AppData\Roaming\Pub\Cache\bin;D:\Program Files\JetBrains\CLion 2022.3.2\bin;
USERNAME=Omaraldin
OS=Windows_NT
PROCESSOR_IDENTIFIER=Intel64 Family 6 Model 94 Stepping 3, GenuineIntel



---------------  S Y S T E M  ---------------

OS: Windows 10 , 64 bit Build 22000 (10.0.22000.1516)
OS uptime: 12 days 16:57 hours
Hyper-V role detected

CPU:total 8 (initial active 8) (4 cores per cpu, 2 threads per core) family 6 model 94 stepping 3 microcode 0xf0, cmov, cx8, fxsr, mmx, sse, sse2, sse3, ssse3, sse4.1, sse4.2, popcnt, avx, avx2, aes, clmul, erms, rtm, 3dnowpref, lzcnt, ht, tsc, tscinvbit, bmi1, bmi2, adx, fma

Memory: 4k page, system-wide physical 16233M (1828M free)
TotalPageFile size 34257M (AvailPageFile size 4M)
current process WorkingSet (physical memory assigned to process): 381M, peak: 381M
current process commit charge ("private bytes"): 488M, peak: 489M

vm_info: OpenJDK 64-Bit Server VM (11.0.12+7-b1504.28-7817840) for windows-amd64 JRE (11.0.12+7-b1504.28-7817840), built on Oct 13 2021 22:12:33 by "builder" with MS VC++ 14.0 (VS2015)

END.
