#
# There is insufficient memory for the Java Runtime Environment to continue.
# Native memory allocation (malloc) failed to allocate 969456 bytes for Chunk::new
# Possible reasons:
#   The system is out of physical RAM or swap space
#   The process is running with CompressedOops enabled, and the Java Heap may be blocking the growth of the native heap
# Possible solutions:
#   Reduce memory load on the system
#   Increase physical memory or swap space
#   Check if swap backing store is full
#   Decrease Java heap size (-Xmx/-Xms)
#   Decrease number of Java threads
#   Decrease Java thread stack sizes (-Xss)
#   Set larger code cache with -XX:ReservedCodeCacheSize=
#   JVM is running with Unscaled Compressed Oops mode in which the Java heap is
#     placed in the first 4GB address space. The Java Heap base address is the
#     maximum limit for the native heap growth. Please use -XX:HeapBaseMinAddress
#     to set the Java Heap base and to place the Java Heap above 4GB virtual address.
# This output file may be truncated or incomplete.
#
#  Out of Memory Error (./src/hotspot/share/memory/arena.cpp:197), pid=17140, tid=27408
#
# JRE version: OpenJDK Runtime Environment (11.0.12+7) (build 11.0.12+7-b1504.28-7817840)
# Java VM: OpenJDK 64-Bit Server VM (11.0.12+7-b1504.28-7817840, mixed mode, tiered, compressed oops, g1 gc, windows-amd64)
# No core dump will be written. Minidumps are not enabled by default on client versions of Windows
#

---------------  S U M M A R Y ------------

Command Line: --add-opens=java.base/java.util=ALL-UNNAMED --add-opens=java.base/java.lang=ALL-UNNAMED --add-opens=java.base/java.lang.invoke=ALL-UNNAMED --add-opens=java.base/java.util=ALL-UNNAMED --add-opens=java.prefs/java.util.prefs=ALL-UNNAMED --add-opens=java.prefs/java.util.prefs=ALL-UNNAMED --add-opens=java.base/java.nio.charset=ALL-UNNAMED --add-opens=java.base/java.net=ALL-UNNAMED --add-opens=java.base/java.util.concurrent.atomic=ALL-UNNAMED -Xmx2048m -Dfile.encoding=UTF-8 -Duser.country=US -Duser.language=en -Duser.variant org.gradle.launcher.daemon.bootstrap.GradleDaemon 7.3.3

Host: Intel(R) Core(TM) i7-6820HQ CPU @ 2.70GHz, 8 cores, 15G,  Windows 10 , 64 bit Build 22000 (10.0.22000.1516)
Time: Sun Apr 16 19:47:30 2023 Egypt Standard Time elapsed time: 3.821316 seconds (0d 0h 0m 3s)

---------------  T H R E A D  ---------------

Current thread (0x000001e1c0912000):  JavaThread "C2 CompilerThread0" daemon [_thread_in_native, id=27408, stack(0x000000c97e500000,0x000000c97e600000)]


Current CompileTask:
C2:   3821 2501   !   4       java.net.URL::<init> (543 bytes)

Stack: [0x000000c97e500000,0x000000c97e600000]
Native frames: (J=compiled Java code, j=interpreted, Vv=VM code, C=native code)
V  [jvm.dll+0x5fbcea]
V  [jvm.dll+0x731905]
V  [jvm.dll+0x732f1d]
V  [jvm.dll+0x7335d3]
V  [jvm.dll+0x247bf8]
V  [jvm.dll+0xc018c]
V  [jvm.dll+0xc06cc]
V  [jvm.dll+0x35b31d]
V  [jvm.dll+0x19cebc]
V  [jvm.dll+0x20070e]
V  [jvm.dll+0x1ff794]
V  [jvm.dll+0x18868c]
V  [jvm.dll+0x20e0d7]
V  [jvm.dll+0x20c901]
V  [jvm.dll+0x6f9b7f]
V  [jvm.dll+0x6f26a5]
V  [jvm.dll+0x5fabf6]
C  [ucrtbase.dll+0x26c0c]
C  [KERNEL32.DLL+0x155a0]
C  [ntdll.dll+0x485b]


---------------  P R O C E S S  ---------------

Threads class SMR info:
_java_thread_list=0x000001e1c3e13c10, length=32, elements={
0x000001e1a5baf000, 0x000001e1c08aa000, 0x000001e1c08b5800, 0x000001e1c006d800,
0x000001e1c090e800, 0x000001e1c0911000, 0x000001e1c0912000, 0x000001e1c0913000,
0x000001e1c0917000, 0x000001e1c0a79800, 0x000001e1c3b07000, 0x000001e1c0bae000,
0x000001e1c3d28000, 0x000001e1c2b8c800, 0x000001e1c0dfc000, 0x000001e1c242c800,
0x000001e1c4803800, 0x000001e1c23f3000, 0x000001e1c3f07800, 0x000001e1c3f06000,
0x000001e1c3f05800, 0x000001e1c3f08800, 0x000001e1c3f0a000, 0x000001e1c3345000,
0x000001e1c3f09800, 0x000001e1c3f07000, 0x000001e1c3f0b000, 0x000001e1c3f0c000,
0x000001e1c4696000, 0x000001e1c4691000, 0x000001e1c4695800, 0x000001e1c5cbd000
}

Java Threads: ( => current thread )
  0x000001e1a5baf000 JavaThread "main" [_thread_blocked, id=10184, stack(0x000000c97d900000,0x000000c97da00000)]
  0x000001e1c08aa000 JavaThread "Reference Handler" daemon [_thread_blocked, id=9616, stack(0x000000c97e000000,0x000000c97e100000)]
  0x000001e1c08b5800 JavaThread "Finalizer" daemon [_thread_blocked, id=11612, stack(0x000000c97e100000,0x000000c97e200000)]
  0x000001e1c006d800 JavaThread "Signal Dispatcher" daemon [_thread_blocked, id=13608, stack(0x000000c97e200000,0x000000c97e300000)]
  0x000001e1c090e800 JavaThread "Attach Listener" daemon [_thread_blocked, id=4364, stack(0x000000c97e300000,0x000000c97e400000)]
  0x000001e1c0911000 JavaThread "Service Thread" daemon [_thread_blocked, id=22692, stack(0x000000c97e400000,0x000000c97e500000)]
=>0x000001e1c0912000 JavaThread "C2 CompilerThread0" daemon [_thread_in_native, id=27408, stack(0x000000c97e500000,0x000000c97e600000)]
  0x000001e1c0913000 JavaThread "C1 CompilerThread0" daemon [_thread_blocked, id=30040, stack(0x000000c97e600000,0x000000c97e700000)]
  0x000001e1c0917000 JavaThread "Sweeper thread" daemon [_thread_blocked, id=19168, stack(0x000000c97e700000,0x000000c97e800000)]
  0x000001e1c0a79800 JavaThread "Common-Cleaner" daemon [_thread_blocked, id=24652, stack(0x000000c97e800000,0x000000c97e900000)]
  0x000001e1c3b07000 JavaThread "Daemon health stats" [_thread_blocked, id=23616, stack(0x000000c97f100000,0x000000c97f200000)]
  0x000001e1c0bae000 JavaThread "Incoming local TCP Connector on port 62257" [_thread_in_native, id=22136, stack(0x000000c97ea00000,0x000000c97eb00000)]
  0x000001e1c3d28000 JavaThread "Daemon periodic checks" [_thread_blocked, id=25024, stack(0x000000c97eb00000,0x000000c97ec00000)]
  0x000001e1c2b8c800 JavaThread "Daemon" [_thread_blocked, id=31768, stack(0x000000c97f200000,0x000000c97f300000)]
  0x000001e1c0dfc000 JavaThread "Handler for socket connection from /127.0.0.1:62257 to /127.0.0.1:62258" [_thread_in_native, id=15860, stack(0x000000c97f300000,0x000000c97f400000)]
  0x000001e1c242c800 JavaThread "Cancel handler" [_thread_blocked, id=33200, stack(0x000000c97f400000,0x000000c97f500000)]
  0x000001e1c4803800 JavaThread "Daemon worker" [_thread_in_vm, id=28636, stack(0x000000c97f500000,0x000000c97f600000)]
  0x000001e1c23f3000 JavaThread "Asynchronous log dispatcher for DefaultDaemonConnection: socket connection from /127.0.0.1:62257 to /127.0.0.1:62258" [_thread_blocked, id=2496, stack(0x000000c97f600000,0x000000c97f700000)]
  0x000001e1c3f07800 JavaThread "Stdin handler" [_thread_blocked, id=25220, stack(0x000000c97f700000,0x000000c97f800000)]
  0x000001e1c3f06000 JavaThread "Daemon client event forwarder" [_thread_blocked, id=32336, stack(0x000000c97f800000,0x000000c97f900000)]
  0x000001e1c3f05800 JavaThread "Cache worker for journal cache (C:\Users\Omaraldin\.gradle\caches\journal-1)" [_thread_blocked, id=5980, stack(0x000000c97f900000,0x000000c97fa00000)]
  0x000001e1c3f08800 JavaThread "File lock request listener" [_thread_in_native, id=28016, stack(0x000000c97fa00000,0x000000c97fb00000)]
  0x000001e1c3f0a000 JavaThread "Cache worker for file hash cache (C:\Users\Omaraldin\.gradle\caches\7.3.3\fileHashes)" [_thread_blocked, id=22760, stack(0x000000c97fb00000,0x000000c97fc00000)]
  0x000001e1c3345000 JavaThread "C2 CompilerThread1" daemon [_thread_in_native, id=21508, stack(0x000000c97ff00000,0x000000c980000000)]
  0x000001e1c3f09800 JavaThread "Cache worker for file hash cache (D:\Projects\Android\Mindsoft\.gradle\7.3.3\fileHashes)" [_thread_blocked, id=24248, stack(0x000000c900000000,0x000000c900100000)]
  0x000001e1c3f07000 JavaThread "File watcher server" daemon [_thread_in_native, id=25792, stack(0x000000c900100000,0x000000c900200000)]
  0x000001e1c3f0b000 JavaThread "File watcher consumer" daemon [_thread_blocked, id=32272, stack(0x000000c900200000,0x000000c900300000)]
  0x000001e1c3f0c000 JavaThread "Cache worker for checksums cache (D:\Projects\Android\Mindsoft\.gradle\7.3.3\checksums)" [_thread_blocked, id=10044, stack(0x000000c900300000,0x000000c900400000)]
  0x000001e1c4696000 JavaThread "Cache worker for cache directory md-supplier (C:\Users\Omaraldin\.gradle\caches\7.3.3\md-supplier)" [_thread_blocked, id=17344, stack(0x000000c900400000,0x000000c900500000)]
  0x000001e1c4691000 JavaThread "Cache worker for cache directory md-rule (C:\Users\Omaraldin\.gradle\caches\7.3.3\md-rule)" [_thread_blocked, id=28916, stack(0x000000c900500000,0x000000c900600000)]
  0x000001e1c4695800 JavaThread "Cache worker for execution history cache (C:\Users\Omaraldin\.gradle\caches\7.3.3\executionHistory)" [_thread_blocked, id=23472, stack(0x000000c900600000,0x000000c900700000)]
  0x000001e1c5cbd000 JavaThread "C2 CompilerThread2" daemon [_thread_in_native, id=32632, stack(0x000000c900700000,0x000000c900800000)]

Other Threads:
  0x000001e1c08a8800 VMThread "VM Thread" [stack: 0x000000c97df00000,0x000000c97e000000] [id=28384]
  0x000001e1c0ab0800 WatcherThread [stack: 0x000000c97e900000,0x000000c97ea00000] [id=18096]
  0x000001e1a5bc6800 GCTaskThread "GC Thread#0" [stack: 0x000000c97da00000,0x000000c97db00000] [id=33116]
  0x000001e1c17ed800 GCTaskThread "GC Thread#1" [stack: 0x000000c97ec00000,0x000000c97ed00000] [id=25524]
  0x000001e1c1826800 GCTaskThread "GC Thread#2" [stack: 0x000000c97ed00000,0x000000c97ee00000] [id=21192]
  0x000001e1c192b000 GCTaskThread "GC Thread#3" [stack: 0x000000c97ee00000,0x000000c97ef00000] [id=13572]
  0x000001e1c1800000 GCTaskThread "GC Thread#4" [stack: 0x000000c97ef00000,0x000000c97f000000] [id=29376]
  0x000001e1c1764800 GCTaskThread "GC Thread#5" [stack: 0x000000c97f000000,0x000000c97f100000] [id=23372]
  0x000001e1c2c34800 GCTaskThread "GC Thread#6" [stack: 0x000000c97fc00000,0x000000c97fd00000] [id=984]
  0x000001e1c1bb3000 GCTaskThread "GC Thread#7" [stack: 0x000000c97fd00000,0x000000c97fe00000] [id=24624]
  0x000001e1a5bf8800 ConcurrentGCThread "G1 Main Marker" [stack: 0x000000c97db00000,0x000000c97dc00000] [id=7764]
  0x000001e1a5bfb800 ConcurrentGCThread "G1 Conc#0" [stack: 0x000000c97dc00000,0x000000c97dd00000] [id=392]
  0x000001e1c3f12000 ConcurrentGCThread "G1 Conc#1" [stack: 0x000000c97fe00000,0x000000c97ff00000] [id=4160]
  0x000001e1bfeec800 ConcurrentGCThread "G1 Refine#0" [stack: 0x000000c97dd00000,0x000000c97de00000] [id=13884]
  0x000001e1bfef0800 ConcurrentGCThread "G1 Young RemSet Sampling" [stack: 0x000000c97de00000,0x000000c97df00000] [id=23620]

Threads with active compile tasks:
C2 CompilerThread0   3837 2501   !   4       java.net.URL::<init> (543 bytes)
C2 CompilerThread1   3837 2525       4       jdk.internal.loader.URLClassPath::getResource (74 bytes)
C2 CompilerThread2   3837 2524  s!   4       jdk.internal.loader.URLClassPath::getLoader (194 bytes)

VM state:not at safepoint (normal execution)

VM Mutex/Monitor currently owned by a thread: None

Heap address: 0x0000000080000000, size: 2048 MB, Compressed Oops mode: 32-bit
Narrow klass base: 0x0000000000000000, Narrow klass shift: 3
Compressed class space size: 1073741824 Address: 0x0000000100000000

Heap:
 garbage-first heap   total 260096K, used 61384K [0x0000000080000000, 0x0000000100000000)
  region size 1024K, 44 young (45056K), 3 survivors (3072K)
 Metaspace       used 33743K, capacity 34566K, committed 34688K, reserved 1079296K
  class space    used 4383K, capacity 4711K, committed 4736K, reserved 1048576K
Heap Regions: E=young(eden), S=young(survivor), O=old, HS=humongous(starts), HC=humongous(continues), CS=collection set, F=free, A=archive, TAMS=top-at-mark-start (previous, next)
|   0|0x0000000080000000, 0x0000000080100000, 0x0000000080100000|100%| O|  |TAMS 0x0000000080000000, 0x0000000080000000| Untracked 
|   1|0x0000000080100000, 0x0000000080200000, 0x0000000080200000|100%| O|  |TAMS 0x0000000080100000, 0x0000000080100000| Untracked 
|   2|0x0000000080200000, 0x0000000080300000, 0x0000000080300000|100%| O|  |TAMS 0x0000000080200000, 0x0000000080200000| Untracked 
|   3|0x0000000080300000, 0x0000000080400000, 0x0000000080400000|100%|HS|  |TAMS 0x0000000080400000, 0x0000000080300000| Complete 
|   4|0x0000000080400000, 0x0000000080500000, 0x0000000080500000|100%|HC|  |TAMS 0x0000000080500000, 0x0000000080400000| Complete 
|   5|0x0000000080500000, 0x0000000080600000, 0x0000000080600000|100%|HC|  |TAMS 0x0000000080600000, 0x0000000080500000| Complete 
|   6|0x0000000080600000, 0x0000000080700000, 0x0000000080700000|100%| O|  |TAMS 0x0000000080700000, 0x0000000080600000| Untracked 
|   7|0x0000000080700000, 0x0000000080800000, 0x0000000080800000|100%| O|  |TAMS 0x0000000080800000, 0x0000000080700000| Untracked 
|   8|0x0000000080800000, 0x0000000080900000, 0x0000000080900000|100%| O|  |TAMS 0x0000000080900000, 0x0000000080800000| Untracked 
|   9|0x0000000080900000, 0x0000000080a00000, 0x0000000080a00000|100%| O|  |TAMS 0x0000000080932a00, 0x0000000080900000| Untracked 
|  10|0x0000000080a00000, 0x0000000080b00000, 0x0000000080b00000|100%| O|  |TAMS 0x0000000080a00000, 0x0000000080a00000| Untracked 
|  11|0x0000000080b00000, 0x0000000080c00000, 0x0000000080c00000|100%| O|  |TAMS 0x0000000080b00000, 0x0000000080b00000| Untracked 
|  12|0x0000000080c00000, 0x0000000080d00000, 0x0000000080d00000|100%| O|  |TAMS 0x0000000080c00000, 0x0000000080c00000| Untracked 
|  13|0x0000000080d00000, 0x0000000080e00000, 0x0000000080e00000|100%| O|  |TAMS 0x0000000080d00000, 0x0000000080d00000| Untracked 
|  14|0x0000000080e00000, 0x0000000080f00000, 0x0000000080f00000|100%| O|  |TAMS 0x0000000080e00000, 0x0000000080e00000| Untracked 
|  15|0x0000000080f00000, 0x0000000081000000, 0x0000000081000000|100%| O|  |TAMS 0x0000000080f00000, 0x0000000080f00000| Untracked 
|  16|0x0000000081000000, 0x00000000810f9800, 0x0000000081100000| 97%| O|  |TAMS 0x0000000081000000, 0x0000000081000000| Untracked 
|  17|0x0000000081100000, 0x0000000081100000, 0x0000000081200000|  0%| F|  |TAMS 0x0000000081100000, 0x0000000081100000| Untracked 
|  18|0x0000000081200000, 0x0000000081200000, 0x0000000081300000|  0%| F|  |TAMS 0x0000000081200000, 0x0000000081200000| Untracked 
|  19|0x0000000081300000, 0x0000000081300000, 0x0000000081400000|  0%| F|  |TAMS 0x0000000081300000, 0x0000000081300000| Untracked 
|  20|0x0000000081400000, 0x0000000081400000, 0x0000000081500000|  0%| F|  |TAMS 0x0000000081400000, 0x0000000081400000| Untracked 
|  21|0x0000000081500000, 0x0000000081500000, 0x0000000081600000|  0%| F|  |TAMS 0x0000000081500000, 0x0000000081500000| Untracked 
|  22|0x0000000081600000, 0x0000000081600000, 0x0000000081700000|  0%| F|  |TAMS 0x0000000081600000, 0x0000000081600000| Untracked 
|  23|0x0000000081700000, 0x0000000081700000, 0x0000000081800000|  0%| F|  |TAMS 0x0000000081700000, 0x0000000081700000| Untracked 
|  24|0x0000000081800000, 0x0000000081800000, 0x0000000081900000|  0%| F|  |TAMS 0x0000000081800000, 0x0000000081800000| Untracked 
|  25|0x0000000081900000, 0x0000000081900000, 0x0000000081a00000|  0%| F|  |TAMS 0x0000000081900000, 0x0000000081900000| Untracked 
|  26|0x0000000081a00000, 0x0000000081a00000, 0x0000000081b00000|  0%| F|  |TAMS 0x0000000081a00000, 0x0000000081a00000| Untracked 
|  27|0x0000000081b00000, 0x0000000081b00000, 0x0000000081c00000|  0%| F|  |TAMS 0x0000000081b00000, 0x0000000081b00000| Untracked 
|  28|0x0000000081c00000, 0x0000000081c00000, 0x0000000081d00000|  0%| F|  |TAMS 0x0000000081c00000, 0x0000000081c00000| Untracked 
|  29|0x0000000081d00000, 0x0000000081d00000, 0x0000000081e00000|  0%| F|  |TAMS 0x0000000081d00000, 0x0000000081d00000| Untracked 
|  30|0x0000000081e00000, 0x0000000081e00000, 0x0000000081f00000|  0%| F|  |TAMS 0x0000000081e00000, 0x0000000081e00000| Untracked 
|  31|0x0000000081f00000, 0x0000000081f00000, 0x0000000082000000|  0%| F|  |TAMS 0x0000000081f00000, 0x0000000081f00000| Untracked 
|  32|0x0000000082000000, 0x0000000082000000, 0x0000000082100000|  0%| F|  |TAMS 0x0000000082000000, 0x0000000082000000| Untracked 
|  33|0x0000000082100000, 0x0000000082100000, 0x0000000082200000|  0%| F|  |TAMS 0x0000000082100000, 0x0000000082100000| Untracked 
|  34|0x0000000082200000, 0x0000000082200000, 0x0000000082300000|  0%| F|  |TAMS 0x0000000082200000, 0x0000000082200000| Untracked 
|  35|0x0000000082300000, 0x0000000082300000, 0x0000000082400000|  0%| F|  |TAMS 0x0000000082300000, 0x0000000082300000| Untracked 
|  36|0x0000000082400000, 0x0000000082400000, 0x0000000082500000|  0%| F|  |TAMS 0x0000000082400000, 0x0000000082400000| Untracked 
|  37|0x0000000082500000, 0x0000000082500000, 0x0000000082600000|  0%| F|  |TAMS 0x0000000082500000, 0x0000000082500000| Untracked 
|  38|0x0000000082600000, 0x0000000082600000, 0x0000000082700000|  0%| F|  |TAMS 0x0000000082600000, 0x0000000082600000| Untracked 
|  39|0x0000000082700000, 0x0000000082700000, 0x0000000082800000|  0%| F|  |TAMS 0x0000000082700000, 0x0000000082700000| Untracked 
|  40|0x0000000082800000, 0x0000000082800000, 0x0000000082900000|  0%| F|  |TAMS 0x0000000082800000, 0x0000000082800000| Untracked 
|  41|0x0000000082900000, 0x0000000082900000, 0x0000000082a00000|  0%| F|  |TAMS 0x0000000082900000, 0x0000000082900000| Untracked 
|  42|0x0000000082a00000, 0x0000000082a00000, 0x0000000082b00000|  0%| F|  |TAMS 0x0000000082a00000, 0x0000000082a00000| Untracked 
|  43|0x0000000082b00000, 0x0000000082b00000, 0x0000000082c00000|  0%| F|  |TAMS 0x0000000082b00000, 0x0000000082b00000| Untracked 
|  44|0x0000000082c00000, 0x0000000082c00000, 0x0000000082d00000|  0%| F|  |TAMS 0x0000000082c00000, 0x0000000082c00000| Untracked 
|  45|0x0000000082d00000, 0x0000000082d00000, 0x0000000082e00000|  0%| F|  |TAMS 0x0000000082d00000, 0x0000000082d00000| Untracked 
|  46|0x0000000082e00000, 0x0000000082e00000, 0x0000000082f00000|  0%| F|  |TAMS 0x0000000082e00000, 0x0000000082e00000| Untracked 
|  47|0x0000000082f00000, 0x0000000082f00000, 0x0000000083000000|  0%| F|  |TAMS 0x0000000082f00000, 0x0000000082f00000| Untracked 
|  48|0x0000000083000000, 0x0000000083000000, 0x0000000083100000|  0%| F|  |TAMS 0x0000000083000000, 0x0000000083000000| Untracked 
|  49|0x0000000083100000, 0x0000000083100000, 0x0000000083200000|  0%| F|  |TAMS 0x0000000083100000, 0x0000000083100000| Untracked 
|  50|0x0000000083200000, 0x0000000083200000, 0x0000000083300000|  0%| F|  |TAMS 0x0000000083200000, 0x0000000083200000| Untracked 
|  51|0x0000000083300000, 0x0000000083300000, 0x0000000083400000|  0%| F|  |TAMS 0x0000000083300000, 0x0000000083300000| Untracked 
|  52|0x0000000083400000, 0x0000000083400000, 0x0000000083500000|  0%| F|  |TAMS 0x0000000083400000, 0x0000000083400000| Untracked 
|  53|0x0000000083500000, 0x0000000083500000, 0x0000000083600000|  0%| F|  |TAMS 0x0000000083500000, 0x0000000083500000| Untracked 
|  54|0x0000000083600000, 0x0000000083600000, 0x0000000083700000|  0%| F|  |TAMS 0x0000000083600000, 0x0000000083600000| Untracked 
|  55|0x0000000083700000, 0x0000000083700000, 0x0000000083800000|  0%| F|  |TAMS 0x0000000083700000, 0x0000000083700000| Untracked 
|  56|0x0000000083800000, 0x0000000083800000, 0x0000000083900000|  0%| F|  |TAMS 0x0000000083800000, 0x0000000083800000| Untracked 
|  57|0x0000000083900000, 0x0000000083900000, 0x0000000083a00000|  0%| F|  |TAMS 0x0000000083900000, 0x0000000083900000| Untracked 
|  58|0x0000000083a00000, 0x0000000083a00000, 0x0000000083b00000|  0%| F|  |TAMS 0x0000000083a00000, 0x0000000083a00000| Untracked 
|  59|0x0000000083b00000, 0x0000000083b00000, 0x0000000083c00000|  0%| F|  |TAMS 0x0000000083b00000, 0x0000000083b00000| Untracked 
|  60|0x0000000083c00000, 0x0000000083c00000, 0x0000000083d00000|  0%| F|  |TAMS 0x0000000083c00000, 0x0000000083c00000| Untracked 
|  61|0x0000000083d00000, 0x0000000083d00000, 0x0000000083e00000|  0%| F|  |TAMS 0x0000000083d00000, 0x0000000083d00000| Untracked 
|  62|0x0000000083e00000, 0x0000000083e00000, 0x0000000083f00000|  0%| F|  |TAMS 0x0000000083e00000, 0x0000000083e00000| Untracked 
|  63|0x0000000083f00000, 0x0000000083f00000, 0x0000000084000000|  0%| F|  |TAMS 0x0000000083f00000, 0x0000000083f00000| Untracked 
|  64|0x0000000084000000, 0x0000000084000000, 0x0000000084100000|  0%| F|  |TAMS 0x0000000084000000, 0x0000000084000000| Untracked 
|  65|0x0000000084100000, 0x0000000084100000, 0x0000000084200000|  0%| F|  |TAMS 0x0000000084100000, 0x0000000084100000| Untracked 
|  66|0x0000000084200000, 0x0000000084200000, 0x0000000084300000|  0%| F|  |TAMS 0x0000000084200000, 0x0000000084200000| Untracked 
|  67|0x0000000084300000, 0x0000000084300000, 0x0000000084400000|  0%| F|  |TAMS 0x0000000084300000, 0x0000000084300000| Untracked 
|  68|0x0000000084400000, 0x0000000084400000, 0x0000000084500000|  0%| F|  |TAMS 0x0000000084400000, 0x0000000084400000| Untracked 
|  69|0x0000000084500000, 0x0000000084500000, 0x0000000084600000|  0%| F|  |TAMS 0x0000000084500000, 0x0000000084500000| Untracked 
|  70|0x0000000084600000, 0x0000000084600000, 0x0000000084700000|  0%| F|  |TAMS 0x0000000084600000, 0x0000000084600000| Untracked 
|  71|0x0000000084700000, 0x0000000084700000, 0x0000000084800000|  0%| F|  |TAMS 0x0000000084700000, 0x0000000084700000| Untracked 
|  72|0x0000000084800000, 0x0000000084800000, 0x0000000084900000|  0%| F|  |TAMS 0x0000000084800000, 0x0000000084800000| Untracked 
|  73|0x0000000084900000, 0x0000000084900000, 0x0000000084a00000|  0%| F|  |TAMS 0x0000000084900000, 0x0000000084900000| Untracked 
|  74|0x0000000084a00000, 0x0000000084a00000, 0x0000000084b00000|  0%| F|  |TAMS 0x0000000084a00000, 0x0000000084a00000| Untracked 
|  75|0x0000000084b00000, 0x0000000084b00000, 0x0000000084c00000|  0%| F|  |TAMS 0x0000000084b00000, 0x0000000084b00000| Untracked 
|  76|0x0000000084c00000, 0x0000000084c00000, 0x0000000084d00000|  0%| F|  |TAMS 0x0000000084c00000, 0x0000000084c00000| Untracked 
|  77|0x0000000084d00000, 0x0000000084d00000, 0x0000000084e00000|  0%| F|  |TAMS 0x0000000084d00000, 0x0000000084d00000| Untracked 
|  78|0x0000000084e00000, 0x0000000084e00000, 0x0000000084f00000|  0%| F|  |TAMS 0x0000000084e00000, 0x0000000084e00000| Untracked 
|  79|0x0000000084f00000, 0x0000000084f00000, 0x0000000085000000|  0%| F|  |TAMS 0x0000000084f00000, 0x0000000084f00000| Untracked 
|  80|0x0000000085000000, 0x0000000085000000, 0x0000000085100000|  0%| F|  |TAMS 0x0000000085000000, 0x0000000085000000| Untracked 
|  81|0x0000000085100000, 0x0000000085100000, 0x0000000085200000|  0%| F|  |TAMS 0x0000000085100000, 0x0000000085100000| Untracked 
|  82|0x0000000085200000, 0x0000000085200000, 0x0000000085300000|  0%| F|  |TAMS 0x0000000085200000, 0x0000000085200000| Untracked 
|  83|0x0000000085300000, 0x0000000085300000, 0x0000000085400000|  0%| F|  |TAMS 0x0000000085300000, 0x0000000085300000| Untracked 
|  84|0x0000000085400000, 0x0000000085400000, 0x0000000085500000|  0%| F|  |TAMS 0x0000000085400000, 0x0000000085400000| Untracked 
|  85|0x0000000085500000, 0x0000000085500000, 0x0000000085600000|  0%| F|  |TAMS 0x0000000085500000, 0x0000000085500000| Untracked 
|  86|0x0000000085600000, 0x0000000085600000, 0x0000000085700000|  0%| F|  |TAMS 0x0000000085600000, 0x0000000085600000| Untracked 
|  87|0x0000000085700000, 0x0000000085700000, 0x0000000085800000|  0%| F|  |TAMS 0x0000000085700000, 0x0000000085700000| Untracked 
|  88|0x0000000085800000, 0x0000000085800000, 0x0000000085900000|  0%| F|  |TAMS 0x0000000085800000, 0x0000000085800000| Untracked 
|  89|0x0000000085900000, 0x0000000085900000, 0x0000000085a00000|  0%| F|  |TAMS 0x0000000085900000, 0x0000000085900000| Untracked 
|  90|0x0000000085a00000, 0x0000000085a00000, 0x0000000085b00000|  0%| F|  |TAMS 0x0000000085a00000, 0x0000000085a00000| Untracked 
|  91|0x0000000085b00000, 0x0000000085b00000, 0x0000000085c00000|  0%| F|  |TAMS 0x0000000085b00000, 0x0000000085b00000| Untracked 
|  92|0x0000000085c00000, 0x0000000085c00000, 0x0000000085d00000|  0%| F|  |TAMS 0x0000000085c00000, 0x0000000085c00000| Untracked 
|  93|0x0000000085d00000, 0x0000000085d00000, 0x0000000085e00000|  0%| F|  |TAMS 0x0000000085d00000, 0x0000000085d00000| Untracked 
|  94|0x0000000085e00000, 0x0000000085e00000, 0x0000000085f00000|  0%| F|  |TAMS 0x0000000085e00000, 0x0000000085e00000| Untracked 
|  95|0x0000000085f00000, 0x0000000085f00000, 0x0000000086000000|  0%| F|  |TAMS 0x0000000085f00000, 0x0000000085f00000| Untracked 
|  96|0x0000000086000000, 0x0000000086000000, 0x0000000086100000|  0%| F|  |TAMS 0x0000000086000000, 0x0000000086000000| Untracked 
|  97|0x0000000086100000, 0x0000000086100000, 0x0000000086200000|  0%| F|  |TAMS 0x0000000086100000, 0x0000000086100000| Untracked 
|  98|0x0000000086200000, 0x0000000086200000, 0x0000000086300000|  0%| F|  |TAMS 0x0000000086200000, 0x0000000086200000| Untracked 
|  99|0x0000000086300000, 0x0000000086300000, 0x0000000086400000|  0%| F|  |TAMS 0x0000000086300000, 0x0000000086300000| Untracked 
| 100|0x0000000086400000, 0x0000000086400000, 0x0000000086500000|  0%| F|  |TAMS 0x0000000086400000, 0x0000000086400000| Untracked 
| 101|0x0000000086500000, 0x0000000086500000, 0x0000000086600000|  0%| F|  |TAMS 0x0000000086500000, 0x0000000086500000| Untracked 
| 102|0x0000000086600000, 0x0000000086600000, 0x0000000086700000|  0%| F|  |TAMS 0x0000000086600000, 0x0000000086600000| Untracked 
| 103|0x0000000086700000, 0x0000000086700000, 0x0000000086800000|  0%| F|  |TAMS 0x0000000086700000, 0x0000000086700000| Untracked 
| 104|0x0000000086800000, 0x0000000086800000, 0x0000000086900000|  0%| F|  |TAMS 0x0000000086800000, 0x0000000086800000| Untracked 
| 105|0x0000000086900000, 0x0000000086900000, 0x0000000086a00000|  0%| F|  |TAMS 0x0000000086900000, 0x0000000086900000| Untracked 
| 106|0x0000000086a00000, 0x0000000086a00000, 0x0000000086b00000|  0%| F|  |TAMS 0x0000000086a00000, 0x0000000086a00000| Untracked 
| 107|0x0000000086b00000, 0x0000000086b00000, 0x0000000086c00000|  0%| F|  |TAMS 0x0000000086b00000, 0x0000000086b00000| Untracked 
| 108|0x0000000086c00000, 0x0000000086c00000, 0x0000000086d00000|  0%| F|  |TAMS 0x0000000086c00000, 0x0000000086c00000| Untracked 
| 109|0x0000000086d00000, 0x0000000086d00000, 0x0000000086e00000|  0%| F|  |TAMS 0x0000000086d00000, 0x0000000086d00000| Untracked 
| 110|0x0000000086e00000, 0x0000000086e00000, 0x0000000086f00000|  0%| F|  |TAMS 0x0000000086e00000, 0x0000000086e00000| Untracked 
| 111|0x0000000086f00000, 0x0000000086f00000, 0x0000000087000000|  0%| F|  |TAMS 0x0000000086f00000, 0x0000000086f00000| Untracked 
| 112|0x0000000087000000, 0x0000000087000000, 0x0000000087100000|  0%| F|  |TAMS 0x0000000087000000, 0x0000000087000000| Untracked 
| 113|0x0000000087100000, 0x0000000087100000, 0x0000000087200000|  0%| F|  |TAMS 0x0000000087100000, 0x0000000087100000| Untracked 
| 114|0x0000000087200000, 0x0000000087200000, 0x0000000087300000|  0%| F|  |TAMS 0x0000000087200000, 0x0000000087200000| Untracked 
| 115|0x0000000087300000, 0x0000000087300000, 0x0000000087400000|  0%| F|  |TAMS 0x0000000087300000, 0x0000000087300000| Untracked 
| 116|0x0000000087400000, 0x0000000087400000, 0x0000000087500000|  0%| F|  |TAMS 0x0000000087400000, 0x0000000087400000| Untracked 
| 117|0x0000000087500000, 0x0000000087500000, 0x0000000087600000|  0%| F|  |TAMS 0x0000000087500000, 0x0000000087500000| Untracked 
| 118|0x0000000087600000, 0x0000000087600000, 0x0000000087700000|  0%| F|  |TAMS 0x0000000087600000, 0x0000000087600000| Untracked 
| 119|0x0000000087700000, 0x0000000087700000, 0x0000000087800000|  0%| F|  |TAMS 0x0000000087700000, 0x0000000087700000| Untracked 
| 120|0x0000000087800000, 0x0000000087800000, 0x0000000087900000|  0%| F|  |TAMS 0x0000000087800000, 0x0000000087800000| Untracked 
| 121|0x0000000087900000, 0x0000000087900000, 0x0000000087a00000|  0%| F|  |TAMS 0x0000000087900000, 0x0000000087900000| Untracked 
| 122|0x0000000087a00000, 0x0000000087a00000, 0x0000000087b00000|  0%| F|  |TAMS 0x0000000087a00000, 0x0000000087a00000| Untracked 
| 123|0x0000000087b00000, 0x0000000087b00000, 0x0000000087c00000|  0%| F|  |TAMS 0x0000000087b00000, 0x0000000087b00000| Untracked 
| 124|0x0000000087c00000, 0x0000000087c00000, 0x0000000087d00000|  0%| F|  |TAMS 0x0000000087c00000, 0x0000000087c00000| Untracked 
| 125|0x0000000087d00000, 0x0000000087d00000, 0x0000000087e00000|  0%| F|  |TAMS 0x0000000087d00000, 0x0000000087d00000| Untracked 
| 126|0x0000000087e00000, 0x0000000087e00000, 0x0000000087f00000|  0%| F|  |TAMS 0x0000000087e00000, 0x0000000087e00000| Untracked 
| 127|0x0000000087f00000, 0x0000000087f00000, 0x0000000088000000|  0%| F|  |TAMS 0x0000000087f00000, 0x0000000087f00000| Untracked 
| 128|0x0000000088000000, 0x0000000088000000, 0x0000000088100000|  0%| F|  |TAMS 0x0000000088000000, 0x0000000088000000| Untracked 
| 129|0x0000000088100000, 0x0000000088100000, 0x0000000088200000|  0%| F|  |TAMS 0x0000000088100000, 0x0000000088100000| Untracked 
| 130|0x0000000088200000, 0x0000000088200000, 0x0000000088300000|  0%| F|  |TAMS 0x0000000088200000, 0x0000000088200000| Untracked 
| 131|0x0000000088300000, 0x0000000088300000, 0x0000000088400000|  0%| F|  |TAMS 0x0000000088300000, 0x0000000088300000| Untracked 
| 132|0x0000000088400000, 0x0000000088400000, 0x0000000088500000|  0%| F|  |TAMS 0x0000000088400000, 0x0000000088400000| Untracked 
| 133|0x0000000088500000, 0x0000000088500000, 0x0000000088600000|  0%| F|  |TAMS 0x0000000088500000, 0x0000000088500000| Untracked 
| 134|0x0000000088600000, 0x0000000088600000, 0x0000000088700000|  0%| F|  |TAMS 0x0000000088600000, 0x0000000088600000| Untracked 
| 135|0x0000000088700000, 0x0000000088700000, 0x0000000088800000|  0%| F|  |TAMS 0x0000000088700000, 0x0000000088700000| Untracked 
| 136|0x0000000088800000, 0x0000000088800000, 0x0000000088900000|  0%| F|  |TAMS 0x0000000088800000, 0x0000000088800000| Untracked 
| 137|0x0000000088900000, 0x0000000088900000, 0x0000000088a00000|  0%| F|  |TAMS 0x0000000088900000, 0x0000000088900000| Untracked 
| 138|0x0000000088a00000, 0x0000000088a00000, 0x0000000088b00000|  0%| F|  |TAMS 0x0000000088a00000, 0x0000000088a00000| Untracked 
| 139|0x0000000088b00000, 0x0000000088b00000, 0x0000000088c00000|  0%| F|  |TAMS 0x0000000088b00000, 0x0000000088b00000| Untracked 
| 140|0x0000000088c00000, 0x0000000088c00000, 0x0000000088d00000|  0%| F|  |TAMS 0x0000000088c00000, 0x0000000088c00000| Untracked 
| 141|0x0000000088d00000, 0x0000000088d00000, 0x0000000088e00000|  0%| F|  |TAMS 0x0000000088d00000, 0x0000000088d00000| Untracked 
| 142|0x0000000088e00000, 0x0000000088e00000, 0x0000000088f00000|  0%| F|  |TAMS 0x0000000088e00000, 0x0000000088e00000| Untracked 
| 143|0x0000000088f00000, 0x0000000088f00000, 0x0000000089000000|  0%| F|  |TAMS 0x0000000088f00000, 0x0000000088f00000| Untracked 
| 144|0x0000000089000000, 0x0000000089000000, 0x0000000089100000|  0%| F|  |TAMS 0x0000000089000000, 0x0000000089000000| Untracked 
| 145|0x0000000089100000, 0x0000000089100000, 0x0000000089200000|  0%| F|  |TAMS 0x0000000089100000, 0x0000000089100000| Untracked 
| 146|0x0000000089200000, 0x0000000089200000, 0x0000000089300000|  0%| F|  |TAMS 0x0000000089200000, 0x0000000089200000| Untracked 
| 147|0x0000000089300000, 0x0000000089300000, 0x0000000089400000|  0%| F|  |TAMS 0x0000000089300000, 0x0000000089300000| Untracked 
| 148|0x0000000089400000, 0x0000000089400000, 0x0000000089500000|  0%| F|  |TAMS 0x0000000089400000, 0x0000000089400000| Untracked 
| 149|0x0000000089500000, 0x0000000089500000, 0x0000000089600000|  0%| F|  |TAMS 0x0000000089500000, 0x0000000089500000| Untracked 
| 150|0x0000000089600000, 0x0000000089600000, 0x0000000089700000|  0%| F|  |TAMS 0x0000000089600000, 0x0000000089600000| Untracked 
| 151|0x0000000089700000, 0x0000000089700000, 0x0000000089800000|  0%| F|  |TAMS 0x0000000089700000, 0x0000000089700000| Untracked 
| 152|0x0000000089800000, 0x0000000089800000, 0x0000000089900000|  0%| F|  |TAMS 0x0000000089800000, 0x0000000089800000| Untracked 
| 153|0x0000000089900000, 0x0000000089900000, 0x0000000089a00000|  0%| F|  |TAMS 0x0000000089900000, 0x0000000089900000| Untracked 
| 154|0x0000000089a00000, 0x0000000089a00000, 0x0000000089b00000|  0%| F|  |TAMS 0x0000000089a00000, 0x0000000089a00000| Untracked 
| 155|0x0000000089b00000, 0x0000000089b00000, 0x0000000089c00000|  0%| F|  |TAMS 0x0000000089b00000, 0x0000000089b00000| Untracked 
| 156|0x0000000089c00000, 0x0000000089c00000, 0x0000000089d00000|  0%| F|  |TAMS 0x0000000089c00000, 0x0000000089c00000| Untracked 
| 157|0x0000000089d00000, 0x0000000089d00000, 0x0000000089e00000|  0%| F|  |TAMS 0x0000000089d00000, 0x0000000089d00000| Untracked 
| 158|0x0000000089e00000, 0x0000000089e00000, 0x0000000089f00000|  0%| F|  |TAMS 0x0000000089e00000, 0x0000000089e00000| Untracked 
| 159|0x0000000089f00000, 0x0000000089f00000, 0x000000008a000000|  0%| F|  |TAMS 0x0000000089f00000, 0x0000000089f00000| Untracked 
| 160|0x000000008a000000, 0x000000008a000000, 0x000000008a100000|  0%| F|  |TAMS 0x000000008a000000, 0x000000008a000000| Untracked 
| 161|0x000000008a100000, 0x000000008a100000, 0x000000008a200000|  0%| F|  |TAMS 0x000000008a100000, 0x000000008a100000| Untracked 
| 162|0x000000008a200000, 0x000000008a200000, 0x000000008a300000|  0%| F|  |TAMS 0x000000008a200000, 0x000000008a200000| Untracked 
| 163|0x000000008a300000, 0x000000008a300000, 0x000000008a400000|  0%| F|  |TAMS 0x000000008a300000, 0x000000008a300000| Untracked 
| 164|0x000000008a400000, 0x000000008a400000, 0x000000008a500000|  0%| F|  |TAMS 0x000000008a400000, 0x000000008a400000| Untracked 
| 165|0x000000008a500000, 0x000000008a500000, 0x000000008a600000|  0%| F|  |TAMS 0x000000008a500000, 0x000000008a500000| Untracked 
| 166|0x000000008a600000, 0x000000008a600000, 0x000000008a700000|  0%| F|  |TAMS 0x000000008a600000, 0x000000008a600000| Untracked 
| 167|0x000000008a700000, 0x000000008a700000, 0x000000008a800000|  0%| F|  |TAMS 0x000000008a700000, 0x000000008a700000| Untracked 
| 168|0x000000008a800000, 0x000000008a800000, 0x000000008a900000|  0%| F|  |TAMS 0x000000008a800000, 0x000000008a800000| Untracked 
| 169|0x000000008a900000, 0x000000008a900000, 0x000000008aa00000|  0%| F|  |TAMS 0x000000008a900000, 0x000000008a900000| Untracked 
| 170|0x000000008aa00000, 0x000000008aa00000, 0x000000008ab00000|  0%| F|  |TAMS 0x000000008aa00000, 0x000000008aa00000| Untracked 
| 171|0x000000008ab00000, 0x000000008ab00000, 0x000000008ac00000|  0%| F|  |TAMS 0x000000008ab00000, 0x000000008ab00000| Untracked 
| 172|0x000000008ac00000, 0x000000008ac00000, 0x000000008ad00000|  0%| F|  |TAMS 0x000000008ac00000, 0x000000008ac00000| Untracked 
| 173|0x000000008ad00000, 0x000000008ad00000, 0x000000008ae00000|  0%| F|  |TAMS 0x000000008ad00000, 0x000000008ad00000| Untracked 
| 174|0x000000008ae00000, 0x000000008ae00000, 0x000000008af00000|  0%| F|  |TAMS 0x000000008ae00000, 0x000000008ae00000| Untracked 
| 175|0x000000008af00000, 0x000000008af00000, 0x000000008b000000|  0%| F|  |TAMS 0x000000008af00000, 0x000000008af00000| Untracked 
| 176|0x000000008b000000, 0x000000008b000000, 0x000000008b100000|  0%| F|  |TAMS 0x000000008b000000, 0x000000008b000000| Untracked 
| 177|0x000000008b100000, 0x000000008b100000, 0x000000008b200000|  0%| F|  |TAMS 0x000000008b100000, 0x000000008b100000| Untracked 
| 178|0x000000008b200000, 0x000000008b200000, 0x000000008b300000|  0%| F|  |TAMS 0x000000008b200000, 0x000000008b200000| Untracked 
| 179|0x000000008b300000, 0x000000008b300000, 0x000000008b400000|  0%| F|  |TAMS 0x000000008b300000, 0x000000008b300000| Untracked 
| 180|0x000000008b400000, 0x000000008b400000, 0x000000008b500000|  0%| F|  |TAMS 0x000000008b400000, 0x000000008b400000| Untracked 
| 181|0x000000008b500000, 0x000000008b500000, 0x000000008b600000|  0%| F|  |TAMS 0x000000008b500000, 0x000000008b500000| Untracked 
| 182|0x000000008b600000, 0x000000008b6f8880, 0x000000008b700000| 97%| S|CS|TAMS 0x000000008b600000, 0x000000008b600000| Complete 
| 183|0x000000008b700000, 0x000000008b800000, 0x000000008b800000|100%| S|CS|TAMS 0x000000008b700000, 0x000000008b700000| Complete 
| 184|0x000000008b800000, 0x000000008b900000, 0x000000008b900000|100%| S|CS|TAMS 0x000000008b800000, 0x000000008b800000| Complete 
| 185|0x000000008b900000, 0x000000008b900000, 0x000000008ba00000|  0%| F|  |TAMS 0x000000008b900000, 0x000000008b900000| Untracked 
| 186|0x000000008ba00000, 0x000000008ba00000, 0x000000008bb00000|  0%| F|  |TAMS 0x000000008ba00000, 0x000000008ba00000| Untracked 
| 187|0x000000008bb00000, 0x000000008bb00000, 0x000000008bc00000|  0%| F|  |TAMS 0x000000008bb00000, 0x000000008bb00000| Untracked 
| 188|0x000000008bc00000, 0x000000008bc00000, 0x000000008bd00000|  0%| F|  |TAMS 0x000000008bc00000, 0x000000008bc00000| Untracked 
| 189|0x000000008bd00000, 0x000000008bd00000, 0x000000008be00000|  0%| F|  |TAMS 0x000000008bd00000, 0x000000008bd00000| Untracked 
| 190|0x000000008be00000, 0x000000008be00000, 0x000000008bf00000|  0%| F|  |TAMS 0x000000008be00000, 0x000000008be00000| Untracked 
| 191|0x000000008bf00000, 0x000000008bf00000, 0x000000008c000000|  0%| F|  |TAMS 0x000000008bf00000, 0x000000008bf00000| Untracked 
| 192|0x000000008c000000, 0x000000008c000000, 0x000000008c100000|  0%| F|  |TAMS 0x000000008c000000, 0x000000008c000000| Untracked 
| 193|0x000000008c100000, 0x000000008c100000, 0x000000008c200000|  0%| F|  |TAMS 0x000000008c100000, 0x000000008c100000| Untracked 
| 194|0x000000008c200000, 0x000000008c200000, 0x000000008c300000|  0%| F|  |TAMS 0x000000008c200000, 0x000000008c200000| Untracked 
| 195|0x000000008c300000, 0x000000008c300000, 0x000000008c400000|  0%| F|  |TAMS 0x000000008c300000, 0x000000008c300000| Untracked 
| 196|0x000000008c400000, 0x000000008c400000, 0x000000008c500000|  0%| F|  |TAMS 0x000000008c400000, 0x000000008c400000| Untracked 
| 197|0x000000008c500000, 0x000000008c500000, 0x000000008c600000|  0%| F|  |TAMS 0x000000008c500000, 0x000000008c500000| Untracked 
| 198|0x000000008c600000, 0x000000008c600000, 0x000000008c700000|  0%| F|  |TAMS 0x000000008c600000, 0x000000008c600000| Untracked 
| 199|0x000000008c700000, 0x000000008c700000, 0x000000008c800000|  0%| F|  |TAMS 0x000000008c700000, 0x000000008c700000| Untracked 
| 200|0x000000008c800000, 0x000000008c800000, 0x000000008c900000|  0%| F|  |TAMS 0x000000008c800000, 0x000000008c800000| Untracked 
| 201|0x000000008c900000, 0x000000008c900000, 0x000000008ca00000|  0%| F|  |TAMS 0x000000008c900000, 0x000000008c900000| Untracked 
| 202|0x000000008ca00000, 0x000000008ca00000, 0x000000008cb00000|  0%| F|  |TAMS 0x000000008ca00000, 0x000000008ca00000| Untracked 
| 203|0x000000008cb00000, 0x000000008cb00000, 0x000000008cc00000|  0%| F|  |TAMS 0x000000008cb00000, 0x000000008cb00000| Untracked 
| 204|0x000000008cc00000, 0x000000008cc00000, 0x000000008cd00000|  0%| F|  |TAMS 0x000000008cc00000, 0x000000008cc00000| Untracked 
| 205|0x000000008cd00000, 0x000000008cd00000, 0x000000008ce00000|  0%| F|  |TAMS 0x000000008cd00000, 0x000000008cd00000| Untracked 
| 206|0x000000008ce00000, 0x000000008ce00000, 0x000000008cf00000|  0%| F|  |TAMS 0x000000008ce00000, 0x000000008ce00000| Untracked 
| 207|0x000000008cf00000, 0x000000008cf00000, 0x000000008d000000|  0%| F|  |TAMS 0x000000008cf00000, 0x000000008cf00000| Untracked 
| 208|0x000000008d000000, 0x000000008d000000, 0x000000008d100000|  0%| F|  |TAMS 0x000000008d000000, 0x000000008d000000| Untracked 
| 209|0x000000008d100000, 0x000000008d100000, 0x000000008d200000|  0%| F|  |TAMS 0x000000008d100000, 0x000000008d100000| Untracked 
| 210|0x000000008d200000, 0x000000008d200000, 0x000000008d300000|  0%| F|  |TAMS 0x000000008d200000, 0x000000008d200000| Untracked 
| 211|0x000000008d300000, 0x000000008d300000, 0x000000008d400000|  0%| F|  |TAMS 0x000000008d300000, 0x000000008d300000| Untracked 
| 212|0x000000008d400000, 0x000000008d400000, 0x000000008d500000|  0%| F|  |TAMS 0x000000008d400000, 0x000000008d400000| Untracked 
| 213|0x000000008d500000, 0x000000008d580800, 0x000000008d600000| 50%| E|  |TAMS 0x000000008d500000, 0x000000008d500000| Complete 
| 214|0x000000008d600000, 0x000000008d700000, 0x000000008d700000|100%| E|CS|TAMS 0x000000008d600000, 0x000000008d600000| Complete 
| 215|0x000000008d700000, 0x000000008d800000, 0x000000008d800000|100%| E|CS|TAMS 0x000000008d700000, 0x000000008d700000| Complete 
| 216|0x000000008d800000, 0x000000008d900000, 0x000000008d900000|100%| E|CS|TAMS 0x000000008d800000, 0x000000008d800000| Complete 
| 217|0x000000008d900000, 0x000000008da00000, 0x000000008da00000|100%| E|CS|TAMS 0x000000008d900000, 0x000000008d900000| Complete 
| 218|0x000000008da00000, 0x000000008db00000, 0x000000008db00000|100%| E|CS|TAMS 0x000000008da00000, 0x000000008da00000| Complete 
| 219|0x000000008db00000, 0x000000008dc00000, 0x000000008dc00000|100%| E|CS|TAMS 0x000000008db00000, 0x000000008db00000| Complete 
| 220|0x000000008dc00000, 0x000000008dd00000, 0x000000008dd00000|100%| E|CS|TAMS 0x000000008dc00000, 0x000000008dc00000| Complete 
| 221|0x000000008dd00000, 0x000000008de00000, 0x000000008de00000|100%| E|CS|TAMS 0x000000008dd00000, 0x000000008dd00000| Complete 
| 222|0x000000008de00000, 0x000000008df00000, 0x000000008df00000|100%| E|CS|TAMS 0x000000008de00000, 0x000000008de00000| Complete 
| 223|0x000000008df00000, 0x000000008e000000, 0x000000008e000000|100%| E|CS|TAMS 0x000000008df00000, 0x000000008df00000| Complete 
| 224|0x000000008e000000, 0x000000008e100000, 0x000000008e100000|100%| E|CS|TAMS 0x000000008e000000, 0x000000008e000000| Complete 
| 225|0x000000008e100000, 0x000000008e200000, 0x000000008e200000|100%| E|CS|TAMS 0x000000008e100000, 0x000000008e100000| Complete 
| 226|0x000000008e200000, 0x000000008e300000, 0x000000008e300000|100%| E|CS|TAMS 0x000000008e200000, 0x000000008e200000| Complete 
| 227|0x000000008e300000, 0x000000008e400000, 0x000000008e400000|100%| E|CS|TAMS 0x000000008e300000, 0x000000008e300000| Complete 
| 228|0x000000008e400000, 0x000000008e500000, 0x000000008e500000|100%| E|CS|TAMS 0x000000008e400000, 0x000000008e400000| Complete 
| 229|0x000000008e500000, 0x000000008e600000, 0x000000008e600000|100%| E|CS|TAMS 0x000000008e500000, 0x000000008e500000| Complete 
| 230|0x000000008e600000, 0x000000008e700000, 0x000000008e700000|100%| E|CS|TAMS 0x000000008e600000, 0x000000008e600000| Complete 
| 231|0x000000008e700000, 0x000000008e800000, 0x000000008e800000|100%| E|CS|TAMS 0x000000008e700000, 0x000000008e700000| Complete 
| 232|0x000000008e800000, 0x000000008e900000, 0x000000008e900000|100%| E|CS|TAMS 0x000000008e800000, 0x000000008e800000| Complete 
| 233|0x000000008e900000, 0x000000008ea00000, 0x000000008ea00000|100%| E|CS|TAMS 0x000000008e900000, 0x000000008e900000| Complete 
| 234|0x000000008ea00000, 0x000000008eb00000, 0x000000008eb00000|100%| E|CS|TAMS 0x000000008ea00000, 0x000000008ea00000| Complete 
| 235|0x000000008eb00000, 0x000000008ec00000, 0x000000008ec00000|100%| E|CS|TAMS 0x000000008eb00000, 0x000000008eb00000| Complete 
| 236|0x000000008ec00000, 0x000000008ed00000, 0x000000008ed00000|100%| E|CS|TAMS 0x000000008ec00000, 0x000000008ec00000| Complete 
| 237|0x000000008ed00000, 0x000000008ee00000, 0x000000008ee00000|100%| E|CS|TAMS 0x000000008ed00000, 0x000000008ed00000| Complete 
| 238|0x000000008ee00000, 0x000000008ef00000, 0x000000008ef00000|100%| E|CS|TAMS 0x000000008ee00000, 0x000000008ee00000| Complete 
| 239|0x000000008ef00000, 0x000000008f000000, 0x000000008f000000|100%| E|CS|TAMS 0x000000008ef00000, 0x000000008ef00000| Complete 
| 240|0x000000008f000000, 0x000000008f100000, 0x000000008f100000|100%| E|CS|TAMS 0x000000008f000000, 0x000000008f000000| Complete 
| 241|0x000000008f100000, 0x000000008f200000, 0x000000008f200000|100%| E|CS|TAMS 0x000000008f100000, 0x000000008f100000| Complete 
| 242|0x000000008f200000, 0x000000008f300000, 0x000000008f300000|100%| E|CS|TAMS 0x000000008f200000, 0x000000008f200000| Complete 
| 243|0x000000008f300000, 0x000000008f400000, 0x000000008f400000|100%| E|CS|TAMS 0x000000008f300000, 0x000000008f300000| Complete 
| 244|0x000000008f400000, 0x000000008f500000, 0x000000008f500000|100%| E|CS|TAMS 0x000000008f400000, 0x000000008f400000| Complete 
| 245|0x000000008f500000, 0x000000008f600000, 0x000000008f600000|100%| E|CS|TAMS 0x000000008f500000, 0x000000008f500000| Complete 
| 246|0x000000008f600000, 0x000000008f700000, 0x000000008f700000|100%| E|CS|TAMS 0x000000008f600000, 0x000000008f600000| Complete 
| 247|0x000000008f700000, 0x000000008f800000, 0x000000008f800000|100%| E|CS|TAMS 0x000000008f700000, 0x000000008f700000| Complete 
| 248|0x000000008f800000, 0x000000008f900000, 0x000000008f900000|100%| E|CS|TAMS 0x000000008f800000, 0x000000008f800000| Complete 
| 249|0x000000008f900000, 0x000000008fa00000, 0x000000008fa00000|100%| E|CS|TAMS 0x000000008f900000, 0x000000008f900000| Complete 
| 250|0x000000008fa00000, 0x000000008fb00000, 0x000000008fb00000|100%| E|CS|TAMS 0x000000008fa00000, 0x000000008fa00000| Complete 
| 251|0x000000008fb00000, 0x000000008fc00000, 0x000000008fc00000|100%| E|CS|TAMS 0x000000008fb00000, 0x000000008fb00000| Complete 
| 252|0x000000008fc00000, 0x000000008fd00000, 0x000000008fd00000|100%| E|CS|TAMS 0x000000008fc00000, 0x000000008fc00000| Complete 
| 253|0x000000008fd00000, 0x000000008fe00000, 0x000000008fe00000|100%| E|CS|TAMS 0x000000008fd00000, 0x000000008fd00000| Complete 

Card table byte_map: [0x000001e1b8df0000,0x000001e1b91f0000] _byte_map_base: 0x000001e1b89f0000

Marking Bits (Prev, Next): (CMBitMap*) 0x000001e1a5bef8f0, (CMBitMap*) 0x000001e1a5bef8b8
 Prev Bits: [0x000001e1bb5f0000, 0x000001e1bd5f0000)
 Next Bits: [0x000001e1b95f0000, 0x000001e1bb5f0000)

Polling page: 0x000001e1a3bb0000

Metaspace:

Usage:
  Non-class:     29.34 MB capacity,    28.87 MB ( 98%) used,   413.15 KB (  1%) free+waste,    70.25 KB ( <1%) overhead. 
      Class:      4.63 MB capacity,     4.31 MB ( 93%) used,   294.95 KB (  6%) free+waste,    34.63 KB ( <1%) overhead. 
       Both:     33.97 MB capacity,    33.18 MB ( 98%) used,   708.09 KB (  2%) free+waste,   104.88 KB ( <1%) overhead. 

Virtual space:
  Non-class space:       30.00 MB reserved,      29.50 MB ( 98%) committed 
      Class space:        1.00 GB reserved,       4.75 MB ( <1%) committed 
             Both:        1.03 GB reserved,      34.25 MB (  3%) committed 

Chunk freelists:
   Non-Class:  33.00 KB
       Class:  25.00 KB
        Both:  58.00 KB

MaxMetaspaceSize: 17179869184.00 GB
CompressedClassSpaceSize: 1.00 GB
Initial GC threshold: 20.80 MB
Current GC threshold: 35.00 MB
CDS: off

CodeHeap 'non-profiled nmethods': size=120000Kb used=1384Kb max_used=1384Kb free=118615Kb
 bounds [0x000001e1b1190000, 0x000001e1b1400000, 0x000001e1b86c0000]
CodeHeap 'profiled nmethods': size=120000Kb used=5729Kb max_used=5729Kb free=114270Kb
 bounds [0x000001e1a9c60000, 0x000001e1aa200000, 0x000001e1b1190000]
CodeHeap 'non-nmethods': size=5760Kb used=1239Kb max_used=1294Kb free=4520Kb
 bounds [0x000001e1a96c0000, 0x000001e1a9930000, 0x000001e1a9c60000]
 total_blobs=3199 nmethods=2686 adapters=425
 compilation: enabled
              stopped_count=0, restarted_count=0
 full_count=0

Compilation events (20 events):
Event: 3.807 Thread 0x000001e1c0913000 2687       3       java.util.regex.Pattern$$Lambda$12/0x0000000100063440::is (9 bytes)
Event: 3.807 Thread 0x000001e1c0913000 nmethod 2687 0x000001e1aa1f0c10 code [0x000001e1aa1f0de0, 0x000001e1aa1f1018]
Event: 3.807 Thread 0x000001e1c0913000 2688       3       java.util.regex.Pattern::lambda$clazz$1 (22 bytes)
Event: 3.807 Thread 0x000001e1c0913000 nmethod 2688 0x000001e1aa1f1190 code [0x000001e1aa1f1340, 0x000001e1aa1f14f8]
Event: 3.812 Thread 0x000001e1c0913000 2689       3       org.codehaus.groovy.vmplugin.v9.Java9::checkCanSetAccessible (137 bytes)
Event: 3.813 Thread 0x000001e1c0913000 nmethod 2689 0x000001e1aa1f1610 code [0x000001e1aa1f1940, 0x000001e1aa1f2b78]
Event: 3.813 Thread 0x000001e1c0913000 2692       3       org.codehaus.groovy.reflection.CachedClass::getCachedSuperClass (11 bytes)
Event: 3.813 Thread 0x000001e1c0913000 nmethod 2692 0x000001e1aa1f3190 code [0x000001e1aa1f3360, 0x000001e1aa1f3608]
Event: 3.813 Thread 0x000001e1c0913000 2690       3       org.codehaus.groovy.runtime.metaclass.NewMetaMethod::<init> (56 bytes)
Event: 3.814 Thread 0x000001e1c0913000 nmethod 2690 0x000001e1aa1f3710 code [0x000001e1aa1f3960, 0x000001e1aa1f42d8]
Event: 3.814 Thread 0x000001e1c0913000 2691       3       org.codehaus.groovy.runtime.metaclass.ReflectionMetaMethod::<init> (18 bytes)
Event: 3.814 Thread 0x000001e1c0913000 nmethod 2691 0x000001e1aa1f4610 code [0x000001e1aa1f4800, 0x000001e1aa1f4d68]
Event: 3.818 Thread 0x000001e1c0913000 2693       3       java.util.stream.ReferencePipeline$StatelessOp::<init> (29 bytes)
Event: 3.819 Thread 0x000001e1c0913000 nmethod 2693 0x000001e1aa1f4f90 code [0x000001e1aa1f5160, 0x000001e1aa1f5308]
Event: 3.819 Thread 0x000001e1c0913000 2694       3       java.util.stream.ReferencePipeline::<init> (7 bytes)
Event: 3.819 Thread 0x000001e1c0913000 nmethod 2694 0x000001e1aa1f5410 code [0x000001e1aa1f55c0, 0x000001e1aa1f56e8]
Event: 3.819 Thread 0x000001e1c0913000 2695       3       java.util.stream.Sink$ChainedReference::<init> (16 bytes)
Event: 3.819 Thread 0x000001e1c0913000 nmethod 2695 0x000001e1aa1f5790 code [0x000001e1aa1f5980, 0x000001e1aa1f5d88]
Event: 3.819 Thread 0x000001e1c0913000 2696       3       java.util.StringJoiner::getChars (15 bytes)
Event: 3.819 Thread 0x000001e1c0913000 nmethod 2696 0x000001e1aa1f5f10 code [0x000001e1aa1f60e0, 0x000001e1aa1f6328]

GC Heap History (6 events):
Event: 0.652 GC heap before
{Heap before GC invocations=0 (full 0):
 garbage-first heap   total 260096K, used 30720K [0x0000000080000000, 0x0000000100000000)
  region size 1024K, 24 young (24576K), 0 survivors (0K)
 Metaspace       used 9837K, capacity 10050K, committed 10112K, reserved 1058816K
  class space    used 1027K, capacity 1102K, committed 1152K, reserved 1048576K
}
Event: 0.656 GC heap after
{Heap after GC invocations=1 (full 0):
 garbage-first heap   total 260096K, used 9418K [0x0000000080000000, 0x0000000100000000)
  region size 1024K, 3 young (3072K), 3 survivors (3072K)
 Metaspace       used 9837K, capacity 10050K, committed 10112K, reserved 1058816K
  class space    used 1027K, capacity 1102K, committed 1152K, reserved 1048576K
}
Event: 2.608 GC heap before
{Heap before GC invocations=1 (full 0):
 garbage-first heap   total 260096K, used 112842K [0x0000000080000000, 0x0000000100000000)
  region size 1024K, 105 young (107520K), 3 survivors (3072K)
 Metaspace       used 20753K, capacity 21140K, committed 21248K, reserved 1067008K
  class space    used 2559K, capacity 2713K, committed 2816K, reserved 1048576K
}
Event: 2.617 GC heap after
{Heap after GC invocations=2 (full 0):
 garbage-first heap   total 260096K, used 17032K [0x0000000080000000, 0x0000000100000000)
  region size 1024K, 11 young (11264K), 11 survivors (11264K)
 Metaspace       used 20753K, capacity 21140K, committed 21248K, reserved 1067008K
  class space    used 2559K, capacity 2713K, committed 2816K, reserved 1048576K
}
Event: 3.285 GC heap before
{Heap before GC invocations=3 (full 0):
 garbage-first heap   total 260096K, used 87688K [0x0000000080000000, 0x0000000100000000)
  region size 1024K, 80 young (81920K), 11 survivors (11264K)
 Metaspace       used 27653K, capacity 28335K, committed 28544K, reserved 1073152K
  class space    used 3646K, capacity 3890K, committed 3968K, reserved 1048576K
}
Event: 3.293 GC heap after
{Heap after GC invocations=4 (full 0):
 garbage-first heap   total 260096K, used 20424K [0x0000000080000000, 0x0000000100000000)
  region size 1024K, 3 young (3072K), 3 survivors (3072K)
 Metaspace       used 27653K, capacity 28335K, committed 28544K, reserved 1073152K
  class space    used 3646K, capacity 3890K, committed 3968K, reserved 1048576K
}

Deoptimization events (20 events):
Event: 3.330 Thread 0x000001e1c4803800 DEOPT PACKING pc=0x000001e1b127684c sp=0x000000c97f5f8d50
Event: 3.330 Thread 0x000001e1c4803800 DEOPT UNPACKING pc=0x000001e1a970a1af sp=0x000000c97f5f8c88 mode 2
Event: 3.330 Thread 0x000001e1c4803800 Uncommon trap: trap_request=0xffffff4d fr.pc=0x000001e1b129102c relative=0x000000000000008c
Event: 3.330 Thread 0x000001e1c4803800 Uncommon trap: reason=unstable_if action=reinterpret pc=0x000001e1b129102c method=java.util.HashMap.hash(Ljava/lang/Object;)I @ 1 c2
Event: 3.330 Thread 0x000001e1c4803800 DEOPT PACKING pc=0x000001e1b129102c sp=0x000000c97f5f8ac0
Event: 3.330 Thread 0x000001e1c4803800 DEOPT UNPACKING pc=0x000001e1a970a1af sp=0x000000c97f5f8a58 mode 2
Event: 3.517 Thread 0x000001e1c4803800 Uncommon trap: trap_request=0xffffff4d fr.pc=0x000001e1b12d2f64 relative=0x00000000000001a4
Event: 3.517 Thread 0x000001e1c4803800 Uncommon trap: reason=unstable_if action=reinterpret pc=0x000001e1b12d2f64 method=java.util.regex.Pattern$BmpCharProperty.match(Ljava/util/regex/Matcher;ILjava/lang/CharSequence;)Z @ 39 c2
Event: 3.517 Thread 0x000001e1c4803800 DEOPT PACKING pc=0x000001e1b12d2f64 sp=0x000000c97f5f9710
Event: 3.517 Thread 0x000001e1c4803800 DEOPT UNPACKING pc=0x000001e1a970a1af sp=0x000000c97f5f96c0 mode 2
Event: 3.517 Thread 0x000001e1c4803800 DEOPT PACKING pc=0x000001e1aa050fd5 sp=0x000000c97f5f8b80
Event: 3.517 Thread 0x000001e1c4803800 DEOPT UNPACKING pc=0x000001e1a970a95e sp=0x000000c97f5f80a0 mode 0
Event: 3.550 Thread 0x000001e1c4803800 Uncommon trap: trap_request=0xffffff4d fr.pc=0x000001e1b126d550 relative=0x00000000000001f0
Event: 3.550 Thread 0x000001e1c4803800 Uncommon trap: reason=unstable_if action=reinterpret pc=0x000001e1b126d550 method=java.util.HashMap.putVal(ILjava/lang/Object;Ljava/lang/Object;ZZ)Ljava/lang/Object; @ 162 c2
Event: 3.550 Thread 0x000001e1c4803800 DEOPT PACKING pc=0x000001e1b126d550 sp=0x000000c97f5fa7c0
Event: 3.550 Thread 0x000001e1c4803800 DEOPT UNPACKING pc=0x000001e1a970a1af sp=0x000000c97f5fa740 mode 2
Event: 3.809 Thread 0x000001e1c4803800 Uncommon trap: trap_request=0xffffff4d fr.pc=0x000001e1b12a38cc relative=0x00000000000052ac
Event: 3.809 Thread 0x000001e1c4803800 Uncommon trap: reason=unstable_if action=reinterpret pc=0x000001e1b12a38cc method=jdk.internal.loader.BuiltinClassLoader.loadClassOrNull(Ljava/lang/String;Z)Ljava/lang/Class; @ 42 c2
Event: 3.809 Thread 0x000001e1c4803800 DEOPT PACKING pc=0x000001e1b12a38cc sp=0x000000c97f5f53c0
Event: 3.809 Thread 0x000001e1c4803800 DEOPT UNPACKING pc=0x000001e1a970a1af sp=0x000000c97f5f5240 mode 2

Classes redefined (0 events):
No events

Internal exceptions (20 events):
Event: 3.124 Thread 0x000001e1c4803800 Exception <a 'java/lang/NoSuchMethodError'{0x000000008cbaf8f0}: 'java.lang.Object java.lang.invoke.DirectMethodHandle$Holder.invokeVirtual(java.lang.Object, java.lang.Object, java.lang.Object)'> (0x000000008cbaf8f0) thrown at [./src/hotspot/share/interpreter/linkResolver.cpp, line 773]
Event: 3.126 Thread 0x000001e1c4803800 Exception <a 'java/lang/NoSuchMethodError'{0x000000008cbd7d58}: 'int java.lang.invoke.DirectMethodHandle$Holder.invokeVirtual(java.lang.Object, java.lang.Object)'> (0x000000008cbd7d58) thrown at [./src/hotspot/share/interpreter/linkResolver.cpp, line 773]
Event: 3.130 Thread 0x000001e1c4803800 Exception <a 'java/lang/NoSuchMethodError'{0x000000008ca12970}: 'int java.lang.invoke.DirectMethodHandle$Holder.invokeVirtual(java.lang.Object, java.lang.Object, java.lang.Object)'> (0x000000008ca12970) thrown at [./src/hotspot/share/interpreter/linkResolver.cpp, line 773]
Event: 3.149 Thread 0x000001e1c4803800 Exception <a 'java/lang/NoSuchMethodError'{0x000000008c976210}: 'void java.lang.invoke.DirectMethodHandle$Holder.invokeSpecial(java.lang.Object, java.lang.Object)'> (0x000000008c976210) thrown at [./src/hotspot/share/interpreter/linkResolver.cpp, line 773]
Event: 3.231 Thread 0x000001e1c4803800 Exception <a 'java/lang/NoSuchMethodError'{0x000000008c0f9808}: 'java.lang.Object java.lang.invoke.DirectMethodHandle$Holder.invokeSpecialIFC(java.lang.Object, java.lang.Object, java.lang.Object, java.lang.Object)'> (0x000000008c0f9808) thrown at [./src/hotspot/share/interpreter/linkResolver.cpp, line 773]
Event: 3.239 Thread 0x000001e1c4803800 Exception <a 'java/lang/NoSuchMethodError'{0x000000008bfd7c88}: 'java.lang.Object java.lang.invoke.DirectMethodHandle$Holder.invokeSpecial(java.lang.Object, java.lang.Object, java.lang.Object, java.lang.Object, java.lang.Object, java.lang.Object, java.lang.Object, java.lang.Object, java.lang.Object, java.lang.Object, java.lang.Object, java.lang.Object, java.lang.Object)'> (0x000000008bfd7c88) thrown at [./src/hotspot/share/interpreter/linkResolver.cpp, line 773]
Event: 3.240 Thread 0x000001e1c4803800 Exception <a 'java/lang/NoSuchMethodError'{0x000000008bfe8ae8}: 'java.lang.Object java.lang.invoke.DirectMethodHandle$Holder.invokeSpecial(java.lang.Object, java.lang.Object, java.lang.Object, java.lang.Object, java.lang.Object, java.lang.Object, java.lang.Object, java.lang.Object, java.lang.Object, java.lang.Object, java.lang.Object, java.lang.Object)'> (0x000000008bfe8ae8) thrown at [./src/hotspot/share/interpreter/linkResolver.cpp, line 773]
Event: 3.240 Thread 0x000001e1c4803800 Exception <a 'java/lang/NoSuchMethodError'{0x000000008bfedc10}: 'java.lang.Object java.lang.invoke.Invokers$Holder.linkToTargetMethod(java.lang.Object, java.lang.Object, java.lang.Object, java.lang.Object, java.lang.Object, java.lang.Object, java.lang.Object, java.lang.Object, java.lang.Object, java.lang.Object, java.lang.Object)'> (0x000000008bfedc10) thrown at [./src/hotspot/share/interpreter/linkResolver.cpp, line 773]
Event: 3.247 Thread 0x000001e1c4803800 Exception <a 'java/lang/NoSuchMethodError'{0x000000008bd32940}: 'java.lang.Object java.lang.invoke.DirectMethodHandle$Holder.invokeSpecial(java.lang.Object, java.lang.Object, java.lang.Object, java.lang.Object, java.lang.Object, java.lang.Object, java.lang.Object, java.lang.Object, java.lang.Object, java.lang.Object, java.lang.Object, java.lang.Object, java.lang.Object, java.lang.Object)'> (0x000000008bd32940) thrown at [./src/hotspot/share/interpreter/linkResolver.cpp, line 773]
Event: 3.248 Thread 0x000001e1c4803800 Exception <a 'java/lang/NoSuchMethodError'{0x000000008bd43fb8}: 'java.lang.Object java.lang.invoke.Invokers$Holder.linkToTargetMethod(java.lang.Object, java.lang.Object, java.lang.Object, java.lang.Object, java.lang.Object, java.lang.Object, java.lang.Object, java.lang.Object, java.lang.Object, java.lang.Object, java.lang.Object, java.lang.Object)'> (0x000000008bd43fb8) thrown at [./src/hotspot/share/interpreter/linkResolver.cpp, line 773]
Event: 3.258 Thread 0x000001e1c4803800 Exception <a 'java/lang/NoSuchMethodError'{0x000000008bc2e678}: 'java.lang.Object java.lang.invoke.DirectMethodHandle$Holder.invokeStaticInit(java.lang.Object, java.lang.Object, java.lang.Object, java.lang.Object)'> (0x000000008bc2e678) thrown at [./src/hotspot/share/interpreter/linkResolver.cpp, line 773]
Event: 3.330 Thread 0x000001e1c4803800 Implicit null exception at 0x000001e1b1276675 to 0x000001e1b127683c
Event: 3.330 Thread 0x000001e1c4803800 Implicit null exception at 0x000001e1b1290faf to 0x000001e1b129101d
Event: 3.434 Thread 0x000001e1c4803800 Exception <a 'java/lang/NoSuchMethodError'{0x000000008f09ede0}: 'java.lang.Object java.lang.invoke.Invokers$Holder.linkToTargetMethod(java.lang.Object, java.lang.Object, java.lang.Object, java.lang.Object, java.lang.Object, java.lang.Object, java.lang.Object, java.lang.Object)'> (0x000000008f09ede0) thrown at [./src/hotspot/share/interpreter/linkResolver.cpp, line 773]
Event: 3.437 Thread 0x000001e1c4803800 Exception <a 'java/lang/NoSuchMethodError'{0x000000008f0ed008}: 'java.lang.Object java.lang.invoke.Invokers$Holder.linkToTargetMethod(java.lang.Object, java.lang.Object, java.lang.Object, java.lang.Object, java.lang.Object, java.lang.Object, java.lang.Object)'> (0x000000008f0ed008) thrown at [./src/hotspot/share/interpreter/linkResolver.cpp, line 773]
Event: 3.439 Thread 0x000001e1c4803800 Exception <a 'java/lang/IncompatibleClassChangeError'{0x000000008ef2da08}: Found class java.lang.Object, but interface was expected> (0x000000008ef2da08) thrown at [./src/hotspot/share/interpreter/linkResolver.cpp, line 839]
Event: 3.638 Thread 0x000001e1c4803800 Exception <a 'java/lang/NoSuchMethodError'{0x000000008db78ed0}: 'void java.lang.invoke.DirectMethodHandle$Holder.invokeStaticInit(java.lang.Object, java.lang.Object, java.lang.Object)'> (0x000000008db78ed0) thrown at [./src/hotspot/share/interpreter/linkResolver.cpp, line 773]
Event: 3.638 Thread 0x000001e1c4803800 Exception <a 'java/lang/NoSuchMethodError'{0x000000008db80128}: 'void java.lang.invoke.DirectMethodHandle$Holder.invokeStaticInit(java.lang.Object, java.lang.Object, java.lang.Object, java.lang.Object)'> (0x000000008db80128) thrown at [./src/hotspot/share/interpreter/linkResolver.cpp, line 773]
Event: 3.641 Thread 0x000001e1c4803800 Exception <a 'java/lang/NoSuchMethodError'{0x000000008dba2a08}: 'void java.lang.invoke.DirectMethodHandle$Holder.invokeStaticInit(java.lang.Object, java.lang.Object, java.lang.Object, java.lang.Object, java.lang.Object)'> (0x000000008dba2a08) thrown at [./src/hotspot/share/interpreter/linkResolver.cpp, line 773]
Event: 3.679 Thread 0x000001e1c4803800 Exception <a 'java/lang/NoSuchMethodError'{0x000000008da01f50}: 'int java.lang.invoke.DirectMethodHandle$Holder.invokeStaticInit(java.lang.Object, java.lang.Object, java.lang.Object, java.lang.Object)'> (0x000000008da01f50) thrown at [./src/hotspot/share/interpreter/linkResolver.cpp, line 773]

Events (20 events):
Event: 3.808 loading class org/apache/groovy/dateutil/extensions/DateUtilStaticExtensions
Event: 3.808 loading class org/apache/groovy/dateutil/extensions/DateUtilStaticExtensions done
Event: 3.809 Executing VM operation: RevokeBias
Event: 3.809 Executing VM operation: RevokeBias done
Event: 3.809 Executing VM operation: RevokeBias
Event: 3.809 Executing VM operation: RevokeBias done
Event: 3.813 Executing VM operation: RevokeBias
Event: 3.813 Executing VM operation: RevokeBias done
Event: 3.813 loading class org/apache/groovy/nio/extensions/NioExtensions
Event: 3.813 loading class org/apache/groovy/nio/extensions/NioExtensions done
Event: 3.817 loading class groovy/io/FileVisitResult
Event: 3.817 loading class groovy/io/FileVisitResult done
Event: 3.819 loading class java/nio/file/WatchService
Event: 3.819 loading class java/nio/file/WatchService done
Event: 3.819 loading class java/nio/file/WatchEvent$Kind
Event: 3.819 loading class java/nio/file/WatchEvent$Kind done
Event: 3.819 loading class java/nio/file/WatchKey
Event: 3.819 loading class java/nio/file/WatchKey done
Event: 3.819 loading class java/nio/file/WatchEvent$Modifier
Event: 3.819 loading class java/nio/file/WatchEvent$Modifier done


Dynamic libraries:
0x00007ff7e00d0000 - 0x00007ff7e00da000 	D:\Program Files\Android\Android Studio\jre\bin\java.exe
0x00007ff8ba480000 - 0x00007ff8ba689000 	C:\Windows\SYSTEM32\ntdll.dll
0x00007ff8b9a90000 - 0x00007ff8b9b4e000 	C:\Windows\System32\KERNEL32.DLL
0x00007ff8b79c0000 - 0x00007ff8b7d3c000 	C:\Windows\System32\KERNELBASE.dll
0x00007ff8b81b0000 - 0x00007ff8b82c1000 	C:\Windows\System32\ucrtbase.dll
0x00007ff8b39d0000 - 0x00007ff8b39e7000 	D:\Program Files\Android\Android Studio\jre\bin\VCRUNTIME140.dll
0x00007ff8a8a10000 - 0x00007ff8a8a29000 	D:\Program Files\Android\Android Studio\jre\bin\jli.dll
0x00007ff8ba1e0000 - 0x00007ff8ba38d000 	C:\Windows\System32\USER32.dll
0x00007ff8b82d0000 - 0x00007ff8b82f6000 	C:\Windows\System32\win32u.dll
0x00007ff8a3390000 - 0x00007ff8a3635000 	C:\Windows\WinSxS\amd64_microsoft.windows.common-controls_6595b64144ccf1df_6.0.22000.120_none_9d947278b86cc467\COMCTL32.dll
0x00007ff8b9260000 - 0x00007ff8b9289000 	C:\Windows\System32\GDI32.dll
0x00007ff8b9f70000 - 0x00007ff8ba013000 	C:\Windows\System32\msvcrt.dll
0x00007ff8b7e00000 - 0x00007ff8b7f18000 	C:\Windows\System32\gdi32full.dll
0x00007ff8b8090000 - 0x00007ff8b812d000 	C:\Windows\System32\msvcp_win.dll
0x00007ff8b8300000 - 0x00007ff8b8331000 	C:\Windows\System32\IMM32.DLL
0x00007ff897e00000 - 0x00007ff897e9d000 	D:\Program Files\Android\Android Studio\jre\bin\msvcp140.dll
0x00007ff872fa0000 - 0x00007ff873a85000 	D:\Program Files\Android\Android Studio\jre\bin\server\jvm.dll
0x00007ff8ba390000 - 0x00007ff8ba43e000 	C:\Windows\System32\ADVAPI32.dll
0x00007ff8b8340000 - 0x00007ff8b83de000 	C:\Windows\System32\sechost.dll
0x00007ff8b9c00000 - 0x00007ff8b9d20000 	C:\Windows\System32\RPCRT4.dll
0x00007ff8ba030000 - 0x00007ff8ba038000 	C:\Windows\System32\PSAPI.DLL
0x00007ff89fae0000 - 0x00007ff89fae9000 	C:\Windows\SYSTEM32\WSOCK32.dll
0x00007ff8b15d0000 - 0x00007ff8b1603000 	C:\Windows\SYSTEM32\WINMM.dll
0x00007ff8b8460000 - 0x00007ff8b84cf000 	C:\Windows\System32\WS2_32.dll
0x00007ff8b1640000 - 0x00007ff8b164a000 	C:\Windows\SYSTEM32\VERSION.dll
0x00007ff8b6a80000 - 0x00007ff8b6a98000 	C:\Windows\SYSTEM32\kernel.appcore.dll
0x00007ff8ab8b0000 - 0x00007ff8ab8c1000 	D:\Program Files\Android\Android Studio\jre\bin\verify.dll
0x00007ff8b5320000 - 0x00007ff8b5541000 	C:\Windows\SYSTEM32\DBGHELP.DLL
0x00007ff89e7e0000 - 0x00007ff89e811000 	C:\Windows\SYSTEM32\dbgcore.DLL
0x00007ff8b8130000 - 0x00007ff8b81af000 	C:\Windows\System32\bcryptPrimitives.dll
0x00007ff8ab790000 - 0x00007ff8ab7b9000 	D:\Program Files\Android\Android Studio\jre\bin\java.dll
0x00007ff8b39c0000 - 0x00007ff8b39cb000 	D:\Program Files\Android\Android Studio\jre\bin\jimage.dll
0x00007ff8ab700000 - 0x00007ff8ab718000 	D:\Program Files\Android\Android Studio\jre\bin\zip.dll
0x00007ff8b84d0000 - 0x00007ff8b8c95000 	C:\Windows\System32\SHELL32.dll
0x00007ff8b5a00000 - 0x00007ff8b6265000 	C:\Windows\SYSTEM32\windows.storage.dll
0x00007ff8b8e10000 - 0x00007ff8b9186000 	C:\Windows\System32\combase.dll
0x00007ff8b5890000 - 0x00007ff8b59f6000 	C:\Windows\SYSTEM32\wintypes.dll
0x00007ff8b9290000 - 0x00007ff8b937a000 	C:\Windows\System32\SHCORE.dll
0x00007ff8b9f00000 - 0x00007ff8b9f5d000 	C:\Windows\System32\shlwapi.dll
0x00007ff8b7880000 - 0x00007ff8b78a1000 	C:\Windows\SYSTEM32\profapi.dll
0x00007ff8ab6d0000 - 0x00007ff8ab6ea000 	D:\Program Files\Android\Android Studio\jre\bin\net.dll
0x00007ff8b1270000 - 0x00007ff8b1382000 	C:\Windows\SYSTEM32\WINHTTP.dll
0x00007ff8b6f10000 - 0x00007ff8b6f77000 	C:\Windows\system32\mswsock.dll
0x00007ff8ab590000 - 0x00007ff8ab5a4000 	D:\Program Files\Android\Android Studio\jre\bin\nio.dll
0x00007ff8a1fb0000 - 0x00007ff8a1fd7000 	C:\Users\Omaraldin\.gradle\native\e1d6ef7f7dcc3fd88c89a11ec53ec762bb8ba0a96d01ffa2cd45eb1d1d8dd5c5\windows-amd64\native-platform.dll
0x00007ff88f450000 - 0x00007ff88f594000 	C:\Users\Omaraldin\.gradle\native\5664cfc778a61ccfe75a443a1ab52a65af34e5dc3c78e0209fed803814484fcb\windows-amd64\native-platform-file-events.dll
0x00007ff8b20a0000 - 0x00007ff8b20aa000 	D:\Program Files\Android\Android Studio\jre\bin\management.dll
0x00007ff8b1700000 - 0x00007ff8b170d000 	D:\Program Files\Android\Android Studio\jre\bin\management_ext.dll
0x00007ff8b71f0000 - 0x00007ff8b7208000 	C:\Windows\SYSTEM32\CRYPTSP.dll
0x00007ff8b69e0000 - 0x00007ff8b6a15000 	C:\Windows\system32\rsaenh.dll
0x00007ff8b6fb0000 - 0x00007ff8b6fd9000 	C:\Windows\SYSTEM32\USERENV.dll
0x00007ff8b7330000 - 0x00007ff8b7357000 	C:\Windows\SYSTEM32\bcrypt.dll
0x00007ff8b7100000 - 0x00007ff8b710c000 	C:\Windows\SYSTEM32\CRYPTBASE.dll
0x00007ff8b65b0000 - 0x00007ff8b65dd000 	C:\Windows\SYSTEM32\IPHLPAPI.DLL
0x00007ff8b9520000 - 0x00007ff8b9529000 	C:\Windows\System32\NSI.dll
0x00007ff8b1110000 - 0x00007ff8b1129000 	C:\Windows\SYSTEM32\dhcpcsvc6.DLL
0x00007ff8b1a10000 - 0x00007ff8b1a2e000 	C:\Windows\SYSTEM32\dhcpcsvc.DLL
0x00007ff8b65e0000 - 0x00007ff8b66c8000 	C:\Windows\SYSTEM32\DNSAPI.dll

dbghelp: loaded successfully - version: 4.0.5 - missing functions: none
symbol engine: initialized successfully - sym options: 0x614 - pdb path: .;D:\Program Files\Android\Android Studio\jre\bin;C:\Windows\SYSTEM32;C:\Windows\WinSxS\amd64_microsoft.windows.common-controls_6595b64144ccf1df_6.0.22000.120_none_9d947278b86cc467;D:\Program Files\Android\Android Studio\jre\bin\server;C:\Users\Omaraldin\.gradle\native\e1d6ef7f7dcc3fd88c89a11ec53ec762bb8ba0a96d01ffa2cd45eb1d1d8dd5c5\windows-amd64;C:\Users\Omaraldin\.gradle\native\5664cfc778a61ccfe75a443a1ab52a65af34e5dc3c78e0209fed803814484fcb\windows-amd64

VM Arguments:
jvm_args: --add-opens=java.base/java.util=ALL-UNNAMED --add-opens=java.base/java.lang=ALL-UNNAMED --add-opens=java.base/java.lang.invoke=ALL-UNNAMED --add-opens=java.base/java.util=ALL-UNNAMED --add-opens=java.prefs/java.util.prefs=ALL-UNNAMED --add-opens=java.prefs/java.util.prefs=ALL-UNNAMED --add-opens=java.base/java.nio.charset=ALL-UNNAMED --add-opens=java.base/java.net=ALL-UNNAMED --add-opens=java.base/java.util.concurrent.atomic=ALL-UNNAMED -Xmx2048m -Dfile.encoding=UTF-8 -Duser.country=US -Duser.language=en -Duser.variant 
java_command: org.gradle.launcher.daemon.bootstrap.GradleDaemon 7.3.3
java_class_path (initial): C:\Users\Omaraldin\.gradle\wrapper\dists\gradle-7.3.3-bin\6a41zxkdtcxs8rphpq6y0069z\gradle-7.3.3\lib\gradle-launcher-7.3.3.jar
Launcher Type: SUN_STANDARD

[Global flags]
     intx CICompilerCount                          = 4                                         {product} {ergonomic}
     uint ConcGCThreads                            = 2                                         {product} {ergonomic}
     uint G1ConcRefinementThreads                  = 8                                         {product} {ergonomic}
   size_t G1HeapRegionSize                         = 1048576                                   {product} {ergonomic}
    uintx GCDrainStackTargetSize                   = 64                                        {product} {ergonomic}
   size_t InitialHeapSize                          = 266338304                                 {product} {ergonomic}
   size_t MarkStackSize                            = 4194304                                   {product} {ergonomic}
   size_t MaxHeapSize                              = 2147483648                                {product} {command line}
   size_t MaxNewSize                               = 1287651328                                {product} {ergonomic}
   size_t MinHeapDeltaBytes                        = 1048576                                   {product} {ergonomic}
    uintx NonNMethodCodeHeapSize                   = 5836300                                {pd product} {ergonomic}
    uintx NonProfiledCodeHeapSize                  = 122910970                              {pd product} {ergonomic}
    uintx ProfiledCodeHeapSize                     = 122910970                              {pd product} {ergonomic}
    uintx ReservedCodeCacheSize                    = 251658240                              {pd product} {ergonomic}
     bool SegmentedCodeCache                       = true                                      {product} {ergonomic}
     bool UseCompressedClassPointers               = true                                 {lp64_product} {ergonomic}
     bool UseCompressedOops                        = true                                 {lp64_product} {ergonomic}
     bool UseG1GC                                  = true                                      {product} {ergonomic}
     bool UseLargePagesIndividualAllocation        = false                                  {pd product} {ergonomic}

Logging:
Log output configuration:
 #0: stdout all=warning uptime,level,tags
 #1: stderr all=off uptime,level,tags

Environment Variables:
PATH=C:\Program Files\Common Files\Oracle\Java\javapath;C:\Program Files\Python310\Scripts\;C:\Program Files\Python310\;C:\Windows\system32;C:\Windows;C:\Windows\System32\Wbem;C:\Windows\System32\WindowsPowerShell\v1.0\;C:\Windows\System32\OpenSSH\;C:\Program Files\dotnet\;C:\Program Files (x86)\Intel\Intel(R) Management Engine Components\DAL;C:\Program Files\Intel\Intel(R) Management Engine Components\DAL;C:\Program Files\nodejs\;C:\ProgramData\chocolatey\bin;D:\Program Files\flutter\bin;C:\Program Files\Git\cmd;D:\Program Data\Android\Sdk\platform-tools;D:\Program Files\Java\jdk-18.0.2.1\bin;;C:\Program Files\Docker\Docker\resources\bin;C:\ProgramData\DockerDesktop\version-bin;D:\Program Files\CMake\bin;C:\Users\Omaraldin\AppData\Local\Microsoft\WindowsApps;C:\Users\Omaraldin\AppData\Roaming\npm;C:\Users\Omaraldin\AppData\Local\Programs\Microsoft VS Code\bin;C:\Users\Omaraldin\AppData\Local\JetBrains\Toolbox\scripts;D:\Program Data\tools\dart-sdk\bin;C:\Users\Omaraldin\AppData\Roaming\Pub\Cache\bin;D:\Program Files\JetBrains\CLion 2022.3.2\bin;
USERNAME=Omaraldin
OS=Windows_NT
PROCESSOR_IDENTIFIER=Intel64 Family 6 Model 94 Stepping 3, GenuineIntel



---------------  S Y S T E M  ---------------

OS: Windows 10 , 64 bit Build 22000 (10.0.22000.1516)
OS uptime: 12 days 16:59 hours
Hyper-V role detected

CPU:total 8 (initial active 8) (4 cores per cpu, 2 threads per core) family 6 model 94 stepping 3 microcode 0xf0, cmov, cx8, fxsr, mmx, sse, sse2, sse3, ssse3, sse4.1, sse4.2, popcnt, avx, avx2, aes, clmul, erms, rtm, 3dnowpref, lzcnt, ht, tsc, tscinvbit, bmi1, bmi2, adx, fma

Memory: 4k page, system-wide physical 16233M (1939M free)
TotalPageFile size 34257M (AvailPageFile size 5M)
current process WorkingSet (physical memory assigned to process): 286M, peak: 287M
current process commit charge ("private bytes"): 447M, peak: 449M

vm_info: OpenJDK 64-Bit Server VM (11.0.12+7-b1504.28-7817840) for windows-amd64 JRE (11.0.12+7-b1504.28-7817840), built on Oct 13 2021 22:12:33 by "builder" with MS VC++ 14.0 (VS2015)

END.
